<?xml version='1.0' encoding='UTF-8'?>
<testsuite hostname="192.168.0.5" name="TheOneTest" tests="7" errors="0" failures="0" skipped="0" time="0.012" timestamp="2024-04-22T12:19:31">
          <properties>
[...]
</properties>
          <testcase classname="TheOneTest" name="Should filter non-word chars and replace them with a space" time="0.008">
                      
                    </testcase><testcase classname="TheOneTest" name="Should normalize, make it all lowercase" time="0.0">
                      
                    </testcase><testcase classname="TheOneTest" name="Should scan, split the raw text into an array of words" time="0.001">
                      
                    </testcase><testcase classname="TheOneTest" name="Should remove all stop words, the ones we don't care" time="0.0">
                      
                    </testcase><testcase classname="TheOneTest" name="Should correctly map how many words there are" time="0.001">
                      
                    </testcase><testcase classname="TheOneTest" name="Should sort the most common words" time="0.001">
                      
                    </testcase><testcase classname="TheOneTest" name="Should get the most frequent words from an ordered list" time="0.001">
                      
                    </testcase>
          <system-out><![CDATA[]]></system-out>
          <system-err><![CDATA[]]></system-err>
        </testsuite>