2024.04.20 10:57:39 INFO  Started: Metals version 1.3.0 in folders '/Users/mateusoliveirasantos/Documents/estudos/unb/tec_prog/code/the-one' for client Visual Studio Code 1.88.1.[0m
SLF4J: Class path contains multiple SLF4J providers.
SLF4J: Found provider [scribe.slf4j.ScribeServiceProvider@391f8e7a]
SLF4J: Found provider [ch.qos.logback.classic.spi.LogbackServiceProvider@2dda8253]
SLF4J: See https://www.slf4j.org/codes.html#multiple_bindings for an explanation.
SLF4J: Actual provider is of type [scribe.slf4j.ScribeServiceProvider@391f8e7a]
2024.04.20 10:57:39 WARN  Flyway upgrade recommended: H2 2.2.224 is newer than this version of Flyway and support has not been tested. The latest supported version of H2 is 2.2.220.[0m
2024.04.20 10:57:44 INFO  running '/Users/mateusoliveirasantos/Library/Application Support/Coursier/bin/sbt -Dbloop.export-jar-classifiers=sources bloopInstall'[0m
2024.04.20 10:57:44 WARN  no build target for: /Users/mateusoliveirasantos/Documents/estudos/unb/tec_prog/code/the-one/project/metals.sbt[0m
2024.04.20 10:57:44 WARN  no build target for: /Users/mateusoliveirasantos/Documents/estudos/unb/tec_prog/code/the-one/project/project/metals.sbt[0m
2024.04.20 10:57:45 INFO  [info] welcome to sbt 1.9.9 (Homebrew Java 21.0.2)[0m
2024.04.20 10:57:46 INFO  [info] loading settings for project the-one-build-build from metals.sbt ...[0m
2024.04.20 10:57:46 INFO  [info] loading project definition from /Users/mateusoliveirasantos/Documents/estudos/unb/tec_prog/code/the-one/project/project[0m
2024.04.20 10:57:49 INFO  [info] loading settings for project the-one-build from metals.sbt ...[0m
2024.04.20 10:57:49 INFO  [info] loading project definition from /Users/mateusoliveirasantos/Documents/estudos/unb/tec_prog/code/the-one/project[0m
2024.04.20 10:57:51 INFO  [success] Generated .bloop/the-one-build.json[0m
2024.04.20 10:57:51 INFO  [success] Total time: 1 s, completed Apr 20, 2024, 10:57:51â€¯AM[0m
2024.04.20 10:57:51 INFO  [info] loading settings for project the-one from build.sbt ...[0m
2024.04.20 10:57:52 INFO  [info] set current project to hello-world (in build file:/Users/mateusoliveirasantos/Documents/estudos/unb/tec_prog/code/the-one/)[0m
2024.04.20 10:57:53 INFO  [success] Generated .bloop/the-one.json[0m
2024.04.20 10:57:53 INFO  [success] Generated .bloop/the-one-test.json[0m
2024.04.20 10:57:53 INFO  [success] Total time: 1 s, completed Apr 20, 2024, 10:57:53â€¯AM[0m
2024.04.20 10:57:53 INFO  time: ran 'sbt bloopInstall' in 9.31s[0m
2024.04.20 10:57:53 INFO  Attempting to connect to the build server...[0m
2024.04.20 10:57:53 INFO  Setting up current java home /opt/homebrew/Cellar/openjdk/21.0.2/libexec/openjdk.jdk/Contents/Home in /Users/mateusoliveirasantos/.bloop/bloop.json[0m
2024.04.20 10:57:55 INFO  no build target found for /Users/mateusoliveirasantos/Documents/estudos/unb/tec_prog/code/the-one/project/project/metals.sbt. Using presentation compiler with project's scala-library version: 3.3.3[0m
2024.04.20 10:58:03 INFO  tracing is disabled for protocol BSP, to enable tracing of incoming and outgoing JSON messages create an empty file at /Users/mateusoliveirasantos/Documents/estudos/unb/tec_prog/code/the-one/.metals/bsp.trace.json or /Users/mateusoliveirasantos/Library/Caches/org.scalameta.metals/bsp.trace.json[0m
2024.04.20 10:58:06 INFO  Attempting to connect to the build server...[0m
2024.04.20 10:58:06 INFO  tracing is disabled for protocol BSP, to enable tracing of incoming and outgoing JSON messages create an empty file at /Users/mateusoliveirasantos/Documents/estudos/unb/tec_prog/code/the-one/project/.metals/bsp.trace.json or /Users/mateusoliveirasantos/Library/Caches/org.scalameta.metals/bsp.trace.json[0m
2024.04.20 10:58:08 INFO  time: Connected to build server in 14s[0m
2024.04.20 10:58:08 INFO  Connected to Build server: Bloop v1.5.17[0m
2024.04.20 10:58:15 INFO  time: indexed workspace in 7.14s[0m
2024.04.20 10:58:42 INFO  compiling the-one (1 scala source)[0m
2024.04.20 10:58:44 INFO  time: compiled the-one in 2.12s[0m
2024.04.20 11:16:46 INFO  time: code lens generation in 1.1s[0m
2024.04.20 11:16:50 INFO  skipping build import with status 'Installed'[0m
2024.04.20 11:16:50 INFO  Disconnecting from Bloop session...[0m
2024.04.20 11:16:50 INFO  Shut down connection with build server.[0m
2024.04.20 11:16:50 INFO  Shut down connection with build server.[0m
Apr 20, 2024 11:16:50 AM org.eclipse.lsp4j.jsonrpc.RemoteEndpoint notify
INFO: Failed to send notification message.
org.eclipse.lsp4j.jsonrpc.JsonRpcException: java.nio.channels.AsynchronousCloseException
	at org.eclipse.lsp4j.jsonrpc.json.StreamMessageConsumer.consume(StreamMessageConsumer.java:72)
	at org.eclipse.lsp4j.jsonrpc.RemoteEndpoint.notify(RemoteEndpoint.java:126)
	at org.eclipse.lsp4j.jsonrpc.RemoteEndpoint.sendCancelNotification(RemoteEndpoint.java:180)
	at org.eclipse.lsp4j.jsonrpc.RemoteEndpoint$1.cancel(RemoteEndpoint.java:150)
	at scala.meta.internal.metals.utils.FutureWithTimeout$$anon$1.$anonfun$cancel$1(FutureWithTimeout.scala:37)
	at scala.runtime.java8.JFunction0$mcZ$sp.apply(JFunction0$mcZ$sp.scala:17)
	at scala.util.Try$.apply(Try.scala:217)
	at scala.meta.internal.metals.utils.FutureWithTimeout$$anon$1.cancel(FutureWithTimeout.scala:37)
	at scala.meta.internal.metals.Cancelable$.$anonfun$cancelAll$1(Cancelable.scala:29)
	at scala.collection.immutable.List.foreach(List.scala:334)
	at scala.meta.internal.metals.Cancelable$.cancelAll(Cancelable.scala:28)
	at scala.meta.internal.metals.MutableCancelable.cancel(MutableCancelable.scala:25)
	at scala.meta.internal.metals.utils.RequestRegistry.cancel(RequestRegistry.scala:94)
	at scala.meta.internal.metals.BuildServerConnection.cancel(BuildServerConnection.scala:411)
	at scala.meta.internal.metals.BuildServerConnection.$anonfun$shutdown$1(BuildServerConnection.scala:175)
	at scala.meta.internal.metals.BuildServerConnection.$anonfun$shutdown$1$adapted(BuildServerConnection.scala:167)
	at scala.concurrent.impl.Promise$Transformation.run(Promise.scala:467)
	at java.base/java.util.concurrent.ThreadPoolExecutor.runWorker(ThreadPoolExecutor.java:1144)
	at java.base/java.util.concurrent.ThreadPoolExecutor$Worker.run(ThreadPoolExecutor.java:642)
	at java.base/java.lang.Thread.run(Thread.java:1583)
Caused by: java.nio.channels.AsynchronousCloseException
	at java.base/java.nio.channels.spi.AbstractInterruptibleChannel.end(AbstractInterruptibleChannel.java:203)
	at java.base/sun.nio.ch.SinkChannelImpl.endWrite(SinkChannelImpl.java:268)
	at java.base/sun.nio.ch.SinkChannelImpl.write(SinkChannelImpl.java:290)
	at java.base/sun.nio.ch.ChannelOutputStream.writeFully(ChannelOutputStream.java:68)
	at java.base/sun.nio.ch.ChannelOutputStream.write(ChannelOutputStream.java:102)
	at java.base/java.io.OutputStream.write(OutputStream.java:124)
	at java.base/sun.nio.ch.ChannelOutputStream.write(ChannelOutputStream.java:79)
	at scala.meta.internal.metals.ClosableOutputStream.write(ClosableOutputStream.scala:26)
	at java.base/java.io.FilterOutputStream.write(FilterOutputStream.java:139)
	at java.base/java.io.FilterOutputStream.write(FilterOutputStream.java:110)
	at org.eclipse.lsp4j.jsonrpc.json.StreamMessageConsumer.consume(StreamMessageConsumer.java:67)
	... 19 more

2024.04.20 11:16:50 INFO  Attempting to connect to the build server...[0m
2024.04.20 11:16:50 INFO  tracing is disabled for protocol BSP, to enable tracing of incoming and outgoing JSON messages create an empty file at /Users/mateusoliveirasantos/Documents/estudos/unb/tec_prog/code/the-one/.metals/bsp.trace.json or /Users/mateusoliveirasantos/Library/Caches/org.scalameta.metals/bsp.trace.json[0m
2024.04.20 11:16:50 INFO  Attempting to connect to the build server...[0m
2024.04.20 11:16:50 INFO  tracing is disabled for protocol BSP, to enable tracing of incoming and outgoing JSON messages create an empty file at /Users/mateusoliveirasantos/Documents/estudos/unb/tec_prog/code/the-one/project/.metals/bsp.trace.json or /Users/mateusoliveirasantos/Library/Caches/org.scalameta.metals/bsp.trace.json[0m
2024.04.20 11:16:50 INFO  time: Connected to build server in 47ms[0m
2024.04.20 11:16:50 INFO  Connected to Build server: Bloop v1.5.17[0m
2024.04.20 11:16:52 INFO  time: indexed workspace in 1.9s[0m
2024.04.20 11:16:58 INFO  time: code lens generation in 1.55s[0m
2024.04.20 11:16:58 INFO  time: code lens generation in 5.59s[0m
Apr 20, 2024 11:16:58 AM org.eclipse.lsp4j.jsonrpc.RemoteEndpoint handleCancellation
WARNING: Unmatched cancel notification for request id 71
Apr 20, 2024 11:16:58 AM org.eclipse.lsp4j.jsonrpc.RemoteEndpoint handleCancellation
WARNING: Unmatched cancel notification for request id 76
2024.04.20 11:17:02 INFO  running '/Users/mateusoliveirasantos/Library/Application Support/Coursier/bin/sbt -Dbloop.export-jar-classifiers=sources bloopInstall'[0m
2024.04.20 11:17:03 INFO  [info] welcome to sbt 1.9.9 (Homebrew Java 21.0.2)[0m
2024.04.20 11:17:03 INFO  [info] loading settings for project the-one-build-build from metals.sbt ...[0m
2024.04.20 11:17:03 INFO  [info] loading project definition from /Users/mateusoliveirasantos/Documents/estudos/unb/tec_prog/code/the-one/project/project[0m
2024.04.20 11:17:05 INFO  [info] loading settings for project the-one-build from metals.sbt ...[0m
2024.04.20 11:17:05 INFO  [info] loading project definition from /Users/mateusoliveirasantos/Documents/estudos/unb/tec_prog/code/the-one/project[0m
2024.04.20 11:17:05 INFO  [success] Generated .bloop/the-one-build.json[0m
2024.04.20 11:17:05 INFO  [success] Total time: 1 s, completed Apr 20, 2024, 11:17:06â€¯AM[0m
2024.04.20 11:17:07 INFO  [info] loading settings for project the-one from build.sbt ...[0m
2024.04.20 11:17:07 INFO  [info] set current project to hello-world (in build file:/Users/mateusoliveirasantos/Documents/estudos/unb/tec_prog/code/the-one/)[0m
2024.04.20 11:17:10 INFO  [success] Generated .bloop/the-one-test.json[0m
2024.04.20 11:17:10 INFO  [success] Generated .bloop/the-one.json[0m
2024.04.20 11:17:10 INFO  [success] Total time: 4 s, completed Apr 20, 2024, 11:17:10â€¯AM[0m
2024.04.20 11:17:10 INFO  time: ran 'sbt bloopInstall' in 8.34s[0m
2024.04.20 11:17:10 INFO  Disconnecting from Bloop session...[0m
2024.04.20 11:17:10 INFO  Shut down connection with build server.[0m
2024.04.20 11:17:10 INFO  Shut down connection with build server.[0m
2024.04.20 11:17:10 INFO  Attempting to connect to the build server...[0m
2024.04.20 11:17:10 INFO  tracing is disabled for protocol BSP, to enable tracing of incoming and outgoing JSON messages create an empty file at /Users/mateusoliveirasantos/Documents/estudos/unb/tec_prog/code/the-one/.metals/bsp.trace.json or /Users/mateusoliveirasantos/Library/Caches/org.scalameta.metals/bsp.trace.json[0m
2024.04.20 11:17:10 INFO  Attempting to connect to the build server...[0m
2024.04.20 11:17:10 INFO  tracing is disabled for protocol BSP, to enable tracing of incoming and outgoing JSON messages create an empty file at /Users/mateusoliveirasantos/Documents/estudos/unb/tec_prog/code/the-one/project/.metals/bsp.trace.json or /Users/mateusoliveirasantos/Library/Caches/org.scalameta.metals/bsp.trace.json[0m
2024.04.20 11:17:10 INFO  time: Connected to build server in 49ms[0m
2024.04.20 11:17:10 INFO  Connected to Build server: Bloop v1.5.17[0m
2024.04.20 11:17:13 INFO  time: indexed workspace in 2.44s[0m
Apr 20, 2024 11:19:53 AM org.eclipse.lsp4j.jsonrpc.RemoteEndpoint handleCancellation
WARNING: Unmatched cancel notification for request id 146
Apr 20, 2024 11:19:55 AM scala.meta.internal.pc.CompilerAccess handleError
SEVERE: A severe compiler error occurred, full details of the error can be found in the error report /Users/mateusoliveirasantos/Documents/estudos/unb/tec_prog/code/the-one/.metals/.reports/metals-full/2024-04-20/r_compiler-error_11-19-55-512.md
Apr 20, 2024 11:20:05 AM scala.meta.internal.pc.CompilerAccess handleError
SEVERE: A severe compiler error occurred, full details of the error can be found in the error report /Users/mateusoliveirasantos/Documents/estudos/unb/tec_prog/code/the-one/.metals/.reports/metals-full/2024-04-20/r_compiler-error_11-20-05-079.md
2024.04.20 11:20:19 WARN  no build target for: /Users/mateusoliveirasantos/Documents/estudos/unb/tec_prog/code/the-one/src/test/TheOneTest.scala[0m
2024.04.20 11:20:44 WARN  no build target for: /Users/mateusoliveirasantos/Documents/estudos/unb/tec_prog/code/the-one/src/test/TheOneTest.scala[0m
2024.04.20 11:20:48 WARN  no build target for: /Users/mateusoliveirasantos/Documents/estudos/unb/tec_prog/code/the-one/src/test/TheOneTest.scala[0m
Apr 20, 2024 11:20:59 AM org.eclipse.lsp4j.jsonrpc.RemoteEndpoint handleCancellation
WARNING: Unmatched cancel notification for request id 304
2024.04.20 11:21:02 INFO  Shutting down server[0m
2024.04.20 11:21:02 INFO  shutting down Metals[0m
2024.04.20 11:21:02 INFO  Shut down connection with build server.[0m
2024.04.20 11:21:02 INFO  Shut down connection with build server.[0m
2024.04.20 11:21:02 INFO  Exiting server[0m
2024.04.20 11:21:06 INFO  Started: Metals version 1.3.0 in folders '/Users/mateusoliveirasantos/Documents/estudos/unb/tec_prog/code/the-one' for client Visual Studio Code 1.88.1.[0m
SLF4J: Class path contains multiple SLF4J providers.
SLF4J: Found provider [scribe.slf4j.ScribeServiceProvider@2b325fdc]
SLF4J: Found provider [ch.qos.logback.classic.spi.LogbackServiceProvider@6e2bfa46]
SLF4J: See https://www.slf4j.org/codes.html#multiple_bindings for an explanation.
SLF4J: Actual provider is of type [scribe.slf4j.ScribeServiceProvider@2b325fdc]
2024.04.20 11:21:06 WARN  Flyway upgrade recommended: H2 2.2.224 is newer than this version of Flyway and support has not been tested. The latest supported version of H2 is 2.2.220.[0m
2024.04.20 11:21:07 INFO  Attempting to connect to the build server...[0m
2024.04.20 11:21:07 INFO  tracing is disabled for protocol BSP, to enable tracing of incoming and outgoing JSON messages create an empty file at /Users/mateusoliveirasantos/Documents/estudos/unb/tec_prog/code/the-one/.metals/bsp.trace.json or /Users/mateusoliveirasantos/Library/Caches/org.scalameta.metals/bsp.trace.json[0m
2024.04.20 11:21:07 INFO  Attempting to connect to the build server...[0m
2024.04.20 11:21:07 INFO  tracing is disabled for protocol BSP, to enable tracing of incoming and outgoing JSON messages create an empty file at /Users/mateusoliveirasantos/Documents/estudos/unb/tec_prog/code/the-one/project/.metals/bsp.trace.json or /Users/mateusoliveirasantos/Library/Caches/org.scalameta.metals/bsp.trace.json[0m
2024.04.20 11:21:07 INFO  time: Connected to build server in 0.62s[0m
2024.04.20 11:21:07 INFO  Connected to Build server: Bloop v1.5.17[0m
2024.04.20 11:21:13 INFO  no build target found for /Users/mateusoliveirasantos/Documents/estudos/unb/tec_prog/code/the-one/src/test/TheOneTest.scala. Using presentation compiler with project's scala-library version: 3.3.3[0m
2024.04.20 11:21:16 INFO  time: indexed workspace in 2.58s[0m
2024.04.20 11:21:16 WARN  no build target for: /Users/mateusoliveirasantos/Documents/estudos/unb/tec_prog/code/the-one/src/test/TheOneTest.scala[0m
2024.04.20 11:22:43 WARN  no build target for: /Users/mateusoliveirasantos/Documents/estudos/unb/tec_prog/code/the-one/src/test/TheOneTest.scala[0m
2024.04.20 11:22:52 INFO  time: code lens generation in 1.27s[0m
2024.04.20 11:24:05 INFO  running '/Users/mateusoliveirasantos/Library/Application Support/Coursier/bin/sbt -Dbloop.export-jar-classifiers=sources bloopInstall'[0m
2024.04.20 11:24:07 INFO  [info] welcome to sbt 1.9.9 (Homebrew Java 21.0.2)[0m
2024.04.20 11:24:07 INFO  [info] loading settings for project the-one-build-build from metals.sbt ...[0m
2024.04.20 11:24:07 INFO  [info] loading project definition from /Users/mateusoliveirasantos/Documents/estudos/unb/tec_prog/code/the-one/project/project[0m
2024.04.20 11:24:08 INFO  [info] loading settings for project the-one-build from metals.sbt ...[0m
2024.04.20 11:24:08 INFO  [info] loading project definition from /Users/mateusoliveirasantos/Documents/estudos/unb/tec_prog/code/the-one/project[0m
2024.04.20 11:24:08 INFO  [success] Generated .bloop/the-one-build.json[0m
2024.04.20 11:24:08 INFO  [success] Total time: 1 s, completed Apr 20, 2024, 11:24:09â€¯AM[0m
2024.04.20 11:24:09 INFO  [info] loading settings for project the-one from build.sbt ...[0m
2024.04.20 11:24:09 INFO  [info] set current project to hello-world (in build file:/Users/mateusoliveirasantos/Documents/estudos/unb/tec_prog/code/the-one/)[0m
2024.04.20 11:24:09 INFO  [success] Generated .bloop/the-one.json[0m
2024.04.20 11:24:09 INFO  [success] Generated .bloop/the-one-test.json[0m
2024.04.20 11:24:09 INFO  [success] Total time: 0 s, completed Apr 20, 2024, 11:24:09â€¯AM[0m
2024.04.20 11:24:09 INFO  time: ran 'sbt bloopInstall' in 3.83s[0m
2024.04.20 11:24:09 INFO  Disconnecting from Bloop session...[0m
2024.04.20 11:24:09 INFO  Shut down connection with build server.[0m
2024.04.20 11:24:09 INFO  Shut down connection with build server.[0m
2024.04.20 11:24:09 INFO  Attempting to connect to the build server...[0m
2024.04.20 11:24:09 INFO  tracing is disabled for protocol BSP, to enable tracing of incoming and outgoing JSON messages create an empty file at /Users/mateusoliveirasantos/Documents/estudos/unb/tec_prog/code/the-one/.metals/bsp.trace.json or /Users/mateusoliveirasantos/Library/Caches/org.scalameta.metals/bsp.trace.json[0m
2024.04.20 11:24:09 INFO  Attempting to connect to the build server...[0m
2024.04.20 11:24:09 INFO  tracing is disabled for protocol BSP, to enable tracing of incoming and outgoing JSON messages create an empty file at /Users/mateusoliveirasantos/Documents/estudos/unb/tec_prog/code/the-one/project/.metals/bsp.trace.json or /Users/mateusoliveirasantos/Library/Caches/org.scalameta.metals/bsp.trace.json[0m
2024.04.20 11:24:09 INFO  time: Connected to build server in 40ms[0m
2024.04.20 11:24:09 INFO  Connected to Build server: Bloop v1.5.17[0m
2024.04.20 11:24:11 INFO  time: indexed workspace in 1.94s[0m
2024.04.20 11:24:11 WARN  no build target for: /Users/mateusoliveirasantos/Documents/estudos/unb/tec_prog/code/the-one/src/test/TheOneTest.scala[0m
2024.04.20 11:24:17 INFO  time: code lens generation in 5.2s[0m
2024.04.20 11:24:26 WARN  no build target for: /Users/mateusoliveirasantos/Documents/estudos/unb/tec_prog/code/the-one/src/test/TheOneTest.scala[0m
Apr 20, 2024 11:25:26 AM org.eclipse.lsp4j.jsonrpc.RemoteEndpoint handleCancellation
WARNING: Unmatched cancel notification for request id 123
2024.04.20 11:28:31 WARN  no build target for: /Users/mateusoliveirasantos/Documents/estudos/unb/tec_prog/code/the-one/src/test/TheOneTest.scala[0m
2024.04.20 11:28:31 WARN  no build target for: /Users/mateusoliveirasantos/Documents/estudos/unb/tec_prog/code/the-one/src/test/TheOneTest.scala[0m
2024.04.20 11:28:31 WARN  no build target for: /Users/mateusoliveirasantos/Documents/estudos/unb/tec_prog/code/the-one/src/test/TheOneTest.scala[0m
Apr 20, 2024 11:29:17 AM org.eclipse.lsp4j.jsonrpc.RemoteEndpoint handleCancellation
WARNING: Unmatched cancel notification for request id 237
2024.04.20 11:30:48 INFO  compiling the-one (1 scala source)[0m
2024.04.20 11:30:48 INFO  time: compiled the-one in 0.13s[0m
2024.04.20 11:30:58 INFO  compiling the-one (1 scala source)[0m
2024.04.20 11:30:58 INFO  time: compiled the-one in 73ms[0m
2024.04.20 11:31:00 INFO  compiling the-one (1 scala source)[0m
2024.04.20 11:31:00 INFO  time: compiled the-one in 65ms[0m
2024.04.20 11:31:58 INFO  compiling the-one (1 scala source)[0m
2024.04.20 11:31:58 INFO  time: compiled the-one in 68ms[0m
Apr 20, 2024 11:32:51 AM org.eclipse.lsp4j.jsonrpc.RemoteEndpoint handleCancellation
WARNING: Unmatched cancel notification for request id 635
2024.04.20 11:32:58 INFO  compiling the-one (1 scala source)[0m
2024.04.20 11:32:58 INFO  time: compiled the-one in 75ms[0m
2024.04.20 11:33:03 INFO  compiling the-one (1 scala source)[0m
2024.04.20 11:33:03 INFO  time: compiled the-one in 62ms[0m
2024.04.20 11:33:03 WARN  Using indexes to guess the definition of Source[0m
Apr 20, 2024 11:33:04 AM org.eclipse.lsp4j.jsonrpc.RemoteEndpoint handleCancellation
WARNING: Unmatched cancel notification for request id 716
Apr 20, 2024 11:33:05 AM scala.meta.internal.pc.CompilerAccess retryWithCleanCompiler
INFO: compiler crashed due to an error in the Scala compiler, retrying with new compiler instance.
Apr 20, 2024 11:33:05 AM scala.meta.internal.pc.CompilerAccess handleError
SEVERE: A severe compiler error occurred, full details of the error can be found in the error report /Users/mateusoliveirasantos/Documents/estudos/unb/tec_prog/code/the-one/.metals/.reports/metals-full/2024-04-20/r_compiler-error_(the-one)_11-33-05-618.md
2024.04.20 11:33:05 INFO  compiling the-one (1 scala source)[0m
2024.04.20 11:33:05 INFO  time: compiled the-one in 35ms[0m
Apr 20, 2024 11:33:12 AM scala.meta.internal.pc.CompilerAccess retryWithCleanCompiler
INFO: compiler crashed due to an error in the Scala compiler, retrying with new compiler instance.
2024.04.20 11:33:12 INFO  compiling the-one (1 scala source)[0m
Apr 20, 2024 11:33:12 AM scala.meta.internal.pc.CompilerAccess handleError
SEVERE: A severe compiler error occurred, full details of the error can be found in the error report /Users/mateusoliveirasantos/Documents/estudos/unb/tec_prog/code/the-one/.metals/.reports/metals-full/2024-04-20/r_compiler-error_(the-one)_11-33-12-936.md
2024.04.20 11:33:12 INFO  time: compiled the-one in 32ms[0m
Apr 20, 2024 11:33:12 AM scala.meta.internal.pc.CompilerAccess retryWithCleanCompiler
INFO: compiler crashed due to an error in the Scala compiler, retrying with new compiler instance.
Apr 20, 2024 11:33:12 AM scala.meta.internal.pc.CompilerAccess handleError
SEVERE: A severe compiler error occurred, full details of the error can be found in the error report /Users/mateusoliveirasantos/Documents/estudos/unb/tec_prog/code/the-one/.metals/.reports/metals-full/2024-04-20/r_compiler-error_(the-one)_11-33-12-992.md
2024.04.20 11:33:13 WARN  Using indexes to guess the definition of Source[0m
2024.04.20 11:33:16 INFO  compiling the-one (1 scala source)[0m
2024.04.20 11:33:16 INFO  time: compiled the-one in 24ms[0m
2024.04.20 11:33:19 INFO  compiling the-one (1 scala source)[0m
2024.04.20 11:33:19 INFO  time: compiled the-one in 66ms[0m
2024.04.20 11:33:25 INFO  compiling the-one (1 scala source)[0m
2024.04.20 11:33:25 INFO  time: compiled the-one in 66ms[0m
2024.04.20 11:33:28 INFO  compiling the-one (1 scala source)[0m
2024.04.20 11:33:28 INFO  time: compiled the-one in 57ms[0m
2024.04.20 11:33:31 INFO  compiling the-one (1 scala source)[0m
2024.04.20 11:33:31 INFO  time: compiled the-one in 59ms[0m
Apr 20, 2024 11:33:33 AM scala.meta.internal.pc.CompilerAccess retryWithCleanCompiler
INFO: compiler crashed due to an error in the Scala compiler, retrying with new compiler instance.
Apr 20, 2024 11:33:33 AM scala.meta.internal.pc.CompilerAccess handleError
SEVERE: A severe compiler error occurred, full details of the error can be found in the error report /Users/mateusoliveirasantos/Documents/estudos/unb/tec_prog/code/the-one/.metals/.reports/metals-full/2024-04-20/r_compiler-error_(the-one)_11-33-33-377.md
Apr 20, 2024 11:33:33 AM scala.meta.internal.pc.CompilerAccess retryWithCleanCompiler
INFO: compiler crashed due to an error in the Scala compiler, retrying with new compiler instance.
Apr 20, 2024 11:33:33 AM scala.meta.internal.pc.CompilerAccess handleError
SEVERE: A severe compiler error occurred, full details of the error can be found in the error report /Users/mateusoliveirasantos/Documents/estudos/unb/tec_prog/code/the-one/.metals/.reports/metals-full/2024-04-20/r_compiler-error_(the-one)_11-33-33-487.md
2024.04.20 11:33:33 INFO  compiling the-one (1 scala source)[0m
2024.04.20 11:33:33 INFO  time: compiled the-one in 40ms[0m
2024.04.20 11:33:40 INFO  compiling the-one (1 scala source)[0m
2024.04.20 11:33:40 INFO  time: compiled the-one in 52ms[0m
Apr 20, 2024 11:33:43 AM scala.meta.internal.pc.CompilerAccess retryWithCleanCompiler
INFO: compiler crashed due to an error in the Scala compiler, retrying with new compiler instance.
Apr 20, 2024 11:33:43 AM scala.meta.internal.pc.CompilerAccess handleError
SEVERE: A severe compiler error occurred, full details of the error can be found in the error report /Users/mateusoliveirasantos/Documents/estudos/unb/tec_prog/code/the-one/.metals/.reports/metals-full/2024-04-20/r_compiler-error_(the-one)_11-33-43-367.md
2024.04.20 11:33:43 WARN  Using indexes to guess the definition of Source[0m
Apr 20, 2024 11:33:44 AM scala.meta.internal.pc.CompilerAccess retryWithCleanCompiler
INFO: compiler crashed due to an error in the Scala compiler, retrying with new compiler instance.
Apr 20, 2024 11:33:44 AM scala.meta.internal.pc.CompilerAccess handleError
SEVERE: A severe compiler error occurred, full details of the error can be found in the error report /Users/mateusoliveirasantos/Documents/estudos/unb/tec_prog/code/the-one/.metals/.reports/metals-full/2024-04-20/r_compiler-error_(the-one)_11-33-44-878.md
2024.04.20 11:33:44 WARN  Using indexes to guess the definition of Source[0m
Apr 20, 2024 11:33:51 AM scala.meta.internal.pc.CompilerAccess retryWithCleanCompiler
INFO: compiler crashed due to an error in the Scala compiler, retrying with new compiler instance.
Apr 20, 2024 11:33:51 AM scala.meta.internal.pc.CompilerAccess handleError
SEVERE: A severe compiler error occurred, full details of the error can be found in the error report /Users/mateusoliveirasantos/Documents/estudos/unb/tec_prog/code/the-one/.metals/.reports/metals-full/2024-04-20/r_compiler-error_(the-one)_11-33-51-633.md
Apr 20, 2024 11:33:51 AM scala.meta.internal.pc.CompilerAccess retryWithCleanCompiler
INFO: compiler crashed due to an error in the Scala compiler, retrying with new compiler instance.
2024.04.20 11:33:51 INFO  compiling the-one (1 scala source)[0m
Apr 20, 2024 11:33:51 AM scala.meta.internal.pc.CompilerAccess handleError
SEVERE: A severe compiler error occurred, full details of the error can be found in the error report /Users/mateusoliveirasantos/Documents/estudos/unb/tec_prog/code/the-one/.metals/.reports/metals-full/2024-04-20/r_compiler-error_(the-one)_11-33-51-944.md
2024.04.20 11:33:51 INFO  time: compiled the-one in 38ms[0m
Apr 20, 2024 11:33:52 AM scala.meta.internal.pc.CompilerAccess retryWithCleanCompiler
INFO: compiler crashed due to an error in the Scala compiler, retrying with new compiler instance.
Apr 20, 2024 11:33:52 AM scala.meta.internal.pc.CompilerAccess handleError
SEVERE: A severe compiler error occurred, full details of the error can be found in the error report /Users/mateusoliveirasantos/Documents/estudos/unb/tec_prog/code/the-one/.metals/.reports/metals-full/2024-04-20/r_compiler-error_(the-one)_11-33-52-960.md
2024.04.20 11:33:53 WARN  Using indexes to guess the definition of Source[0m
2024.04.20 11:34:01 INFO  compiling the-one (1 scala source)[0m
2024.04.20 11:34:01 INFO  time: compiled the-one in 48ms[0m
2024.04.20 15:46:24 INFO  compiling the-one (1 scala source)[0m
2024.04.20 15:46:24 INFO  time: compiled the-one in 0.39s[0m
2024.04.20 15:53:55 INFO  compiling the-one (1 scala source)[0m
2024.04.20 15:53:55 INFO  time: compiled the-one in 0.12s[0m
2024.04.20 15:53:58 INFO  compiling the-one (1 scala source)[0m
2024.04.20 15:53:58 INFO  time: compiled the-one in 0.28s[0m
2024.04.20 15:58:04 INFO  compiling the-one (1 scala source)[0m
2024.04.20 15:58:04 WARN  Using indexes to guess the definition of TheOne[0m
2024.04.20 15:58:04 INFO  time: compiled the-one in 0.31s[0m
2024.04.20 15:58:07 WARN  Using indexes to guess the definition of readFile[0m
2024.04.20 15:58:07 INFO  compiling the-one (1 scala source)[0m
2024.04.20 15:58:07 INFO  time: compiled the-one in 56ms[0m
2024.04.20 15:58:17 INFO  compiling the-one (1 scala source)[0m
2024.04.20 15:58:17 INFO  time: compiled the-one in 51ms[0m
2024.04.20 15:58:17 WARN  Using indexes to guess the definition of String[0m
2024.04.20 15:58:22 INFO  compiling the-one (1 scala source)[0m
2024.04.20 15:58:22 INFO  time: compiled the-one in 64ms[0m
2024.04.20 15:58:22 INFO  compiling the-one (1 scala source)[0m
2024.04.20 15:58:22 INFO  time: compiled the-one in 56ms[0m
2024.04.20 15:58:29 INFO  compiling the-one (1 scala source)[0m
2024.04.20 15:58:29 INFO  time: compiled the-one in 60ms[0m
2024.04.20 15:58:34 INFO  compiling the-one (1 scala source)[0m
2024.04.20 15:58:34 INFO  time: compiled the-one in 0.55s[0m
2024.04.20 15:58:48 INFO  compiling the-one (1 scala source)[0m
2024.04.20 15:58:48 INFO  time: compiled the-one in 59ms[0m
2024.04.20 15:58:49 WARN  Could not load snapshot text for /Users/mateusoliveirasantos/Documents/estudos/unb/tec_prog/code/the-one/src/main/scala/Main.scala[0m
2024.04.20 15:58:50 WARN  Could not load snapshot text for /Users/mateusoliveirasantos/Documents/estudos/unb/tec_prog/code/the-one/src/main/scala/Main.scala[0m
2024.04.20 15:58:51 WARN  Could not load snapshot text for /Users/mateusoliveirasantos/Documents/estudos/unb/tec_prog/code/the-one/src/main/scala/Main.scala[0m
2024.04.20 15:58:51 WARN  Could not load snapshot text for /Users/mateusoliveirasantos/Documents/estudos/unb/tec_prog/code/the-one/src/main/scala/Main.scala[0m
2024.04.20 15:58:54 INFO  compiling the-one (1 scala source)[0m
2024.04.20 15:58:54 INFO  time: compiled the-one in 45ms[0m
2024.04.20 15:58:54 WARN  Could not load snapshot text for /Users/mateusoliveirasantos/Documents/estudos/unb/tec_prog/code/the-one/src/main/scala/Main.scala[0m
2024.04.20 15:59:21 INFO  compiling the-one (1 scala source)[0m
2024.04.20 15:59:21 INFO  time: compiled the-one in 78ms[0m
2024.04.20 15:59:31 WARN  Using indexes to guess the definition of readFile[0m
2024.04.20 15:59:31 INFO  compiling the-one (1 scala source)[0m
2024.04.20 15:59:31 INFO  time: compiled the-one in 59ms[0m
2024.04.20 15:59:31 WARN  Using indexes to guess the definition of readFile[0m
2024.04.20 15:59:31 WARN  Using indexes to guess the definition of Source[0m
2024.04.20 15:59:41 INFO  compiling the-one (1 scala source)[0m
2024.04.20 15:59:41 INFO  time: compiled the-one in 0.52s[0m
Apr 20, 2024 4:00:20 PM org.eclipse.lsp4j.jsonrpc.RemoteEndpoint handleCancellation
WARNING: Unmatched cancel notification for request id 1597
2024.04.20 16:00:20 INFO  Deduplicating compilation of the-one from bsp client 'Metals 1.3.0' (since 4h 36m 10.611s)[0m
2024.04.20 16:00:20 INFO  compiling the-one (1 scala source)[0m
2024.04.20 16:00:20 INFO  compiling the-one (1 scala source)[0m
2024.04.20 16:00:20 INFO  time: compiled the-one in 0.43s[0m
2024.04.20 16:00:32 INFO  compiling the-one (1 scala source)[0m
2024.04.20 16:00:32 INFO  time: compiled the-one in 0.4s[0m
2024.04.20 16:01:38 INFO  compiling the-one (1 scala source)[0m
2024.04.20 16:01:38 INFO  time: compiled the-one in 0.39s[0m
2024.04.20 16:01:44 WARN  Could not load snapshot text for /Users/mateusoliveirasantos/Documents/estudos/unb/tec_prog/code/the-one/src/main/scala/Main.scala[0m
2024.04.20 16:01:44 WARN  Could not load snapshot text for /Users/mateusoliveirasantos/Documents/estudos/unb/tec_prog/code/the-one/src/main/scala/Main.scala[0m
2024.04.20 16:01:44 INFO  compiling the-one (1 scala source)[0m
2024.04.20 16:01:44 INFO  time: compiled the-one in 0.44s[0m
2024.04.20 16:02:08 INFO  compiling the-one (1 scala source)[0m
2024.04.20 16:02:08 INFO  time: compiled the-one in 80ms[0m
Apr 20, 2024 4:02:22 PM org.eclipse.lsp4j.jsonrpc.RemoteEndpoint handleCancellation
WARNING: Unmatched cancel notification for request id 1824
Apr 20, 2024 4:02:22 PM org.eclipse.lsp4j.jsonrpc.RemoteEndpoint handleCancellation
WARNING: Unmatched cancel notification for request id 1826
2024.04.20 16:02:23 INFO  compiling the-one (1 scala source)[0m
2024.04.20 16:02:23 INFO  time: compiled the-one in 0.38s[0m
2024.04.20 16:02:54 INFO  compiling the-one (1 scala source)[0m
2024.04.20 16:02:54 INFO  time: compiled the-one in 0.51s[0m
2024.04.20 16:02:59 INFO  compiling the-one (1 scala source)[0m
2024.04.20 16:02:59 INFO  time: compiled the-one in 0.31s[0m
2024.04.20 16:03:13 ERROR Failed to tokenize input for semantic tokens for /Users/mateusoliveirasantos/Documents/estudos/unb/tec_prog/code/the-one/src/main/scala/Main.scala
scala.meta.tokenizers.TokenizeException: <input>:12: error: unclosed string literal
  val path = "
             ^
	at scala.meta.internal.tokenizers.Reporter.syntaxError(Reporter.scala:23)
	at scala.meta.internal.tokenizers.Reporter.syntaxError$(Reporter.scala:23)
	at scala.meta.internal.tokenizers.Reporter$$anon$1.syntaxError(Reporter.scala:33)
	at scala.meta.internal.tokenizers.Reporter.syntaxError(Reporter.scala:25)
	at scala.meta.internal.tokenizers.Reporter.syntaxError$(Reporter.scala:25)
	at scala.meta.internal.tokenizers.Reporter$$anon$1.syntaxError(Reporter.scala:33)
	at scala.meta.internal.tokenizers.LegacyScanner.getStringLit(LegacyScanner.scala:560)
	at scala.meta.internal.tokenizers.LegacyScanner.fetchDoubleQuote$1(LegacyScanner.scala:379)
	at scala.meta.internal.tokenizers.LegacyScanner.fetchToken(LegacyScanner.scala:383)
	at scala.meta.internal.tokenizers.LegacyScanner.nextToken(LegacyScanner.scala:214)
	at scala.meta.internal.tokenizers.LegacyScanner.foreach(LegacyScanner.scala:982)
	at scala.meta.internal.tokenizers.ScalametaTokenizer.uncachedTokenize(ScalametaTokenizer.scala:23)
	at scala.meta.internal.tokenizers.ScalametaTokenizer.$anonfun$tokenize$1(ScalametaTokenizer.scala:16)
	at scala.collection.concurrent.TrieMap.getOrElseUpdate(TrieMap.scala:960)
	at scala.meta.internal.tokenizers.ScalametaTokenizer.tokenize(ScalametaTokenizer.scala:16)
	at scala.meta.internal.tokenizers.ScalametaTokenizer$$anon$2.apply(ScalametaTokenizer.scala:331)
	at scala.meta.tokenizers.Api$XtensionTokenizeDialectInput.tokenize(Api.scala:25)
	at scala.meta.tokenizers.Api$XtensionTokenizeInputLike.tokenize(Api.scala:14)
	at scala.meta.internal.metals.SemanticTokensProvider$.getTokens(SemanticTokensProvider.scala:30)
	at scala.meta.internal.metals.SemanticTokensProvider$.provide(SemanticTokensProvider.scala:89)
	at scala.meta.internal.metals.Compilers.$anonfun$semanticTokens$3(Compilers.scala:597)
	at scala.concurrent.impl.Promise$Transformation.run(Promise.scala:467)
	at java.util.concurrent.ThreadPoolExecutor.runWorker(ThreadPoolExecutor.java:1144)
	at java.util.concurrent.ThreadPoolExecutor$Worker.run(ThreadPoolExecutor.java:642)
	at java.lang.Thread.run(Thread.java:1583)
[0m
2024.04.20 16:03:14 INFO  compiling the-one (1 scala source)[0m
2024.04.20 16:03:14 INFO  time: compiled the-one in 0.37s[0m
Apr 20, 2024 4:06:37 PM org.eclipse.lsp4j.jsonrpc.RemoteEndpoint handleCancellation
WARNING: Unmatched cancel notification for request id 2024
2024.04.20 16:06:40 INFO  running '/Users/mateusoliveirasantos/Library/Application Support/Coursier/bin/sbt -Dbloop.export-jar-classifiers=sources bloopInstall'[0m
2024.04.20 16:06:42 INFO  [info] welcome to sbt 1.9.9 (Homebrew Java 21.0.2)[0m
2024.04.20 16:06:42 INFO  [info] loading settings for project the-one-build-build from metals.sbt ...[0m
2024.04.20 16:06:42 INFO  [info] loading project definition from /Users/mateusoliveirasantos/Documents/estudos/unb/tec_prog/code/the-one/project/project[0m
2024.04.20 16:06:43 INFO  [info] loading settings for project the-one-build from metals.sbt ...[0m
2024.04.20 16:06:43 INFO  [info] loading project definition from /Users/mateusoliveirasantos/Documents/estudos/unb/tec_prog/code/the-one/project[0m
2024.04.20 16:06:43 INFO  [success] Generated .bloop/the-one-build.json[0m
2024.04.20 16:06:43 INFO  [success] Total time: 1 s, completed Apr 20, 2024, 4:06:44â€¯PM[0m
2024.04.20 16:06:44 INFO  [info] loading settings for project the-one from build.sbt ...[0m
2024.04.20 16:06:44 INFO  [info] set current project to hello-world (in build file:/Users/mateusoliveirasantos/Documents/estudos/unb/tec_prog/code/the-one/)[0m
2024.04.20 16:06:44 INFO  [success] Generated .bloop/the-one-test.json[0m
2024.04.20 16:06:44 INFO  [success] Generated .bloop/the-one.json[0m
2024.04.20 16:06:44 INFO  [success] Total time: 0 s, completed Apr 20, 2024, 4:06:44â€¯PM[0m
2024.04.20 16:06:44 INFO  time: ran 'sbt bloopInstall' in 3.58s[0m
2024.04.20 16:06:44 INFO  Disconnecting from Bloop session...[0m
2024.04.20 16:06:44 INFO  Shut down connection with build server.[0m
2024.04.20 16:06:44 INFO  Shut down connection with build server.[0m
2024.04.20 16:06:44 INFO  Attempting to connect to the build server...[0m
2024.04.20 16:06:44 INFO  tracing is disabled for protocol BSP, to enable tracing of incoming and outgoing JSON messages create an empty file at /Users/mateusoliveirasantos/Documents/estudos/unb/tec_prog/code/the-one/.metals/bsp.trace.json or /Users/mateusoliveirasantos/Library/Caches/org.scalameta.metals/bsp.trace.json[0m
2024.04.20 16:06:44 INFO  Attempting to connect to the build server...[0m
2024.04.20 16:06:44 INFO  tracing is disabled for protocol BSP, to enable tracing of incoming and outgoing JSON messages create an empty file at /Users/mateusoliveirasantos/Documents/estudos/unb/tec_prog/code/the-one/project/.metals/bsp.trace.json or /Users/mateusoliveirasantos/Library/Caches/org.scalameta.metals/bsp.trace.json[0m
2024.04.20 16:06:44 INFO  time: Connected to build server in 42ms[0m
2024.04.20 16:06:44 INFO  Connected to Build server: Bloop v1.5.17[0m
2024.04.20 16:06:46 INFO  time: indexed workspace in 1.76s[0m
2024.04.20 16:06:46 WARN  no build target for: /Users/mateusoliveirasantos/Documents/estudos/unb/tec_prog/code/the-one/src/test/TheOneTest.scala[0m
Exception in thread "pool-12-thread-1" java.lang.InterruptedException
	at scala.meta.internal.metals.FutureCancelToken.checkCanceled(FutureCancelToken.scala:29)
	at scala.meta.internal.pc.CompilerAccess.$anonfun$onCompilerJobQueue$1(CompilerAccess.scala:243)
	at scala.meta.internal.pc.CompilerJobQueue$Job.run(CompilerJobQueue.scala:152)
	at java.base/java.util.concurrent.ThreadPoolExecutor.runWorker(ThreadPoolExecutor.java:1144)
	at java.base/java.util.concurrent.ThreadPoolExecutor$Worker.run(ThreadPoolExecutor.java:642)
	at java.base/java.lang.Thread.run(Thread.java:1583)
2024.04.20 16:06:53 INFO  time: code lens generation in 6.47s[0m
2024.04.20 16:07:25 INFO  Shutting down server[0m
2024.04.20 16:07:25 INFO  shutting down Metals[0m
2024.04.20 16:07:25 INFO  Shut down connection with build server.[0m
2024.04.20 16:07:25 INFO  Shut down connection with build server.[0m
2024.04.20 16:07:25 INFO  Exiting server[0m
2024.04.20 16:07:30 INFO  Started: Metals version 1.3.0 in folders '/Users/mateusoliveirasantos/Documents/estudos/unb/tec_prog/code/the-one' for client Visual Studio Code 1.88.1.[0m
SLF4J: Class path contains multiple SLF4J providers.
SLF4J: Found provider [scribe.slf4j.ScribeServiceProvider@290dd5ca]
SLF4J: Found provider [ch.qos.logback.classic.spi.LogbackServiceProvider@1adc2632]
SLF4J: See https://www.slf4j.org/codes.html#multiple_bindings for an explanation.
SLF4J: Actual provider is of type [scribe.slf4j.ScribeServiceProvider@290dd5ca]
2024.04.20 16:07:30 WARN  Flyway upgrade recommended: H2 2.2.224 is newer than this version of Flyway and support has not been tested. The latest supported version of H2 is 2.2.220.[0m
2024.04.20 16:07:30 INFO  Attempting to connect to the build server...[0m
2024.04.20 16:07:31 INFO  tracing is disabled for protocol BSP, to enable tracing of incoming and outgoing JSON messages create an empty file at /Users/mateusoliveirasantos/Documents/estudos/unb/tec_prog/code/the-one/.metals/bsp.trace.json or /Users/mateusoliveirasantos/Library/Caches/org.scalameta.metals/bsp.trace.json[0m
2024.04.20 16:07:31 INFO  Attempting to connect to the build server...[0m
2024.04.20 16:07:31 INFO  tracing is disabled for protocol BSP, to enable tracing of incoming and outgoing JSON messages create an empty file at /Users/mateusoliveirasantos/Documents/estudos/unb/tec_prog/code/the-one/project/.metals/bsp.trace.json or /Users/mateusoliveirasantos/Library/Caches/org.scalameta.metals/bsp.trace.json[0m
2024.04.20 16:07:31 INFO  time: Connected to build server in 0.65s[0m
2024.04.20 16:07:31 INFO  Connected to Build server: Bloop v1.5.17[0m
2024.04.20 16:07:37 INFO  no build target found for /Users/mateusoliveirasantos/Documents/estudos/unb/tec_prog/code/the-one/src/main/scala/Main.scala. Using presentation compiler with project's scala-library version: 3.3.3[0m
2024.04.20 16:07:39 INFO  time: indexed workspace in 2.66s[0m
2024.04.20 16:07:42 INFO  no build target found for /Users/mateusoliveirasantos/Documents/estudos/unb/tec_prog/code/the-one/src/main/scala/Main.scala. Using presentation compiler with project's scala-library version: 3.3.3[0m
2024.04.20 16:07:48 INFO  Shutting down server[0m
2024.04.20 16:07:48 INFO  shutting down Metals[0m
2024.04.20 16:07:48 INFO  Shut down connection with build server.[0m
2024.04.20 16:07:48 INFO  Shut down connection with build server.[0m
2024.04.20 16:07:49 WARN  Flyway upgrade recommended: H2 2.2.224 is newer than this version of Flyway and support has not been tested. The latest supported version of H2 is 2.2.220.[0m
2024.04.20 16:07:48 INFO  Exiting server[0m
2024.04.20 16:07:52 INFO  Started: Metals version 1.3.0 in folders '/Users/mateusoliveirasantos/Documents/estudos/unb/tec_prog/code/the-one' for client Visual Studio Code 1.88.1.[0m
SLF4J: Class path contains multiple SLF4J providers.
SLF4J: Found provider [scribe.slf4j.ScribeServiceProvider@643d038]
SLF4J: Found provider [ch.qos.logback.classic.spi.LogbackServiceProvider@9523757]
SLF4J: See https://www.slf4j.org/codes.html#multiple_bindings for an explanation.
SLF4J: Actual provider is of type [scribe.slf4j.ScribeServiceProvider@643d038]
2024.04.20 16:07:52 WARN  Flyway upgrade recommended: H2 2.2.224 is newer than this version of Flyway and support has not been tested. The latest supported version of H2 is 2.2.220.[0m
2024.04.20 16:07:53 INFO  Attempting to connect to the build server...[0m
2024.04.20 16:07:53 INFO  tracing is disabled for protocol BSP, to enable tracing of incoming and outgoing JSON messages create an empty file at /Users/mateusoliveirasantos/Documents/estudos/unb/tec_prog/code/the-one/.metals/bsp.trace.json or /Users/mateusoliveirasantos/Library/Caches/org.scalameta.metals/bsp.trace.json[0m
2024.04.20 16:07:53 INFO  Attempting to connect to the build server...[0m
2024.04.20 16:07:53 INFO  tracing is disabled for protocol BSP, to enable tracing of incoming and outgoing JSON messages create an empty file at /Users/mateusoliveirasantos/Documents/estudos/unb/tec_prog/code/the-one/project/.metals/bsp.trace.json or /Users/mateusoliveirasantos/Library/Caches/org.scalameta.metals/bsp.trace.json[0m
2024.04.20 16:07:53 INFO  time: Connected to build server in 0.33s[0m
2024.04.20 16:07:53 INFO  Connected to Build server: Bloop v1.5.17[0m
2024.04.20 16:07:59 INFO  no build target found for /Users/mateusoliveirasantos/Documents/estudos/unb/tec_prog/code/the-one/src/main/scala/Main.scala. Using presentation compiler with project's scala-library version: 3.3.3[0m
Apr 20, 2024 4:07:59 PM org.eclipse.lsp4j.jsonrpc.RemoteEndpoint handleCancellation
WARNING: Unmatched cancel notification for request id 8
2024.04.20 16:08:02 INFO  time: indexed workspace in 2.44s[0m
2024.04.20 16:08:58 ERROR Failed to tokenize input for semantic tokens for /Users/mateusoliveirasantos/Documents/estudos/unb/tec_prog/code/the-one/src/main/scala/Main.scala
scala.meta.tokenizers.TokenizeException: <input>:10: error: illegal character '\u2019'
    pattern = re.compile(â€™[\W_]+â€™) return pattern.sub(â€™ â€™, str_data)
                         ^
	at scala.meta.internal.tokenizers.Reporter.syntaxError(Reporter.scala:23)
	at scala.meta.internal.tokenizers.Reporter.syntaxError$(Reporter.scala:23)
	at scala.meta.internal.tokenizers.Reporter$$anon$1.syntaxError(Reporter.scala:33)
	at scala.meta.internal.tokenizers.Reporter.syntaxError(Reporter.scala:25)
	at scala.meta.internal.tokenizers.Reporter.syntaxError$(Reporter.scala:25)
	at scala.meta.internal.tokenizers.Reporter$$anon$1.syntaxError(Reporter.scala:33)
	at scala.meta.internal.tokenizers.LegacyScanner.fetchOther$1(LegacyScanner.scala:476)
	at scala.meta.internal.tokenizers.LegacyScanner.fetchToken(LegacyScanner.scala:481)
	at scala.meta.internal.tokenizers.LegacyScanner.nextToken(LegacyScanner.scala:214)
	at scala.meta.internal.tokenizers.LegacyScanner.foreach(LegacyScanner.scala:982)
	at scala.meta.internal.tokenizers.ScalametaTokenizer.uncachedTokenize(ScalametaTokenizer.scala:23)
	at scala.meta.internal.tokenizers.ScalametaTokenizer.$anonfun$tokenize$1(ScalametaTokenizer.scala:16)
	at scala.collection.concurrent.TrieMap.getOrElseUpdate(TrieMap.scala:960)
	at scala.meta.internal.tokenizers.ScalametaTokenizer.tokenize(ScalametaTokenizer.scala:16)
	at scala.meta.internal.tokenizers.ScalametaTokenizer$$anon$2.apply(ScalametaTokenizer.scala:331)
	at scala.meta.tokenizers.Api$XtensionTokenizeDialectInput.tokenize(Api.scala:25)
	at scala.meta.tokenizers.Api$XtensionTokenizeInputLike.tokenize(Api.scala:14)
	at scala.meta.internal.metals.SemanticTokensProvider$.getTokens(SemanticTokensProvider.scala:30)
	at scala.meta.internal.metals.SemanticTokensProvider$.provide(SemanticTokensProvider.scala:89)
	at scala.meta.internal.metals.Compilers.$anonfun$semanticTokens$3(Compilers.scala:597)
	at scala.concurrent.impl.Promise$Transformation.run(Promise.scala:467)
	at java.util.concurrent.ThreadPoolExecutor.runWorker(ThreadPoolExecutor.java:1144)
	at java.util.concurrent.ThreadPoolExecutor$Worker.run(ThreadPoolExecutor.java:642)
	at java.lang.Thread.run(Thread.java:1583)
[0m
2024.04.20 16:09:00 ERROR Failed to tokenize input for semantic tokens for /Users/mateusoliveirasantos/Documents/estudos/unb/tec_prog/code/the-one/src/main/scala/Main.scala
scala.meta.tokenizers.TokenizeException: <input>:10: error: illegal character '\u2019'
    pattern = re.compile(â€™[\W_]+â€™)
                         ^
	at scala.meta.internal.tokenizers.Reporter.syntaxError(Reporter.scala:23)
	at scala.meta.internal.tokenizers.Reporter.syntaxError$(Reporter.scala:23)
	at scala.meta.internal.tokenizers.Reporter$$anon$1.syntaxError(Reporter.scala:33)
	at scala.meta.internal.tokenizers.Reporter.syntaxError(Reporter.scala:25)
	at scala.meta.internal.tokenizers.Reporter.syntaxError$(Reporter.scala:25)
	at scala.meta.internal.tokenizers.Reporter$$anon$1.syntaxError(Reporter.scala:33)
	at scala.meta.internal.tokenizers.LegacyScanner.fetchOther$1(LegacyScanner.scala:476)
	at scala.meta.internal.tokenizers.LegacyScanner.fetchToken(LegacyScanner.scala:481)
	at scala.meta.internal.tokenizers.LegacyScanner.nextToken(LegacyScanner.scala:214)
	at scala.meta.internal.tokenizers.LegacyScanner.foreach(LegacyScanner.scala:982)
	at scala.meta.internal.tokenizers.ScalametaTokenizer.uncachedTokenize(ScalametaTokenizer.scala:23)
	at scala.meta.internal.tokenizers.ScalametaTokenizer.$anonfun$tokenize$1(ScalametaTokenizer.scala:16)
	at scala.collection.concurrent.TrieMap.getOrElseUpdate(TrieMap.scala:960)
	at scala.meta.internal.tokenizers.ScalametaTokenizer.tokenize(ScalametaTokenizer.scala:16)
	at scala.meta.internal.tokenizers.ScalametaTokenizer$$anon$2.apply(ScalametaTokenizer.scala:331)
	at scala.meta.tokenizers.Api$XtensionTokenizeDialectInput.tokenize(Api.scala:25)
	at scala.meta.tokenizers.Api$XtensionTokenizeInputLike.tokenize(Api.scala:14)
	at scala.meta.internal.metals.SemanticTokensProvider$.getTokens(SemanticTokensProvider.scala:30)
	at scala.meta.internal.metals.SemanticTokensProvider$.provide(SemanticTokensProvider.scala:89)
	at scala.meta.internal.metals.Compilers.$anonfun$semanticTokens$3(Compilers.scala:597)
	at scala.concurrent.impl.Promise$Transformation.run(Promise.scala:467)
	at java.util.concurrent.ThreadPoolExecutor.runWorker(ThreadPoolExecutor.java:1144)
	at java.util.concurrent.ThreadPoolExecutor$Worker.run(ThreadPoolExecutor.java:642)
	at java.lang.Thread.run(Thread.java:1583)
[0m
2024.04.20 16:09:01 INFO  compiling the-one (1 scala source)[0m
2024.04.20 16:09:01 INFO  time: compiled the-one in 0.1s[0m
2024.04.20 16:09:00 ERROR Failed to tokenize input for semantic tokens for /Users/mateusoliveirasantos/Documents/estudos/unb/tec_prog/code/the-one/src/main/scala/Main.scala
scala.meta.tokenizers.TokenizeException: <input>:10: error: illegal character '\u2019'
    pattern = re.compile(â€™[\W_]+â€™)
                         ^
	at scala.meta.internal.tokenizers.Reporter.syntaxError(Reporter.scala:23)
	at scala.meta.internal.tokenizers.Reporter.syntaxError$(Reporter.scala:23)
	at scala.meta.internal.tokenizers.Reporter$$anon$1.syntaxError(Reporter.scala:33)
	at scala.meta.internal.tokenizers.Reporter.syntaxError(Reporter.scala:25)
	at scala.meta.internal.tokenizers.Reporter.syntaxError$(Reporter.scala:25)
	at scala.meta.internal.tokenizers.Reporter$$anon$1.syntaxError(Reporter.scala:33)
	at scala.meta.internal.tokenizers.LegacyScanner.fetchOther$1(LegacyScanner.scala:476)
	at scala.meta.internal.tokenizers.LegacyScanner.fetchToken(LegacyScanner.scala:481)
	at scala.meta.internal.tokenizers.LegacyScanner.nextToken(LegacyScanner.scala:214)
	at scala.meta.internal.tokenizers.LegacyScanner.foreach(LegacyScanner.scala:982)
	at scala.meta.internal.tokenizers.ScalametaTokenizer.uncachedTokenize(ScalametaTokenizer.scala:23)
	at scala.meta.internal.tokenizers.ScalametaTokenizer.$anonfun$tokenize$1(ScalametaTokenizer.scala:16)
	at scala.collection.concurrent.TrieMap.getOrElseUpdate(TrieMap.scala:960)
	at scala.meta.internal.tokenizers.ScalametaTokenizer.tokenize(ScalametaTokenizer.scala:16)
	at scala.meta.internal.tokenizers.ScalametaTokenizer$$anon$2.apply(ScalametaTokenizer.scala:331)
	at scala.meta.tokenizers.Api$XtensionTokenizeDialectInput.tokenize(Api.scala:25)
	at scala.meta.tokenizers.Api$XtensionTokenizeInputLike.tokenize(Api.scala:14)
	at scala.meta.internal.metals.SemanticTokensProvider$.getTokens(SemanticTokensProvider.scala:30)
	at scala.meta.internal.metals.SemanticTokensProvider$.provide(SemanticTokensProvider.scala:89)
	at scala.meta.internal.metals.Compilers.$anonfun$semanticTokens$3(Compilers.scala:597)
	at scala.concurrent.impl.Promise$Transformation.run(Promise.scala:467)
	at java.util.concurrent.ThreadPoolExecutor.runWorker(ThreadPoolExecutor.java:1144)
	at java.util.concurrent.ThreadPoolExecutor$Worker.run(ThreadPoolExecutor.java:642)
	at java.lang.Thread.run(Thread.java:1583)
[0m
2024.04.20 16:09:25 INFO  skipping build import with status 'Installed'[0m
2024.04.20 16:09:25 INFO  Disconnecting from Bloop session...[0m
2024.04.20 16:09:25 INFO  Cancelling compilation on Bloop server[0m
2024.04.20 16:09:25 INFO  Shut down connection with build server.[0m
2024.04.20 16:09:25 INFO  Shut down connection with build server.[0m
2024.04.20 16:09:25 ERROR Failed to tokenize input for semantic tokens for /Users/mateusoliveirasantos/Documents/estudos/unb/tec_prog/code/the-one/src/main/scala/Main.scala
scala.meta.tokenizers.TokenizeException: <input>:10: error: illegal character '\u2019'
    pattern = re.compile(â€™[\W_]+â€™)
                         ^
	at scala.meta.internal.tokenizers.Reporter.syntaxError(Reporter.scala:23)
	at scala.meta.internal.tokenizers.Reporter.syntaxError$(Reporter.scala:23)
	at scala.meta.internal.tokenizers.Reporter$$anon$1.syntaxError(Reporter.scala:33)
	at scala.meta.internal.tokenizers.Reporter.syntaxError(Reporter.scala:25)
	at scala.meta.internal.tokenizers.Reporter.syntaxError$(Reporter.scala:25)
	at scala.meta.internal.tokenizers.Reporter$$anon$1.syntaxError(Reporter.scala:33)
	at scala.meta.internal.tokenizers.LegacyScanner.fetchOther$1(LegacyScanner.scala:476)
	at scala.meta.internal.tokenizers.LegacyScanner.fetchToken(LegacyScanner.scala:481)
	at scala.meta.internal.tokenizers.LegacyScanner.nextToken(LegacyScanner.scala:214)
	at scala.meta.internal.tokenizers.LegacyScanner.foreach(LegacyScanner.scala:982)
	at scala.meta.internal.tokenizers.ScalametaTokenizer.uncachedTokenize(ScalametaTokenizer.scala:23)
	at scala.meta.internal.tokenizers.ScalametaTokenizer.$anonfun$tokenize$1(ScalametaTokenizer.scala:16)
	at scala.collection.concurrent.TrieMap.getOrElseUpdate(TrieMap.scala:960)
	at scala.meta.internal.tokenizers.ScalametaTokenizer.tokenize(ScalametaTokenizer.scala:16)
	at scala.meta.internal.tokenizers.ScalametaTokenizer$$anon$2.apply(ScalametaTokenizer.scala:331)
	at scala.meta.tokenizers.Api$XtensionTokenizeDialectInput.tokenize(Api.scala:25)
	at scala.meta.tokenizers.Api$XtensionTokenizeInputLike.tokenize(Api.scala:14)
	at scala.meta.internal.metals.SemanticTokensProvider$.getTokens(SemanticTokensProvider.scala:30)
	at scala.meta.internal.metals.SemanticTokensProvider$.provide(SemanticTokensProvider.scala:89)
	at scala.meta.internal.metals.Compilers.$anonfun$semanticTokens$3(Compilers.scala:597)
	at scala.concurrent.impl.Promise$Transformation.run(Promise.scala:467)
	at java.util.concurrent.ThreadPoolExecutor.runWorker(ThreadPoolExecutor.java:1144)
	at java.util.concurrent.ThreadPoolExecutor$Worker.run(ThreadPoolExecutor.java:642)
	at java.lang.Thread.run(Thread.java:1583)
[0m
2024.04.20 16:09:25 INFO  Attempting to connect to the build server...[0m
2024.04.20 16:09:25 INFO  tracing is disabled for protocol BSP, to enable tracing of incoming and outgoing JSON messages create an empty file at /Users/mateusoliveirasantos/Documents/estudos/unb/tec_prog/code/the-one/.metals/bsp.trace.json or /Users/mateusoliveirasantos/Library/Caches/org.scalameta.metals/bsp.trace.json[0m
2024.04.20 16:09:25 INFO  Attempting to connect to the build server...[0m
2024.04.20 16:09:25 INFO  tracing is disabled for protocol BSP, to enable tracing of incoming and outgoing JSON messages create an empty file at /Users/mateusoliveirasantos/Documents/estudos/unb/tec_prog/code/the-one/project/.metals/bsp.trace.json or /Users/mateusoliveirasantos/Library/Caches/org.scalameta.metals/bsp.trace.json[0m
2024.04.20 16:09:25 INFO  time: Connected to build server in 38ms[0m
2024.04.20 16:09:25 INFO  Connected to Build server: Bloop v1.5.17[0m
2024.04.20 16:09:27 INFO  time: indexed workspace in 1.79s[0m
2024.04.20 16:09:27 INFO  compiling the-one (1 scala source)[0m
2024.04.20 16:09:32 INFO  time: compiled the-one in 5.54s[0m
Apr 20, 2024 4:09:32 PM org.eclipse.lsp4j.jsonrpc.RemoteEndpoint handleCancellation
WARNING: Unmatched cancel notification for request id 288
Apr 20, 2024 4:09:32 PM org.eclipse.lsp4j.jsonrpc.RemoteEndpoint handleCancellation
WARNING: Unmatched cancel notification for request id 289
Apr 20, 2024 4:09:32 PM org.eclipse.lsp4j.jsonrpc.RemoteEndpoint handleCancellation
WARNING: Unmatched cancel notification for request id 285
2024.04.20 16:09:33 ERROR Failed to tokenize input for semantic tokens for /Users/mateusoliveirasantos/Documents/estudos/unb/tec_prog/code/the-one/src/main/scala/Main.scala
scala.meta.tokenizers.TokenizeException: <input>:11: error: illegal character '\u2019'
    return pattern.sub(â€™ â€™, str_data)
                       ^
	at scala.meta.internal.tokenizers.Reporter.syntaxError(Reporter.scala:23)
	at scala.meta.internal.tokenizers.Reporter.syntaxError$(Reporter.scala:23)
	at scala.meta.internal.tokenizers.Reporter$$anon$1.syntaxError(Reporter.scala:33)
	at scala.meta.internal.tokenizers.Reporter.syntaxError(Reporter.scala:25)
	at scala.meta.internal.tokenizers.Reporter.syntaxError$(Reporter.scala:25)
	at scala.meta.internal.tokenizers.Reporter$$anon$1.syntaxError(Reporter.scala:33)
	at scala.meta.internal.tokenizers.LegacyScanner.fetchOther$1(LegacyScanner.scala:476)
	at scala.meta.internal.tokenizers.LegacyScanner.fetchToken(LegacyScanner.scala:481)
	at scala.meta.internal.tokenizers.LegacyScanner.nextToken(LegacyScanner.scala:214)
	at scala.meta.internal.tokenizers.LegacyScanner.foreach(LegacyScanner.scala:982)
	at scala.meta.internal.tokenizers.ScalametaTokenizer.uncachedTokenize(ScalametaTokenizer.scala:23)
	at scala.meta.internal.tokenizers.ScalametaTokenizer.$anonfun$tokenize$1(ScalametaTokenizer.scala:16)
	at scala.collection.concurrent.TrieMap.getOrElseUpdate(TrieMap.scala:960)
	at scala.meta.internal.tokenizers.ScalametaTokenizer.tokenize(ScalametaTokenizer.scala:16)
	at scala.meta.internal.tokenizers.ScalametaTokenizer$$anon$2.apply(ScalametaTokenizer.scala:331)
	at scala.meta.tokenizers.Api$XtensionTokenizeDialectInput.tokenize(Api.scala:25)
	at scala.meta.tokenizers.Api$XtensionTokenizeInputLike.tokenize(Api.scala:14)
	at scala.meta.internal.metals.SemanticTokensProvider$.getTokens(SemanticTokensProvider.scala:30)
	at scala.meta.internal.metals.SemanticTokensProvider$.provide(SemanticTokensProvider.scala:89)
	at scala.meta.internal.metals.Compilers.$anonfun$semanticTokens$3(Compilers.scala:597)
	at scala.concurrent.impl.Promise$Transformation.run(Promise.scala:467)
	at java.util.concurrent.ThreadPoolExecutor.runWorker(ThreadPoolExecutor.java:1144)
	at java.util.concurrent.ThreadPoolExecutor$Worker.run(ThreadPoolExecutor.java:642)
	at java.lang.Thread.run(Thread.java:1583)
[0m
2024.04.20 16:09:33 ERROR Failed to tokenize input for semantic tokens for /Users/mateusoliveirasantos/Documents/estudos/unb/tec_prog/code/the-one/src/main/scala/Main.scala
scala.meta.tokenizers.TokenizeException: <input>:11: error: illegal character '\u2019'
    return pattern.sub(â€™ â€™, str_data)
                       ^
	at scala.meta.internal.tokenizers.Reporter.syntaxError(Reporter.scala:23)
	at scala.meta.internal.tokenizers.Reporter.syntaxError$(Reporter.scala:23)
	at scala.meta.internal.tokenizers.Reporter$$anon$1.syntaxError(Reporter.scala:33)
	at scala.meta.internal.tokenizers.Reporter.syntaxError(Reporter.scala:25)
	at scala.meta.internal.tokenizers.Reporter.syntaxError$(Reporter.scala:25)
	at scala.meta.internal.tokenizers.Reporter$$anon$1.syntaxError(Reporter.scala:33)
	at scala.meta.internal.tokenizers.LegacyScanner.fetchOther$1(LegacyScanner.scala:476)
	at scala.meta.internal.tokenizers.LegacyScanner.fetchToken(LegacyScanner.scala:481)
	at scala.meta.internal.tokenizers.LegacyScanner.nextToken(LegacyScanner.scala:214)
	at scala.meta.internal.tokenizers.LegacyScanner.foreach(LegacyScanner.scala:982)
	at scala.meta.internal.tokenizers.ScalametaTokenizer.uncachedTokenize(ScalametaTokenizer.scala:23)
	at scala.meta.internal.tokenizers.ScalametaTokenizer.$anonfun$tokenize$1(ScalametaTokenizer.scala:16)
	at scala.collection.concurrent.TrieMap.getOrElseUpdate(TrieMap.scala:960)
	at scala.meta.internal.tokenizers.ScalametaTokenizer.tokenize(ScalametaTokenizer.scala:16)
	at scala.meta.internal.tokenizers.ScalametaTokenizer$$anon$2.apply(ScalametaTokenizer.scala:331)
	at scala.meta.tokenizers.Api$XtensionTokenizeDialectInput.tokenize(Api.scala:25)
	at scala.meta.tokenizers.Api$XtensionTokenizeInputLike.tokenize(Api.scala:14)
	at scala.meta.internal.metals.SemanticTokensProvider$.getTokens(SemanticTokensProvider.scala:30)
	at scala.meta.internal.metals.SemanticTokensProvider$.provide(SemanticTokensProvider.scala:89)
	at scala.meta.internal.metals.Compilers.$anonfun$semanticTokens$3(Compilers.scala:597)
	at scala.concurrent.impl.Promise$Transformation.run(Promise.scala:467)
	at java.util.concurrent.ThreadPoolExecutor.runWorker(ThreadPoolExecutor.java:1144)
	at java.util.concurrent.ThreadPoolExecutor$Worker.run(ThreadPoolExecutor.java:642)
	at java.lang.Thread.run(Thread.java:1583)
[0m
2024.04.20 16:09:34 INFO  compiling the-one (1 scala source)[0m
2024.04.20 16:09:34 INFO  time: compiled the-one in 74ms[0m
2024.04.20 16:09:39 INFO  compiling the-one (1 scala source)[0m
2024.04.20 16:09:39 INFO  time: compiled the-one in 0.43s[0m
Apr 20, 2024 4:10:37 PM org.eclipse.lsp4j.jsonrpc.RemoteEndpoint handleCancellation
WARNING: Unmatched cancel notification for request id 364
2024.04.20 16:11:08 WARN  Could not load snapshot text for /Users/mateusoliveirasantos/Documents/estudos/unb/tec_prog/code/the-one/src/main/scala/Main.scala[0m
2024.04.20 16:11:08 INFO  compiling the-one (1 scala source)[0m
2024.04.20 16:11:08 INFO  time: compiled the-one in 87ms[0m
2024.04.20 16:11:09 WARN  Could not load snapshot text for /Users/mateusoliveirasantos/Documents/estudos/unb/tec_prog/code/the-one/src/main/scala/Main.scala[0m
2024.04.20 16:11:08 WARN  Could not load snapshot text for /Users/mateusoliveirasantos/Documents/estudos/unb/tec_prog/code/the-one/src/main/scala/Main.scala[0m
2024.04.20 16:11:08 WARN  Could not load snapshot text for /Users/mateusoliveirasantos/Documents/estudos/unb/tec_prog/code/the-one/src/main/scala/Main.scala[0m
2024.04.20 16:11:08 WARN  Could not load snapshot text for /Users/mateusoliveirasantos/Documents/estudos/unb/tec_prog/code/the-one/src/main/scala/Main.scala[0m
2024.04.20 16:11:08 WARN  Could not load snapshot text for /Users/mateusoliveirasantos/Documents/estudos/unb/tec_prog/code/the-one/src/main/scala/Main.scala[0m
2024.04.20 16:11:09 WARN  Using indexes to guess the definition of filterChars[0m
2024.04.20 16:11:08 WARN  Could not load snapshot text for /Users/mateusoliveirasantos/Documents/estudos/unb/tec_prog/code/the-one/src/main/scala/Main.scala[0m
2024.04.20 16:11:08 WARN  Could not load snapshot text for /Users/mateusoliveirasantos/Documents/estudos/unb/tec_prog/code/the-one/src/main/scala/Main.scala[0m
2024.04.20 16:11:08 WARN  Could not load snapshot text for /Users/mateusoliveirasantos/Documents/estudos/unb/tec_prog/code/the-one/src/main/scala/Main.scala[0m
2024.04.20 16:11:08 WARN  Could not load snapshot text for /Users/mateusoliveirasantos/Documents/estudos/unb/tec_prog/code/the-one/src/main/scala/Main.scala[0m
2024.04.20 16:11:10 WARN  Could not load snapshot text for /Users/mateusoliveirasantos/Documents/estudos/unb/tec_prog/code/the-one/src/main/scala/Main.scala[0m
2024.04.20 16:11:10 WARN  Could not load snapshot text for /Users/mateusoliveirasantos/Documents/estudos/unb/tec_prog/code/the-one/src/main/scala/Main.scala[0m
2024.04.20 16:11:10 WARN  Could not load snapshot text for /Users/mateusoliveirasantos/Documents/estudos/unb/tec_prog/code/the-one/src/main/scala/Main.scala[0m
2024.04.20 16:11:10 INFO  compiling the-one (1 scala source)[0m
2024.04.20 16:11:10 WARN  Could not load snapshot text for /Users/mateusoliveirasantos/Documents/estudos/unb/tec_prog/code/the-one/src/main/scala/Main.scala[0m
2024.04.20 16:11:10 WARN  Could not load snapshot text for /Users/mateusoliveirasantos/Documents/estudos/unb/tec_prog/code/the-one/src/main/scala/Main.scala[0m
2024.04.20 16:11:10 INFO  time: compiled the-one in 59ms[0m
2024.04.20 16:11:11 WARN  Could not load snapshot text for /Users/mateusoliveirasantos/Documents/estudos/unb/tec_prog/code/the-one/src/main/scala/Main.scala[0m
2024.04.20 16:11:10 WARN  Using indexes to guess the definition of normalize[0m
2024.04.20 16:11:12 WARN  Could not load snapshot text for /Users/mateusoliveirasantos/Documents/estudos/unb/tec_prog/code/the-one/src/main/scala/Main.scala[0m
2024.04.20 16:11:12 WARN  Could not load snapshot text for /Users/mateusoliveirasantos/Documents/estudos/unb/tec_prog/code/the-one/src/main/scala/Main.scala[0m
2024.04.20 16:11:12 WARN  Could not load snapshot text for /Users/mateusoliveirasantos/Documents/estudos/unb/tec_prog/code/the-one/src/main/scala/Main.scala[0m
2024.04.20 16:11:14 WARN  Could not load snapshot text for /Users/mateusoliveirasantos/Documents/estudos/unb/tec_prog/code/the-one/src/main/scala/Main.scala[0m
2024.04.20 16:11:14 WARN  Could not load snapshot text for /Users/mateusoliveirasantos/Documents/estudos/unb/tec_prog/code/the-one/src/main/scala/Main.scala[0m
2024.04.20 16:11:15 WARN  Could not load snapshot text for /Users/mateusoliveirasantos/Documents/estudos/unb/tec_prog/code/the-one/src/main/scala/Main.scala[0m
2024.04.20 16:11:16 WARN  Could not load snapshot text for /Users/mateusoliveirasantos/Documents/estudos/unb/tec_prog/code/the-one/src/main/scala/Main.scala[0m
2024.04.20 16:11:18 WARN  Could not load snapshot text for /Users/mateusoliveirasantos/Documents/estudos/unb/tec_prog/code/the-one/src/main/scala/Main.scala[0m
Apr 20, 2024 4:11:20 PM org.eclipse.lsp4j.jsonrpc.RemoteEndpoint handleCancellation
WARNING: Unmatched cancel notification for request id 594
2024.04.20 16:11:20 WARN  Could not load snapshot text for /Users/mateusoliveirasantos/Documents/estudos/unb/tec_prog/code/the-one/src/main/scala/Main.scala[0m
2024.04.20 16:11:21 WARN  Could not load snapshot text for /Users/mateusoliveirasantos/Documents/estudos/unb/tec_prog/code/the-one/src/main/scala/Main.scala[0m
2024.04.20 16:11:29 INFO  compiling the-one (1 scala source)[0m
2024.04.20 16:11:29 INFO  time: compiled the-one in 0.36s[0m
2024.04.20 16:11:58 INFO  compiling the-one (1 scala source)[0m
2024.04.20 16:11:58 INFO  time: compiled the-one in 57ms[0m
2024.04.20 16:12:11 INFO  compiling the-one (1 scala source)[0m
2024.04.20 16:12:11 INFO  time: compiled the-one in 0.12s[0m
Apr 20, 2024 4:12:45 PM org.eclipse.lsp4j.jsonrpc.RemoteEndpoint handleCancellation
WARNING: Unmatched cancel notification for request id 929
2024.04.20 16:12:54 INFO  compiling the-one (1 scala source)[0m
2024.04.20 16:12:54 INFO  time: compiled the-one in 0.38s[0m
2024.04.20 16:13:01 INFO  compiling the-one (1 scala source)[0m
2024.04.20 16:13:01 INFO  time: compiled the-one in 0.32s[0m
Apr 20, 2024 5:40:29 PM org.eclipse.lsp4j.jsonrpc.RemoteEndpoint handleCancellation
WARNING: Unmatched cancel notification for request id 1111
2024.04.20 17:40:36 INFO  running '/Users/mateusoliveirasantos/Library/Application Support/Coursier/bin/sbt -Dbloop.export-jar-classifiers=sources bloopInstall'[0m
2024.04.20 17:40:37 INFO  [info] welcome to sbt 1.9.9 (Homebrew Java 21.0.2)[0m
2024.04.20 17:40:37 INFO  [info] loading settings for project the-one-build-build from metals.sbt ...[0m
2024.04.20 17:40:37 INFO  [info] loading project definition from /Users/mateusoliveirasantos/Documents/estudos/unb/tec_prog/code/the-one/project/project[0m
2024.04.20 17:40:38 INFO  [info] loading settings for project the-one-build from metals.sbt ...[0m
2024.04.20 17:40:38 INFO  [info] loading project definition from /Users/mateusoliveirasantos/Documents/estudos/unb/tec_prog/code/the-one/project[0m
2024.04.20 17:40:38 INFO  [success] Generated .bloop/the-one-build.json[0m
2024.04.20 17:40:39 INFO  [success] Total time: 1 s, completed Apr 20, 2024, 5:40:39â€¯PM[0m
2024.04.20 17:40:39 INFO  [info] loading settings for project the-one from build.sbt ...[0m
2024.04.20 17:40:39 INFO  [info] set current project to hello-world (in build file:/Users/mateusoliveirasantos/Documents/estudos/unb/tec_prog/code/the-one/)[0m
2024.04.20 17:40:44 INFO  [success] Generated .bloop/the-one.json[0m
2024.04.20 17:40:44 INFO  [success] Generated .bloop/the-one-test.json[0m
2024.04.20 17:40:44 INFO  [success] Total time: 4 s, completed Apr 20, 2024, 5:40:44â€¯PM[0m
2024.04.20 17:40:44 INFO  time: ran 'sbt bloopInstall' in 8.38s[0m
2024.04.20 17:40:44 INFO  Disconnecting from Bloop session...[0m
2024.04.20 17:40:44 INFO  Shut down connection with build server.[0m
2024.04.20 17:40:44 INFO  Shut down connection with build server.[0m
2024.04.20 17:40:44 INFO  Attempting to connect to the build server...[0m
2024.04.20 17:40:44 INFO  tracing is disabled for protocol BSP, to enable tracing of incoming and outgoing JSON messages create an empty file at /Users/mateusoliveirasantos/Documents/estudos/unb/tec_prog/code/the-one/.metals/bsp.trace.json or /Users/mateusoliveirasantos/Library/Caches/org.scalameta.metals/bsp.trace.json[0m
2024.04.20 17:40:44 INFO  Attempting to connect to the build server...[0m
2024.04.20 17:40:44 INFO  tracing is disabled for protocol BSP, to enable tracing of incoming and outgoing JSON messages create an empty file at /Users/mateusoliveirasantos/Documents/estudos/unb/tec_prog/code/the-one/project/.metals/bsp.trace.json or /Users/mateusoliveirasantos/Library/Caches/org.scalameta.metals/bsp.trace.json[0m
2024.04.20 17:40:44 INFO  time: Connected to build server in 45ms[0m
2024.04.20 17:40:44 INFO  Connected to Build server: Bloop v1.5.17[0m
2024.04.20 17:40:47 INFO  time: indexed workspace in 2.39s[0m
2024.04.20 17:40:53 INFO  time: code lens generation in 5.71s[0m
2024.04.20 17:42:20 INFO  compiling the-one-test (1 scala source)[0m
2024.04.20 17:42:20 INFO  time: compiled the-one-test in 0.3s[0m
2024.04.20 17:43:16 ERROR Failed to tokenize input for semantic tokens for /Users/mateusoliveirasantos/Documents/estudos/unb/tec_prog/code/the-one/src/test/scala/TheOneTest.scala
scala.meta.tokenizers.TokenizeException: <input>:5: error: unclosed string literal
    test(")
         ^
	at scala.meta.internal.tokenizers.Reporter.syntaxError(Reporter.scala:23)
	at scala.meta.internal.tokenizers.Reporter.syntaxError$(Reporter.scala:23)
	at scala.meta.internal.tokenizers.Reporter$$anon$1.syntaxError(Reporter.scala:33)
	at scala.meta.internal.tokenizers.Reporter.syntaxError(Reporter.scala:25)
	at scala.meta.internal.tokenizers.Reporter.syntaxError$(Reporter.scala:25)
	at scala.meta.internal.tokenizers.Reporter$$anon$1.syntaxError(Reporter.scala:33)
	at scala.meta.internal.tokenizers.LegacyScanner.getStringLit(LegacyScanner.scala:560)
	at scala.meta.internal.tokenizers.LegacyScanner.fetchDoubleQuote$1(LegacyScanner.scala:379)
	at scala.meta.internal.tokenizers.LegacyScanner.fetchToken(LegacyScanner.scala:383)
	at scala.meta.internal.tokenizers.LegacyScanner.nextToken(LegacyScanner.scala:214)
	at scala.meta.internal.tokenizers.LegacyScanner.foreach(LegacyScanner.scala:982)
	at scala.meta.internal.tokenizers.ScalametaTokenizer.uncachedTokenize(ScalametaTokenizer.scala:23)
	at scala.meta.internal.tokenizers.ScalametaTokenizer.$anonfun$tokenize$1(ScalametaTokenizer.scala:16)
	at scala.collection.concurrent.TrieMap.getOrElseUpdate(TrieMap.scala:960)
	at scala.meta.internal.tokenizers.ScalametaTokenizer.tokenize(ScalametaTokenizer.scala:16)
	at scala.meta.internal.tokenizers.ScalametaTokenizer$$anon$2.apply(ScalametaTokenizer.scala:331)
	at scala.meta.tokenizers.Api$XtensionTokenizeDialectInput.tokenize(Api.scala:25)
	at scala.meta.tokenizers.Api$XtensionTokenizeInputLike.tokenize(Api.scala:14)
	at scala.meta.internal.metals.SemanticTokensProvider$.getTokens(SemanticTokensProvider.scala:30)
	at scala.meta.internal.metals.SemanticTokensProvider$.provide(SemanticTokensProvider.scala:89)
	at scala.meta.internal.metals.Compilers.$anonfun$semanticTokens$3(Compilers.scala:597)
	at scala.concurrent.impl.Promise$Transformation.run(Promise.scala:467)
	at java.util.concurrent.ThreadPoolExecutor.runWorker(ThreadPoolExecutor.java:1144)
	at java.util.concurrent.ThreadPoolExecutor$Worker.run(ThreadPoolExecutor.java:642)
	at java.lang.Thread.run(Thread.java:1583)
[0m
2024.04.20 17:43:34 INFO  compiling the-one-test (1 scala source)[0m
2024.04.20 17:43:34 INFO  time: compiled the-one-test in 0.72s[0m
2024.04.20 17:48:23 INFO  compiling the-one-test (1 scala source)[0m
2024.04.20 17:48:23 INFO  time: compiled the-one-test in 72ms[0m
2024.04.20 17:48:30 INFO  compiling the-one-test (1 scala source)[0m
2024.04.20 17:48:30 INFO  time: compiled the-one-test in 43ms[0m
Apr 20, 2024 5:48:35 PM org.eclipse.lsp4j.jsonrpc.RemoteEndpoint handleCancellation
WARNING: Unmatched cancel notification for request id 1706
2024.04.20 17:48:35 INFO  compiling the-one-test (1 scala source)[0m
2024.04.20 17:48:35 INFO  time: compiled the-one-test in 58ms[0m
2024.04.20 17:48:38 INFO  compiling the-one-test (1 scala source)[0m
2024.04.20 17:48:38 INFO  time: compiled the-one-test in 46ms[0m
2024.04.20 17:49:48 INFO  compiling the-one (1 scala source)[0m
2024.04.20 17:49:48 INFO  time: compiled the-one in 0.49s[0m
Apr 20, 2024 5:49:52 PM org.eclipse.lsp4j.jsonrpc.RemoteEndpoint handleCancellation
WARNING: Unmatched cancel notification for request id 1844
2024.04.20 17:49:52 INFO  compiling the-one-test (1 scala source)[0m
2024.04.20 17:49:52 INFO  time: compiled the-one-test in 64ms[0m
Apr 20, 2024 5:50:03 PM org.eclipse.lsp4j.jsonrpc.RemoteEndpoint handleCancellation
WARNING: Unmatched cancel notification for request id 1893
2024.04.20 17:50:03 INFO  compiling the-one-test (1 scala source)[0m
2024.04.20 17:50:03 INFO  time: compiled the-one-test in 63ms[0m
2024.04.20 17:50:09 INFO  compiling the-one (1 scala source)[0m
2024.04.20 17:50:09 INFO  time: compiled the-one in 0.46s[0m
2024.04.20 17:50:11 INFO  compiling the-one (1 scala source)[0m
2024.04.20 17:50:11 INFO  time: compiled the-one in 0.33s[0m
Apr 20, 2024 5:50:11 PM org.eclipse.lsp4j.jsonrpc.RemoteEndpoint handleCancellation
WARNING: Unmatched cancel notification for request id 1971
2024.04.20 17:50:11 INFO  compiling the-one-test (1 scala source)[0m
2024.04.20 17:50:11 INFO  time: compiled the-one-test in 78ms[0m
2024.04.20 17:50:17 INFO  compiling the-one-test (1 scala source)[0m
2024.04.20 17:50:17 INFO  time: compiled the-one-test in 56ms[0m
2024.04.20 17:50:17 INFO  compiling the-one-test (1 scala source)[0m
2024.04.20 17:50:17 INFO  time: compiled the-one-test in 44ms[0m
2024.04.20 17:50:17 INFO  compiling the-one-test (1 scala source)[0m
2024.04.20 17:50:17 INFO  time: compiled the-one-test in 32ms[0m
2024.04.20 17:50:17 WARN  Using indexes to guess the definition of TheOne[0m
2024.04.20 17:50:27 INFO  compiling the-one-test (1 scala source)[0m
2024.04.20 17:50:27 INFO  time: compiled the-one-test in 48ms[0m
2024.04.20 17:50:31 INFO  compiling the-one-test (1 scala source)[0m
2024.04.20 17:50:31 WARN  Using indexes to guess the definition of TheOne[0m
2024.04.20 17:50:31 INFO  time: compiled the-one-test in 51ms[0m
2024.04.20 17:50:31 INFO  compiling the-one-test (1 scala source)[0m
2024.04.20 17:50:31 INFO  time: compiled the-one-test in 27ms[0m
2024.04.20 17:50:31 INFO  compiling the-one-test (1 scala source)[0m
2024.04.20 17:50:31 INFO  Deduplicating compilation of the-one-test from bsp client 'Metals 1.3.0' (since 9m 46.555s)[0m
2024.04.20 17:50:31 INFO  compiling the-one-test (1 scala source)[0m
2024.04.20 17:50:31 INFO  time: compiled the-one-test in 21ms[0m
2024.04.20 17:50:31 INFO  compiling the-one-test (1 scala source)[0m
2024.04.20 17:50:31 WARN  Using indexes to guess the definition of TheOne[0m
2024.04.20 17:50:31 INFO  time: compiled the-one-test in 29ms[0m
2024.04.20 17:50:31 INFO  compiling the-one-test (1 scala source)[0m
2024.04.20 17:50:31 INFO  time: compiled the-one-test in 30ms[0m
2024.04.20 17:50:51 INFO  compiling the-one-test (1 scala source)[0m
2024.04.20 17:50:51 INFO  time: compiled the-one-test in 0.11s[0m
Apr 20, 2024 5:51:00 PM org.eclipse.lsp4j.jsonrpc.RemoteEndpoint handleCancellation
WARNING: Unmatched cancel notification for request id 2130
2024.04.20 17:51:00 INFO  compiling the-one-test (1 scala source)[0m
2024.04.20 17:51:00 INFO  time: compiled the-one-test in 0.1s[0m
2024.04.20 17:55:19 INFO  compiling the-one-test (1 scala source)[0m
2024.04.20 17:55:19 INFO  time: compiled the-one-test in 0.16s[0m
2024.04.20 17:55:48 INFO  compiling the-one-test (1 scala source)[0m
2024.04.20 17:55:48 INFO  time: compiled the-one-test in 0.49s[0m
2024.04.20 17:55:51 INFO  compiling the-one-test (1 scala source)[0m
2024.04.20 17:55:51 INFO  time: compiled the-one-test in 0.45s[0m
2024.04.20 17:56:12 INFO  compiling the-one-test (1 scala source)[0m
2024.04.20 17:56:12 INFO  time: compiled the-one-test in 0.37s[0m
2024.04.20 17:56:15 INFO  compiling the-one-test (1 scala source)[0m
2024.04.20 17:56:15 INFO  time: compiled the-one-test in 0.29s[0m
2024.04.20 17:56:18 INFO  compiling the-one-test (1 scala source)[0m
2024.04.20 17:56:18 INFO  time: compiled the-one-test in 0.32s[0m
2024.04.20 17:56:25 INFO  compiling the-one-test (1 scala source)[0m
2024.04.20 17:56:25 INFO  time: compiled the-one-test in 0.3s[0m
2024.04.20 17:56:40 INFO  compiling the-one-test (1 scala source)[0m
2024.04.20 17:56:40 INFO  time: compiled the-one-test in 0.32s[0m
2024.04.20 17:56:53 INFO  compiling the-one-test (1 scala source)[0m
2024.04.20 17:56:53 INFO  time: compiled the-one-test in 0.33s[0m
Apr 20, 2024 5:56:54 PM org.eclipse.lsp4j.jsonrpc.RemoteEndpoint handleCancellation
WARNING: Unmatched cancel notification for request id 2518
2024.04.20 17:57:00 INFO  compiling the-one-test (1 scala source)[0m
2024.04.20 17:57:00 INFO  time: compiled the-one-test in 0.33s[0m
2024.04.20 17:57:10 INFO  compiling the-one-test (1 scala source)[0m
2024.04.20 17:57:10 INFO  time: compiled the-one-test in 0.49s[0m
2024.04.20 17:58:20 ERROR Failed to tokenize input for semantic tokens for /Users/mateusoliveirasantos/Documents/estudos/unb/tec_prog/code/the-one/src/main/scala/Main.scala
scala.meta.tokenizers.TokenizeException: <input>:12: error: invalid escape character
    inputString.replaceAll("\W", "")
                             ^
	at scala.meta.internal.tokenizers.Reporter.syntaxError(Reporter.scala:23)
	at scala.meta.internal.tokenizers.Reporter.syntaxError$(Reporter.scala:23)
	at scala.meta.internal.tokenizers.Reporter$$anon$1.syntaxError(Reporter.scala:33)
	at scala.meta.internal.tokenizers.Reporter.syntaxError(Reporter.scala:25)
	at scala.meta.internal.tokenizers.Reporter.syntaxError$(Reporter.scala:25)
	at scala.meta.internal.tokenizers.Reporter$$anon$1.syntaxError(Reporter.scala:33)
	at scala.meta.internal.tokenizers.LegacyScanner.invalidEscape(LegacyScanner.scala:751)
	at scala.meta.internal.tokenizers.LegacyScanner.getLitChar(LegacyScanner.scala:739)
	at scala.meta.internal.tokenizers.LegacyScanner.getLitChars(LegacyScanner.scala:760)
	at scala.meta.internal.tokenizers.LegacyScanner.getStringLit(LegacyScanner.scala:553)
	at scala.meta.internal.tokenizers.LegacyScanner.fetchDoubleQuote$1(LegacyScanner.scala:379)
	at scala.meta.internal.tokenizers.LegacyScanner.fetchToken(LegacyScanner.scala:383)
	at scala.meta.internal.tokenizers.LegacyScanner.nextToken(LegacyScanner.scala:214)
	at scala.meta.internal.tokenizers.LegacyScanner.foreach(LegacyScanner.scala:982)
	at scala.meta.internal.tokenizers.ScalametaTokenizer.uncachedTokenize(ScalametaTokenizer.scala:23)
	at scala.meta.internal.tokenizers.ScalametaTokenizer.$anonfun$tokenize$1(ScalametaTokenizer.scala:16)
	at scala.collection.concurrent.TrieMap.getOrElseUpdate(TrieMap.scala:960)
	at scala.meta.internal.tokenizers.ScalametaTokenizer.tokenize(ScalametaTokenizer.scala:16)
	at scala.meta.internal.tokenizers.ScalametaTokenizer$$anon$2.apply(ScalametaTokenizer.scala:331)
	at scala.meta.tokenizers.Api$XtensionTokenizeDialectInput.tokenize(Api.scala:25)
	at scala.meta.tokenizers.Api$XtensionTokenizeInputLike.tokenize(Api.scala:14)
	at scala.meta.internal.metals.SemanticTokensProvider$.getTokens(SemanticTokensProvider.scala:30)
	at scala.meta.internal.metals.SemanticTokensProvider$.provide(SemanticTokensProvider.scala:89)
	at scala.meta.internal.metals.Compilers.$anonfun$semanticTokens$3(Compilers.scala:597)
	at scala.concurrent.impl.Promise$Transformation.run(Promise.scala:467)
	at java.util.concurrent.ThreadPoolExecutor.runWorker(ThreadPoolExecutor.java:1144)
	at java.util.concurrent.ThreadPoolExecutor$Worker.run(ThreadPoolExecutor.java:642)
	at java.lang.Thread.run(Thread.java:1583)
[0m
2024.04.20 17:59:04 ERROR Failed to tokenize input for semantic tokens for /Users/mateusoliveirasantos/Documents/estudos/unb/tec_prog/code/the-one/src/main/scala/Main.scala
scala.meta.tokenizers.TokenizeException: <input>:12: error: unclosed string literal
    inputString.replaceAll("\\W\", "")
                                    ^
	at scala.meta.internal.tokenizers.Reporter.syntaxError(Reporter.scala:23)
	at scala.meta.internal.tokenizers.Reporter.syntaxError$(Reporter.scala:23)
	at scala.meta.internal.tokenizers.Reporter$$anon$1.syntaxError(Reporter.scala:33)
	at scala.meta.internal.tokenizers.Reporter.syntaxError(Reporter.scala:25)
	at scala.meta.internal.tokenizers.Reporter.syntaxError$(Reporter.scala:25)
	at scala.meta.internal.tokenizers.Reporter$$anon$1.syntaxError(Reporter.scala:33)
	at scala.meta.internal.tokenizers.LegacyScanner.getStringLit(LegacyScanner.scala:560)
	at scala.meta.internal.tokenizers.LegacyScanner.fetchDoubleQuote$1(LegacyScanner.scala:379)
	at scala.meta.internal.tokenizers.LegacyScanner.fetchToken(LegacyScanner.scala:383)
	at scala.meta.internal.tokenizers.LegacyScanner.nextToken(LegacyScanner.scala:214)
	at scala.meta.internal.tokenizers.LegacyScanner.foreach(LegacyScanner.scala:982)
	at scala.meta.internal.tokenizers.ScalametaTokenizer.uncachedTokenize(ScalametaTokenizer.scala:23)
	at scala.meta.internal.tokenizers.ScalametaTokenizer.$anonfun$tokenize$1(ScalametaTokenizer.scala:16)
	at scala.collection.concurrent.TrieMap.getOrElseUpdate(TrieMap.scala:960)
	at scala.meta.internal.tokenizers.ScalametaTokenizer.tokenize(ScalametaTokenizer.scala:16)
	at scala.meta.internal.tokenizers.ScalametaTokenizer$$anon$2.apply(ScalametaTokenizer.scala:331)
	at scala.meta.tokenizers.Api$XtensionTokenizeDialectInput.tokenize(Api.scala:25)
	at scala.meta.tokenizers.Api$XtensionTokenizeInputLike.tokenize(Api.scala:14)
	at scala.meta.internal.metals.SemanticTokensProvider$.getTokens(SemanticTokensProvider.scala:30)
	at scala.meta.internal.metals.SemanticTokensProvider$.provide(SemanticTokensProvider.scala:89)
	at scala.meta.internal.metals.Compilers.$anonfun$semanticTokens$3(Compilers.scala:597)
	at scala.concurrent.impl.Promise$Transformation.run(Promise.scala:467)
	at java.util.concurrent.ThreadPoolExecutor.runWorker(ThreadPoolExecutor.java:1144)
	at java.util.concurrent.ThreadPoolExecutor$Worker.run(ThreadPoolExecutor.java:642)
	at java.lang.Thread.run(Thread.java:1583)
[0m
2024.04.20 17:59:06 ERROR Failed to tokenize input for semantic tokens for /Users/mateusoliveirasantos/Documents/estudos/unb/tec_prog/code/the-one/src/main/scala/Main.scala
scala.meta.tokenizers.TokenizeException: <input>:12: error: unclosed multi-line string literal
    inputString.replaceAll(""", "")
                           ^
	at scala.meta.internal.tokenizers.Reporter.incompleteInputError(Reporter.scala:27)
	at scala.meta.internal.tokenizers.Reporter.incompleteInputError$(Reporter.scala:26)
	at scala.meta.internal.tokenizers.Reporter$$anon$1.incompleteInputError(Reporter.scala:33)
	at scala.meta.internal.tokenizers.Reporter.incompleteInputError(Reporter.scala:29)
	at scala.meta.internal.tokenizers.Reporter.incompleteInputError$(Reporter.scala:29)
	at scala.meta.internal.tokenizers.Reporter$$anon$1.incompleteInputError(Reporter.scala:33)
	at scala.meta.internal.tokenizers.LegacyScanner.getRawStringLit(LegacyScanner.scala:574)
	at scala.meta.internal.tokenizers.LegacyScanner.fetchDoubleQuote$1(LegacyScanner.scala:373)
	at scala.meta.internal.tokenizers.LegacyScanner.fetchToken(LegacyScanner.scala:383)
	at scala.meta.internal.tokenizers.LegacyScanner.nextToken(LegacyScanner.scala:214)
	at scala.meta.internal.tokenizers.LegacyScanner.foreach(LegacyScanner.scala:982)
	at scala.meta.internal.tokenizers.ScalametaTokenizer.uncachedTokenize(ScalametaTokenizer.scala:23)
	at scala.meta.internal.tokenizers.ScalametaTokenizer.$anonfun$tokenize$1(ScalametaTokenizer.scala:16)
	at scala.collection.concurrent.TrieMap.getOrElseUpdate(TrieMap.scala:960)
	at scala.meta.internal.tokenizers.ScalametaTokenizer.tokenize(ScalametaTokenizer.scala:16)
	at scala.meta.internal.tokenizers.ScalametaTokenizer$$anon$2.apply(ScalametaTokenizer.scala:331)
	at scala.meta.tokenizers.Api$XtensionTokenizeDialectInput.tokenize(Api.scala:25)
	at scala.meta.tokenizers.Api$XtensionTokenizeInputLike.tokenize(Api.scala:14)
	at scala.meta.internal.metals.SemanticTokensProvider$.getTokens(SemanticTokensProvider.scala:30)
	at scala.meta.internal.metals.SemanticTokensProvider$.provide(SemanticTokensProvider.scala:89)
	at scala.meta.internal.metals.Compilers.$anonfun$semanticTokens$3(Compilers.scala:597)
	at scala.concurrent.impl.Promise$Transformation.run(Promise.scala:467)
	at java.util.concurrent.ThreadPoolExecutor.runWorker(ThreadPoolExecutor.java:1144)
	at java.util.concurrent.ThreadPoolExecutor$Worker.run(ThreadPoolExecutor.java:642)
	at java.lang.Thread.run(Thread.java:1583)
[0m
2024.04.20 17:59:18 INFO  compiling the-one (1 scala source)[0m
2024.04.20 17:59:18 INFO  time: compiled the-one in 0.45s[0m
2024.04.20 17:59:22 INFO  compiling the-one (1 scala source)[0m
2024.04.20 17:59:22 INFO  time: compiled the-one in 0.33s[0m
2024.04.20 17:59:28 INFO  compiling the-one (1 scala source)[0m
2024.04.20 17:59:28 INFO  time: compiled the-one in 0.36s[0m
Apr 20, 2024 6:00:02 PM org.eclipse.lsp4j.jsonrpc.RemoteEndpoint handleCancellation
WARNING: Unmatched cancel notification for request id 2763
2024.04.20 18:00:10 INFO  compiling the-one-test (1 scala source)[0m
2024.04.20 18:00:10 INFO  time: compiled the-one-test in 0.34s[0m
Apr 20, 2024 6:03:21 PM org.eclipse.lsp4j.jsonrpc.RemoteEndpoint handleCancellation
WARNING: Unmatched cancel notification for request id 2874
2024.04.20 18:03:22 INFO  compiling the-one-test (1 scala source)[0m
2024.04.20 18:03:22 INFO  time: compiled the-one-test in 0.4s[0m
2024.04.20 18:03:49 INFO  compiling the-one-test (1 scala source)[0m
2024.04.20 18:03:49 INFO  time: compiled the-one-test in 0.33s[0m
2024.04.20 18:03:51 INFO  compiling the-one-test (1 scala source)[0m
2024.04.20 18:03:51 WARN  Could not load snapshot text for /Users/mateusoliveirasantos/Documents/estudos/unb/tec_prog/code/the-one/src/test/scala/TheOneTest.scala[0m
2024.04.20 18:03:51 WARN  Could not load snapshot text for /Users/mateusoliveirasantos/Documents/estudos/unb/tec_prog/code/the-one/src/test/scala/TheOneTest.scala[0m
2024.04.20 18:03:51 WARN  Could not load snapshot text for /Users/mateusoliveirasantos/Documents/estudos/unb/tec_prog/code/the-one/src/test/scala/TheOneTest.scala[0m
2024.04.20 18:03:51 WARN  Could not load snapshot text for /Users/mateusoliveirasantos/Documents/estudos/unb/tec_prog/code/the-one/src/test/scala/TheOneTest.scala[0m
2024.04.20 18:03:51 INFO  time: compiled the-one-test in 0.29s[0m
2024.04.20 18:03:54 INFO  compiling the-one-test (1 scala source)[0m
2024.04.20 18:03:54 INFO  time: compiled the-one-test in 0.34s[0m
2024.04.20 18:04:02 INFO  compiling the-one-test (1 scala source)[0m
2024.04.20 18:04:02 INFO  time: compiled the-one-test in 0.44s[0m
2024.04.20 18:04:05 INFO  compiling the-one-test (1 scala source)[0m
2024.04.20 18:04:05 INFO  time: compiled the-one-test in 0.26s[0m
2024.04.20 18:04:14 INFO  compiling the-one-test (1 scala source)[0m
2024.04.20 18:04:14 INFO  time: compiled the-one-test in 0.29s[0m
2024.04.20 18:04:22 INFO  compiling the-one-test (1 scala source)[0m
2024.04.20 18:04:22 WARN  Could not load snapshot text for /Users/mateusoliveirasantos/Documents/estudos/unb/tec_prog/code/the-one/src/test/scala/TheOneTest.scala[0m
2024.04.20 18:04:22 WARN  Could not load snapshot text for /Users/mateusoliveirasantos/Documents/estudos/unb/tec_prog/code/the-one/src/test/scala/TheOneTest.scala[0m
2024.04.20 18:04:22 INFO  time: compiled the-one-test in 0.36s[0m
2024.04.20 18:04:37 INFO  compiling the-one-test (1 scala source)[0m
2024.04.20 18:04:37 INFO  time: compiled the-one-test in 0.3s[0m
2024.04.20 18:05:14 INFO  compiling the-one-test (1 scala source)[0m
2024.04.20 18:05:14 INFO  time: compiled the-one-test in 0.4s[0m
2024.04.20 18:05:44 INFO  compiling the-one-test (1 scala source)[0m
2024.04.20 18:05:44 INFO  time: compiled the-one-test in 0.37s[0m
2024.04.20 18:05:56 WARN  Could not load snapshot text for /Users/mateusoliveirasantos/Documents/estudos/unb/tec_prog/code/the-one/src/test/scala/TheOneTest.scala[0m
2024.04.20 18:05:56 WARN  Could not load snapshot text for /Users/mateusoliveirasantos/Documents/estudos/unb/tec_prog/code/the-one/src/test/scala/TheOneTest.scala[0m
2024.04.20 18:05:56 INFO  compiling the-one-test (1 scala source)[0m
2024.04.20 18:05:56 WARN  Could not load snapshot text for /Users/mateusoliveirasantos/Documents/estudos/unb/tec_prog/code/the-one/src/test/scala/TheOneTest.scala[0m
2024.04.20 18:05:56 INFO  time: compiled the-one-test in 0.43s[0m
2024.04.20 18:06:04 INFO  compiling the-one-test (1 scala source)[0m
2024.04.20 18:06:04 INFO  time: compiled the-one-test in 0.35s[0m
2024.04.20 18:06:09 INFO  compiling the-one-test (1 scala source)[0m
2024.04.20 18:06:10 WARN  Could not load snapshot text for /Users/mateusoliveirasantos/Documents/estudos/unb/tec_prog/code/the-one/src/test/scala/TheOneTest.scala[0m
2024.04.20 18:06:10 WARN  Could not load snapshot text for /Users/mateusoliveirasantos/Documents/estudos/unb/tec_prog/code/the-one/src/test/scala/TheOneTest.scala[0m
2024.04.20 18:06:09 INFO  time: compiled the-one-test in 0.45s[0m
2024.04.20 18:06:28 INFO  compiling the-one-test (1 scala source)[0m
2024.04.20 18:06:28 INFO  time: compiled the-one-test in 0.39s[0m
2024.04.20 18:06:35 INFO  compiling the-one-test (1 scala source)[0m
2024.04.20 18:06:35 WARN  Could not load snapshot text for /Users/mateusoliveirasantos/Documents/estudos/unb/tec_prog/code/the-one/src/test/scala/TheOneTest.scala[0m
2024.04.20 18:06:35 WARN  Could not load snapshot text for /Users/mateusoliveirasantos/Documents/estudos/unb/tec_prog/code/the-one/src/test/scala/TheOneTest.scala[0m
2024.04.20 18:06:35 WARN  Could not load snapshot text for /Users/mateusoliveirasantos/Documents/estudos/unb/tec_prog/code/the-one/src/test/scala/TheOneTest.scala[0m
2024.04.20 18:06:35 INFO  time: compiled the-one-test in 0.35s[0m
2024.04.20 18:07:08 ERROR Failed to tokenize input for semantic tokens for /Users/mateusoliveirasantos/Documents/estudos/unb/tec_prog/code/the-one/src/test/scala/TheOneTest.scala
scala.meta.tokenizers.TokenizeException: <input>:18: error: unclosed string literal
    assert(TheOne.normalize("line1 still line 1\nline2\") == "not_all upper! :)")
                                                                               ^
	at scala.meta.internal.tokenizers.Reporter.syntaxError(Reporter.scala:23)
	at scala.meta.internal.tokenizers.Reporter.syntaxError$(Reporter.scala:23)
	at scala.meta.internal.tokenizers.Reporter$$anon$1.syntaxError(Reporter.scala:33)
	at scala.meta.internal.tokenizers.Reporter.syntaxError(Reporter.scala:25)
	at scala.meta.internal.tokenizers.Reporter.syntaxError$(Reporter.scala:25)
	at scala.meta.internal.tokenizers.Reporter$$anon$1.syntaxError(Reporter.scala:33)
	at scala.meta.internal.tokenizers.LegacyScanner.getStringLit(LegacyScanner.scala:560)
	at scala.meta.internal.tokenizers.LegacyScanner.fetchDoubleQuote$1(LegacyScanner.scala:379)
	at scala.meta.internal.tokenizers.LegacyScanner.fetchToken(LegacyScanner.scala:383)
	at scala.meta.internal.tokenizers.LegacyScanner.nextToken(LegacyScanner.scala:214)
	at scala.meta.internal.tokenizers.LegacyScanner.foreach(LegacyScanner.scala:982)
	at scala.meta.internal.tokenizers.ScalametaTokenizer.uncachedTokenize(ScalametaTokenizer.scala:23)
	at scala.meta.internal.tokenizers.ScalametaTokenizer.$anonfun$tokenize$1(ScalametaTokenizer.scala:16)
	at scala.collection.concurrent.TrieMap.getOrElseUpdate(TrieMap.scala:960)
	at scala.meta.internal.tokenizers.ScalametaTokenizer.tokenize(ScalametaTokenizer.scala:16)
	at scala.meta.internal.tokenizers.ScalametaTokenizer$$anon$2.apply(ScalametaTokenizer.scala:331)
	at scala.meta.tokenizers.Api$XtensionTokenizeDialectInput.tokenize(Api.scala:25)
	at scala.meta.tokenizers.Api$XtensionTokenizeInputLike.tokenize(Api.scala:14)
	at scala.meta.internal.metals.SemanticTokensProvider$.getTokens(SemanticTokensProvider.scala:30)
	at scala.meta.internal.metals.SemanticTokensProvider$.provide(SemanticTokensProvider.scala:89)
	at scala.meta.internal.metals.Compilers.$anonfun$semanticTokens$3(Compilers.scala:597)
	at scala.concurrent.impl.Promise$Transformation.run(Promise.scala:467)
	at java.util.concurrent.ThreadPoolExecutor.runWorker(ThreadPoolExecutor.java:1144)
	at java.util.concurrent.ThreadPoolExecutor$Worker.run(ThreadPoolExecutor.java:642)
	at java.lang.Thread.run(Thread.java:1583)
[0m
2024.04.20 18:07:12 INFO  compiling the-one-test (1 scala source)[0m
2024.04.20 18:07:12 INFO  time: compiled the-one-test in 0.35s[0m
2024.04.20 18:07:18 INFO  compiling the-one-test (1 scala source)[0m
2024.04.20 18:07:18 INFO  time: compiled the-one-test in 0.31s[0m
2024.04.20 18:07:22 INFO  compiling the-one-test (1 scala source)[0m
2024.04.20 18:07:22 WARN  Could not load snapshot text for /Users/mateusoliveirasantos/Documents/estudos/unb/tec_prog/code/the-one/src/test/scala/TheOneTest.scala[0m
2024.04.20 18:07:22 WARN  Could not load snapshot text for /Users/mateusoliveirasantos/Documents/estudos/unb/tec_prog/code/the-one/src/test/scala/TheOneTest.scala[0m
2024.04.20 18:07:22 INFO  time: compiled the-one-test in 0.33s[0m
2024.04.20 18:07:53 INFO  compiling the-one-test (1 scala source)[0m
2024.04.20 18:07:53 INFO  time: compiled the-one-test in 53ms[0m
2024.04.20 18:07:54 ERROR scalafmt: /Users/mateusoliveirasantos/Documents/estudos/unb/tec_prog/code/the-one/src/test/scala/TheOneTest.scala:22: error: [dialect scala213] type application is not allowed for postfix operators
    )
    ^[0m
2024.04.20 18:07:55 INFO  compiling the-one-test (1 scala source)[0m
2024.04.20 18:07:55 INFO  time: compiled the-one-test in 58ms[0m
2024.04.20 18:08:47 INFO  compiling the-one-test (1 scala source)[0m
2024.04.20 18:08:47 INFO  time: compiled the-one-test in 0.5s[0m
2024.04.20 18:09:00 INFO  compiling the-one-test (1 scala source)[0m
2024.04.20 18:09:00 INFO  time: compiled the-one-test in 0.57s[0m
2024.04.20 18:09:32 INFO  compiling the-one-test (1 scala source)[0m
2024.04.20 18:09:32 INFO  time: compiled the-one-test in 0.39s[0m
Apr 20, 2024 6:10:14 PM org.eclipse.lsp4j.jsonrpc.RemoteEndpoint handleCancellation
WARNING: Unmatched cancel notification for request id 4137
Apr 20, 2024 6:11:13 PM org.eclipse.lsp4j.jsonrpc.RemoteEndpoint handleCancellation
WARNING: Unmatched cancel notification for request id 4196
2024.04.20 18:11:13 INFO  compiling the-one-test (1 scala source)[0m
2024.04.20 18:11:13 WARN  2 deprecations (since 2.13.0); re-run with -deprecation for details[0m
2024.04.20 18:11:13 INFO  time: compiled the-one-test in 0.7s[0m
2024.04.20 18:13:11 INFO  compiling the-one-test (1 scala source)[0m
2024.04.20 18:13:11 WARN  2 deprecations (since 2.13.0); re-run with -deprecation for details[0m
2024.04.20 18:13:11 INFO  time: compiled the-one-test in 0.41s[0m
2024.04.20 18:13:14 INFO  compiling the-one-test (1 scala source)[0m
2024.04.20 18:13:14 WARN  2 deprecations (since 2.13.0); re-run with -deprecation for details[0m
2024.04.20 18:13:14 INFO  time: compiled the-one-test in 0.35s[0m
Apr 20, 2024 6:13:45 PM org.eclipse.lsp4j.jsonrpc.RemoteEndpoint handleCancellation
WARNING: Unmatched cancel notification for request id 4296
2024.04.20 18:13:57 INFO  compiling the-one-test (1 scala source)[0m
2024.04.20 18:13:57 WARN  Could not load snapshot text for /Users/mateusoliveirasantos/Documents/estudos/unb/tec_prog/code/the-one/src/test/scala/TheOneTest.scala[0m
2024.04.20 18:13:57 WARN  Could not load snapshot text for /Users/mateusoliveirasantos/Documents/estudos/unb/tec_prog/code/the-one/src/test/scala/TheOneTest.scala[0m
2024.04.20 18:13:57 WARN  2 deprecations (since 2.13.0); re-run with -deprecation for details[0m
2024.04.20 18:13:57 INFO  time: compiled the-one-test in 0.4s[0m
2024.04.20 18:14:13 INFO  compiling the-one-test (1 scala source)[0m
2024.04.20 18:14:13 WARN  2 deprecations (since 2.13.0); re-run with -deprecation for details[0m
2024.04.20 18:14:13 INFO  time: compiled the-one-test in 0.35s[0m
2024.04.20 18:14:19 INFO  compiling the-one-test (1 scala source)[0m
2024.04.20 18:14:19 WARN  2 deprecations (since 2.13.0); re-run with -deprecation for details[0m
2024.04.20 18:14:19 INFO  time: compiled the-one-test in 0.38s[0m
2024.04.20 18:14:34 ERROR Failed to tokenize input for semantic tokens for /Users/mateusoliveirasantos/Documents/estudos/unb/tec_prog/code/the-one/src/test/scala/TheOneTest.scala
scala.meta.tokenizers.TokenizeException: <input>:21: error: unclosed string literal
        .seq == Array("word1", "word2", ").seq
                                        ^
	at scala.meta.internal.tokenizers.Reporter.syntaxError(Reporter.scala:23)
	at scala.meta.internal.tokenizers.Reporter.syntaxError$(Reporter.scala:23)
	at scala.meta.internal.tokenizers.Reporter$$anon$1.syntaxError(Reporter.scala:33)
	at scala.meta.internal.tokenizers.Reporter.syntaxError(Reporter.scala:25)
	at scala.meta.internal.tokenizers.Reporter.syntaxError$(Reporter.scala:25)
	at scala.meta.internal.tokenizers.Reporter$$anon$1.syntaxError(Reporter.scala:33)
	at scala.meta.internal.tokenizers.LegacyScanner.getStringLit(LegacyScanner.scala:560)
	at scala.meta.internal.tokenizers.LegacyScanner.fetchDoubleQuote$1(LegacyScanner.scala:379)
	at scala.meta.internal.tokenizers.LegacyScanner.fetchToken(LegacyScanner.scala:383)
	at scala.meta.internal.tokenizers.LegacyScanner.nextToken(LegacyScanner.scala:214)
	at scala.meta.internal.tokenizers.LegacyScanner.foreach(LegacyScanner.scala:982)
	at scala.meta.internal.tokenizers.ScalametaTokenizer.uncachedTokenize(ScalametaTokenizer.scala:23)
	at scala.meta.internal.tokenizers.ScalametaTokenizer.$anonfun$tokenize$1(ScalametaTokenizer.scala:16)
	at scala.collection.concurrent.TrieMap.getOrElseUpdate(TrieMap.scala:960)
	at scala.meta.internal.tokenizers.ScalametaTokenizer.tokenize(ScalametaTokenizer.scala:16)
	at scala.meta.internal.tokenizers.ScalametaTokenizer$$anon$2.apply(ScalametaTokenizer.scala:331)
	at scala.meta.tokenizers.Api$XtensionTokenizeDialectInput.tokenize(Api.scala:25)
	at scala.meta.tokenizers.Api$XtensionTokenizeInputLike.tokenize(Api.scala:14)
	at scala.meta.internal.metals.SemanticTokensProvider$.getTokens(SemanticTokensProvider.scala:30)
	at scala.meta.internal.metals.SemanticTokensProvider$.provide(SemanticTokensProvider.scala:89)
	at scala.meta.internal.metals.Compilers.$anonfun$semanticTokens$3(Compilers.scala:597)
	at scala.concurrent.impl.Promise$Transformation.run(Promise.scala:467)
	at java.util.concurrent.ThreadPoolExecutor.runWorker(ThreadPoolExecutor.java:1144)
	at java.util.concurrent.ThreadPoolExecutor$Worker.run(ThreadPoolExecutor.java:642)
	at java.lang.Thread.run(Thread.java:1583)
[0m
2024.04.20 18:14:40 INFO  compiling the-one-test (1 scala source)[0m
2024.04.20 18:14:40 WARN  2 deprecations (since 2.13.0); re-run with -deprecation for details[0m
2024.04.20 18:14:40 INFO  time: compiled the-one-test in 0.35s[0m
2024.04.20 18:14:42 INFO  compiling the-one-test (1 scala source)[0m
2024.04.20 18:14:42 WARN  2 deprecations (since 2.13.0); re-run with -deprecation for details[0m
2024.04.20 18:14:42 INFO  time: compiled the-one-test in 0.2s[0m
2024.04.20 18:15:00 INFO  compiling the-one (1 scala source)[0m
2024.04.20 18:15:00 INFO  time: compiled the-one in 0.41s[0m
Apr 20, 2024 6:15:11 PM org.eclipse.lsp4j.jsonrpc.RemoteEndpoint handleCancellation
WARNING: Unmatched cancel notification for request id 4593
2024.04.20 18:15:21 INFO  compiling the-one-test (1 scala source)[0m
2024.04.20 18:15:21 WARN  2 deprecations (since 2.13.0); re-run with -deprecation for details[0m
2024.04.20 18:15:21 INFO  time: compiled the-one-test in 0.37s[0m
2024.04.20 18:16:03 INFO  compiling the-one-test (1 scala source)[0m
2024.04.20 18:16:03 INFO  time: compiled the-one-test in 0.11s[0m
2024.04.20 18:16:34 INFO  compiling the-one-test (1 scala source)[0m
2024.04.20 18:16:34 INFO  time: compiled the-one-test in 51ms[0m
2024.04.20 18:16:46 ERROR Failed to tokenize input for semantic tokens for /Users/mateusoliveirasantos/Documents/estudos/unb/tec_prog/code/the-one/src/test/scala/TheOneTest.scala
scala.meta.tokenizers.TokenizeException: <input>:26: error: unclosed string literal
    assert(TheOne.removeStopWords(["w1", "w2", "w3", "]))
                                                     ^
	at scala.meta.internal.tokenizers.Reporter.syntaxError(Reporter.scala:23)
	at scala.meta.internal.tokenizers.Reporter.syntaxError$(Reporter.scala:23)
	at scala.meta.internal.tokenizers.Reporter$$anon$1.syntaxError(Reporter.scala:33)
	at scala.meta.internal.tokenizers.Reporter.syntaxError(Reporter.scala:25)
	at scala.meta.internal.tokenizers.Reporter.syntaxError$(Reporter.scala:25)
	at scala.meta.internal.tokenizers.Reporter$$anon$1.syntaxError(Reporter.scala:33)
	at scala.meta.internal.tokenizers.LegacyScanner.getStringLit(LegacyScanner.scala:560)
	at scala.meta.internal.tokenizers.LegacyScanner.fetchDoubleQuote$1(LegacyScanner.scala:379)
	at scala.meta.internal.tokenizers.LegacyScanner.fetchToken(LegacyScanner.scala:383)
	at scala.meta.internal.tokenizers.LegacyScanner.nextToken(LegacyScanner.scala:214)
	at scala.meta.internal.tokenizers.LegacyScanner.foreach(LegacyScanner.scala:982)
	at scala.meta.internal.tokenizers.ScalametaTokenizer.uncachedTokenize(ScalametaTokenizer.scala:23)
	at scala.meta.internal.tokenizers.ScalametaTokenizer.$anonfun$tokenize$1(ScalametaTokenizer.scala:16)
	at scala.collection.concurrent.TrieMap.getOrElseUpdate(TrieMap.scala:960)
	at scala.meta.internal.tokenizers.ScalametaTokenizer.tokenize(ScalametaTokenizer.scala:16)
	at scala.meta.internal.tokenizers.ScalametaTokenizer$$anon$2.apply(ScalametaTokenizer.scala:331)
	at scala.meta.tokenizers.Api$XtensionTokenizeDialectInput.tokenize(Api.scala:25)
	at scala.meta.tokenizers.Api$XtensionTokenizeInputLike.tokenize(Api.scala:14)
	at scala.meta.internal.metals.SemanticTokensProvider$.getTokens(SemanticTokensProvider.scala:30)
	at scala.meta.internal.metals.SemanticTokensProvider$.provide(SemanticTokensProvider.scala:89)
	at scala.meta.internal.metals.Compilers.$anonfun$semanticTokens$3(Compilers.scala:597)
	at scala.concurrent.impl.Promise$Transformation.run(Promise.scala:467)
	at java.util.concurrent.ThreadPoolExecutor.runWorker(ThreadPoolExecutor.java:1144)
	at java.util.concurrent.ThreadPoolExecutor$Worker.run(ThreadPoolExecutor.java:642)
	at java.lang.Thread.run(Thread.java:1583)
[0m
Apr 20, 2024 6:17:05 PM org.eclipse.lsp4j.jsonrpc.RemoteEndpoint handleCancellation
WARNING: Unmatched cancel notification for request id 5165
2024.04.20 18:17:35 ERROR Failed to tokenize input for semantic tokens for /Users/mateusoliveirasantos/Documents/estudos/unb/tec_prog/code/the-one/src/test/scala/TheOneTest.scala
scala.meta.tokenizers.TokenizeException: <input>:26: error: unclosed string literal
    assert(TheOne.removeStopWords(Array("w1", "w2", "w3", "w4"), Array()) == Array("w1", "))
                                                                                         ^
	at scala.meta.internal.tokenizers.Reporter.syntaxError(Reporter.scala:23)
	at scala.meta.internal.tokenizers.Reporter.syntaxError$(Reporter.scala:23)
	at scala.meta.internal.tokenizers.Reporter$$anon$1.syntaxError(Reporter.scala:33)
	at scala.meta.internal.tokenizers.Reporter.syntaxError(Reporter.scala:25)
	at scala.meta.internal.tokenizers.Reporter.syntaxError$(Reporter.scala:25)
	at scala.meta.internal.tokenizers.Reporter$$anon$1.syntaxError(Reporter.scala:33)
	at scala.meta.internal.tokenizers.LegacyScanner.getStringLit(LegacyScanner.scala:560)
	at scala.meta.internal.tokenizers.LegacyScanner.fetchDoubleQuote$1(LegacyScanner.scala:379)
	at scala.meta.internal.tokenizers.LegacyScanner.fetchToken(LegacyScanner.scala:383)
	at scala.meta.internal.tokenizers.LegacyScanner.nextToken(LegacyScanner.scala:214)
	at scala.meta.internal.tokenizers.LegacyScanner.foreach(LegacyScanner.scala:982)
	at scala.meta.internal.tokenizers.ScalametaTokenizer.uncachedTokenize(ScalametaTokenizer.scala:23)
	at scala.meta.internal.tokenizers.ScalametaTokenizer.$anonfun$tokenize$1(ScalametaTokenizer.scala:16)
	at scala.collection.concurrent.TrieMap.getOrElseUpdate(TrieMap.scala:960)
	at scala.meta.internal.tokenizers.ScalametaTokenizer.tokenize(ScalametaTokenizer.scala:16)
	at scala.meta.internal.tokenizers.ScalametaTokenizer$$anon$2.apply(ScalametaTokenizer.scala:331)
	at scala.meta.tokenizers.Api$XtensionTokenizeDialectInput.tokenize(Api.scala:25)
	at scala.meta.tokenizers.Api$XtensionTokenizeInputLike.tokenize(Api.scala:14)
	at scala.meta.internal.metals.SemanticTokensProvider$.getTokens(SemanticTokensProvider.scala:30)
	at scala.meta.internal.metals.SemanticTokensProvider$.provide(SemanticTokensProvider.scala:89)
	at scala.meta.internal.metals.Compilers.$anonfun$semanticTokens$3(Compilers.scala:597)
	at scala.concurrent.impl.Promise$Transformation.run(Promise.scala:467)
	at java.util.concurrent.ThreadPoolExecutor.runWorker(ThreadPoolExecutor.java:1144)
	at java.util.concurrent.ThreadPoolExecutor$Worker.run(ThreadPoolExecutor.java:642)
	at java.lang.Thread.run(Thread.java:1583)
[0m
2024.04.20 18:17:39 INFO  compiling the-one-test (1 scala source)[0m
2024.04.20 18:17:39 INFO  time: compiled the-one-test in 0.11s[0m
2024.04.20 18:17:51 INFO  compiling the-one-test (1 scala source)[0m
2024.04.20 18:17:51 INFO  time: compiled the-one-test in 97ms[0m
2024.04.20 18:17:52 INFO  compiling the-one-test (1 scala source)[0m
2024.04.20 18:17:52 INFO  time: compiled the-one-test in 71ms[0m
something's wrong: no file:///Users/mateusoliveirasantos/Documents/estudos/unb/tec_prog/code/the-one/src/main/scala/Main.scala in Array[<error>]RangePosition(file:///Users/mateusoliveirasantos/Documents/estudos/unb/tec_prog/code/the-one/src/main/scala/Main.scala, 444, 444, 459)
2024.04.20 18:18:16 INFO  compiling the-one (1 scala source)[0m
2024.04.20 18:18:16 INFO  time: compiled the-one in 56ms[0m
something's wrong: no file:///Users/mateusoliveirasantos/Documents/estudos/unb/tec_prog/code/the-one/src/main/scala/Main.scala in Array[<error>]RangePosition(file:///Users/mateusoliveirasantos/Documents/estudos/unb/tec_prog/code/the-one/src/main/scala/Main.scala, 475, 475, 490)
something's wrong: no file:///Users/mateusoliveirasantos/Documents/estudos/unb/tec_prog/code/the-one/src/main/scala/Main.scala in Array[<error>]RangePosition(file:///Users/mateusoliveirasantos/Documents/estudos/unb/tec_prog/code/the-one/src/main/scala/Main.scala, 475, 475, 483)
something's wrong: no file:///Users/mateusoliveirasantos/Documents/estudos/unb/tec_prog/code/the-one/src/main/scala/Main.scala in Array[String]RangePosition(file:///Users/mateusoliveirasantos/Documents/estudos/unb/tec_prog/code/the-one/src/main/scala/Main.scala, 475, 475, 488)
2024.04.20 18:19:13 INFO  compiling the-one (1 scala source)[0m
2024.04.20 18:19:13 INFO  time: compiled the-one in 0.38s[0m
2024.04.20 18:19:26 ERROR Failed to tokenize input for semantic tokens for /Users/mateusoliveirasantos/Documents/estudos/unb/tec_prog/code/the-one/src/main/scala/Main.scala
scala.meta.tokenizers.TokenizeException: <input>:24: error: can't use unescaped LF in character literals
    inputWords.fil'
                   ^
	at scala.meta.internal.tokenizers.Reporter.syntaxError(Reporter.scala:23)
	at scala.meta.internal.tokenizers.Reporter.syntaxError$(Reporter.scala:23)
	at scala.meta.internal.tokenizers.Reporter$$anon$1.syntaxError(Reporter.scala:33)
	at scala.meta.internal.tokenizers.Reporter.syntaxError(Reporter.scala:25)
	at scala.meta.internal.tokenizers.Reporter.syntaxError$(Reporter.scala:25)
	at scala.meta.internal.tokenizers.Reporter$$anon$1.syntaxError(Reporter.scala:33)
	at scala.meta.internal.tokenizers.LegacyScanner.fetchSingleQuote$1(LegacyScanner.scala:390)
	at scala.meta.internal.tokenizers.LegacyScanner.fetchToken(LegacyScanner.scala:419)
	at scala.meta.internal.tokenizers.LegacyScanner.nextToken(LegacyScanner.scala:214)
	at scala.meta.internal.tokenizers.LegacyScanner.foreach(LegacyScanner.scala:982)
	at scala.meta.internal.tokenizers.ScalametaTokenizer.uncachedTokenize(ScalametaTokenizer.scala:23)
	at scala.meta.internal.tokenizers.ScalametaTokenizer.$anonfun$tokenize$1(ScalametaTokenizer.scala:16)
	at scala.collection.concurrent.TrieMap.getOrElseUpdate(TrieMap.scala:960)
	at scala.meta.internal.tokenizers.ScalametaTokenizer.tokenize(ScalametaTokenizer.scala:16)
	at scala.meta.internal.tokenizers.ScalametaTokenizer$$anon$2.apply(ScalametaTokenizer.scala:331)
	at scala.meta.tokenizers.Api$XtensionTokenizeDialectInput.tokenize(Api.scala:25)
	at scala.meta.tokenizers.Api$XtensionTokenizeInputLike.tokenize(Api.scala:14)
	at scala.meta.internal.metals.SemanticTokensProvider$.getTokens(SemanticTokensProvider.scala:30)
	at scala.meta.internal.metals.SemanticTokensProvider$.provide(SemanticTokensProvider.scala:89)
	at scala.meta.internal.metals.Compilers.$anonfun$semanticTokens$3(Compilers.scala:597)
	at scala.concurrent.impl.Promise$Transformation.run(Promise.scala:467)
	at java.util.concurrent.ThreadPoolExecutor.runWorker(ThreadPoolExecutor.java:1144)
	at java.util.concurrent.ThreadPoolExecutor$Worker.run(ThreadPoolExecutor.java:642)
	at java.lang.Thread.run(Thread.java:1583)
[0m
2024.04.20 18:19:27 ERROR Failed to tokenize input for semantic tokens for /Users/mateusoliveirasantos/Documents/estudos/unb/tec_prog/code/the-one/src/main/scala/Main.scala
scala.meta.tokenizers.TokenizeException: <input>:24: error: unclosed character literal
    inputWords.fil''
                  ^
	at scala.meta.internal.tokenizers.Reporter.syntaxError(Reporter.scala:23)
	at scala.meta.internal.tokenizers.Reporter.syntaxError$(Reporter.scala:23)
	at scala.meta.internal.tokenizers.Reporter$$anon$1.syntaxError(Reporter.scala:33)
	at scala.meta.internal.tokenizers.Reporter.syntaxError(Reporter.scala:25)
	at scala.meta.internal.tokenizers.Reporter.syntaxError$(Reporter.scala:25)
	at scala.meta.internal.tokenizers.Reporter$$anon$1.syntaxError(Reporter.scala:33)
	at scala.meta.internal.tokenizers.LegacyScanner.fetchSingleQuote$1(LegacyScanner.scala:414)
	at scala.meta.internal.tokenizers.LegacyScanner.fetchToken(LegacyScanner.scala:419)
	at scala.meta.internal.tokenizers.LegacyScanner.nextToken(LegacyScanner.scala:214)
	at scala.meta.internal.tokenizers.LegacyScanner.foreach(LegacyScanner.scala:982)
	at scala.meta.internal.tokenizers.ScalametaTokenizer.uncachedTokenize(ScalametaTokenizer.scala:23)
	at scala.meta.internal.tokenizers.ScalametaTokenizer.$anonfun$tokenize$1(ScalametaTokenizer.scala:16)
	at scala.collection.concurrent.TrieMap.getOrElseUpdate(TrieMap.scala:960)
	at scala.meta.internal.tokenizers.ScalametaTokenizer.tokenize(ScalametaTokenizer.scala:16)
	at scala.meta.internal.tokenizers.ScalametaTokenizer$$anon$2.apply(ScalametaTokenizer.scala:331)
	at scala.meta.tokenizers.Api$XtensionTokenizeDialectInput.tokenize(Api.scala:25)
	at scala.meta.tokenizers.Api$XtensionTokenizeInputLike.tokenize(Api.scala:14)
	at scala.meta.internal.metals.SemanticTokensProvider$.getTokens(SemanticTokensProvider.scala:30)
	at scala.meta.internal.metals.SemanticTokensProvider$.provide(SemanticTokensProvider.scala:89)
	at scala.meta.internal.metals.Compilers.$anonfun$semanticTokens$3(Compilers.scala:597)
	at scala.concurrent.impl.Promise$Transformation.run(Promise.scala:467)
	at java.util.concurrent.ThreadPoolExecutor.runWorker(ThreadPoolExecutor.java:1144)
	at java.util.concurrent.ThreadPoolExecutor$Worker.run(ThreadPoolExecutor.java:642)
	at java.lang.Thread.run(Thread.java:1583)
[0m
Apr 20, 2024 6:20:56 PM org.eclipse.lsp4j.jsonrpc.RemoteEndpoint handleCancellation
WARNING: Unmatched cancel notification for request id 6017
2024.04.20 18:20:59 INFO  compiling the-one (1 scala source)[0m
2024.04.20 18:20:59 INFO  time: compiled the-one in 0.11s[0m
2024.04.20 18:21:04 INFO  compiling the-one (1 scala source)[0m
2024.04.20 18:21:04 INFO  time: compiled the-one in 0.13s[0m
2024.04.20 18:21:37 INFO  compiling the-one (1 scala source)[0m
2024.04.20 18:21:37 INFO  time: compiled the-one in 0.57s[0m
2024.04.20 18:21:40 INFO  compiling the-one (1 scala source)[0m
2024.04.20 18:21:40 INFO  time: compiled the-one in 0.39s[0m
Apr 20, 2024 6:21:47 PM org.eclipse.lsp4j.jsonrpc.RemoteEndpoint handleCancellation
WARNING: Unmatched cancel notification for request id 6207
2024.04.20 18:21:47 INFO  compiling the-one-test (1 scala source)[0m
2024.04.20 18:21:47 INFO  time: compiled the-one-test in 0.14s[0m
Apr 20, 2024 6:21:50 PM org.eclipse.lsp4j.jsonrpc.RemoteEndpoint handleCancellation
WARNING: Unmatched cancel notification for request id 6222
2024.04.20 18:21:51 INFO  compiling the-one-test (1 scala source)[0m
2024.04.20 18:21:51 WARN  2 deprecations (since 2.13.0); re-run with -deprecation for details[0m
2024.04.20 18:21:51 INFO  time: compiled the-one-test in 0.41s[0m
Apr 20, 2024 6:22:22 PM org.eclipse.lsp4j.jsonrpc.RemoteEndpoint handleCancellation
WARNING: Unmatched cancel notification for request id 6262
2024.04.20 18:22:29 INFO  compiling the-one-test (1 scala source)[0m
2024.04.20 18:22:29 WARN  4 deprecations (since 2.13.0); re-run with -deprecation for details[0m
2024.04.20 18:22:29 INFO  time: compiled the-one-test in 0.49s[0m
2024.04.20 18:23:17 INFO  compiling the-one-test (1 scala source)[0m
2024.04.20 18:23:17 WARN  2 deprecations (since 2.13.0); re-run with -deprecation for details[0m
2024.04.20 18:23:17 INFO  time: compiled the-one-test in 0.5s[0m
2024.04.20 18:23:19 INFO  compiling the-one-test (1 scala source)[0m
2024.04.20 18:23:19 WARN  2 deprecations (since 2.13.0); re-run with -deprecation for details[0m
2024.04.20 18:23:19 INFO  time: compiled the-one-test in 0.48s[0m
Apr 20, 2024 6:23:28 PM org.eclipse.lsp4j.jsonrpc.RemoteEndpoint handleCancellation
WARNING: Unmatched cancel notification for request id 6425
2024.04.20 18:23:31 INFO  compiling the-one-test (1 scala source)[0m
2024.04.20 18:23:31 INFO  time: compiled the-one-test in 0.48s[0m
Apr 20, 2024 6:25:26 PM org.eclipse.lsp4j.jsonrpc.RemoteEndpoint handleCancellation
WARNING: Unmatched cancel notification for request id 6577
something's wrong: no file:///Users/mateusoliveirasantos/Documents/estudos/unb/tec_prog/code/the-one/src/main/scala/Main.scala in Array[<error>]RangePosition(file:///Users/mateusoliveirasantos/Documents/estudos/unb/tec_prog/code/the-one/src/main/scala/Main.scala, 626, 626, 641)
something's wrong: no file:///Users/mateusoliveirasantos/Documents/estudos/unb/tec_prog/code/the-one/src/main/scala/Main.scala in Array[<error>]RangePosition(file:///Users/mateusoliveirasantos/Documents/estudos/unb/tec_prog/code/the-one/src/main/scala/Main.scala, 626, 626, 634)
something's wrong: no file:///Users/mateusoliveirasantos/Documents/estudos/unb/tec_prog/code/the-one/src/main/scala/Main.scala in Array[<error>]RangePosition(file:///Users/mateusoliveirasantos/Documents/estudos/unb/tec_prog/code/the-one/src/main/scala/Main.scala, 626, 626, 641)
something's wrong: no file:///Users/mateusoliveirasantos/Documents/estudos/unb/tec_prog/code/the-one/src/main/scala/Main.scala in Array[<error>]RangePosition(file:///Users/mateusoliveirasantos/Documents/estudos/unb/tec_prog/code/the-one/src/main/scala/Main.scala, 626, 626, 634)
something's wrong: no file:///Users/mateusoliveirasantos/Documents/estudos/unb/tec_prog/code/the-one/src/main/scala/Main.scala in Array[<error>]RangePosition(file:///Users/mateusoliveirasantos/Documents/estudos/unb/tec_prog/code/the-one/src/main/scala/Main.scala, 626, 626, 635)
2024.04.20 18:25:46 INFO  compiling the-one (1 scala source)[0m
2024.04.20 18:25:46 INFO  time: compiled the-one in 0.13s[0m
2024.04.20 18:26:00 INFO  compiling the-one (1 scala source)[0m
2024.04.20 18:26:00 INFO  time: compiled the-one in 0.14s[0m
2024.04.20 18:26:03 INFO  compiling the-one (1 scala source)[0m
2024.04.20 18:26:03 INFO  time: compiled the-one in 85ms[0m
Apr 20, 2024 6:26:10 PM org.eclipse.lsp4j.jsonrpc.RemoteEndpoint handleCancellation
WARNING: Unmatched cancel notification for request id 6832
2024.04.20 18:26:11 INFO  compiling the-one (1 scala source)[0m
2024.04.20 18:26:11 WARN  1 deprecation (since 2.11.0); re-run with -deprecation for details[0m
2024.04.20 18:26:11 INFO  time: compiled the-one in 0.42s[0m
2024.04.20 18:26:13 INFO  compiling the-one (1 scala source)[0m
2024.04.20 18:26:13 WARN  1 deprecation (since 2.11.0); re-run with -deprecation for details[0m
2024.04.20 18:26:13 INFO  time: compiled the-one in 0.53s[0m
Apr 20, 2024 6:28:20 PM org.eclipse.lsp4j.jsonrpc.RemoteEndpoint fallbackResponseError
SEVERE: Internal error: java.lang.UnsupportedOperationException: tail of empty list
java.util.concurrent.CompletionException: java.lang.UnsupportedOperationException: tail of empty list
	at java.base/java.util.concurrent.CompletableFuture.encodeThrowable(CompletableFuture.java:332)
	at java.base/java.util.concurrent.CompletableFuture.completeThrowable(CompletableFuture.java:347)
	at java.base/java.util.concurrent.CompletableFuture$UniAccept.tryFire(CompletableFuture.java:708)
	at java.base/java.util.concurrent.CompletableFuture.postComplete(CompletableFuture.java:510)
	at java.base/java.util.concurrent.CompletableFuture.completeExceptionally(CompletableFuture.java:2194)
	at scala.meta.internal.metals.CancelTokens$.$anonfun$future$1(CancelTokens.scala:40)
	at scala.meta.internal.metals.CancelTokens$.$anonfun$future$1$adapted(CancelTokens.scala:38)
	at scala.concurrent.impl.Promise$Transformation.run(Promise.scala:484)
	at java.base/java.util.concurrent.ThreadPoolExecutor.runWorker(ThreadPoolExecutor.java:1144)
	at java.base/java.util.concurrent.ThreadPoolExecutor$Worker.run(ThreadPoolExecutor.java:642)
	at java.base/java.lang.Thread.run(Thread.java:1583)
Caused by: java.lang.UnsupportedOperationException: tail of empty list
	at scala.collection.immutable.Nil$.tail(List.scala:665)
	at scala.collection.immutable.Nil$.tail(List.scala:662)
	at scala.meta.internal.metals.codeactions.CreateCompanionObjectCodeAction.$anonfun$endPosOfTree$1(CreateCompanionObjectCodeAction.scala:77)
	at scala.Option.flatMap(Option.scala:283)
	at scala.meta.internal.metals.codeactions.CreateCompanionObjectCodeAction.endPosOfTree(CreateCompanionObjectCodeAction.scala:75)
	at scala.meta.internal.metals.codeactions.CreateCompanionObjectCodeAction.$anonfun$contribute$5(CreateCompanionObjectCodeAction.scala:61)
	at scala.Option.map(Option.scala:242)
	at scala.meta.internal.metals.codeactions.CreateCompanionObjectCodeAction.$anonfun$contribute$4(CreateCompanionObjectCodeAction.scala:58)
	at scala.Option$WithFilter.flatMap(Option.scala:283)
	at scala.meta.internal.metals.codeactions.CreateCompanionObjectCodeAction.$anonfun$contribute$2(CreateCompanionObjectCodeAction.scala:56)
	at scala.Option.flatMap(Option.scala:283)
	at scala.meta.internal.metals.codeactions.CreateCompanionObjectCodeAction.$anonfun$contribute$1(CreateCompanionObjectCodeAction.scala:55)
	at scala.concurrent.Future$.$anonfun$apply$1(Future.scala:687)
	at scala.concurrent.impl.Promise$Transformation.run(Promise.scala:467)
	... 3 more

2024.04.20 18:28:26 INFO  compiling the-one-test (1 scala source)[0m
2024.04.20 18:28:26 INFO  time: compiled the-one-test in 0.61s[0m
2024.04.20 18:28:31 WARN  Could not load snapshot text for /Users/mateusoliveirasantos/Documents/estudos/unb/tec_prog/code/the-one/src/test/scala/TheOneTest.scala[0m
2024.04.20 18:28:31 INFO  compiling the-one-test (1 scala source)[0m
2024.04.20 18:28:31 WARN  Could not load snapshot text for /Users/mateusoliveirasantos/Documents/estudos/unb/tec_prog/code/the-one/src/test/scala/TheOneTest.scala[0m
2024.04.20 18:28:31 WARN  Could not load snapshot text for /Users/mateusoliveirasantos/Documents/estudos/unb/tec_prog/code/the-one/src/test/scala/TheOneTest.scala[0m
2024.04.20 18:28:31 INFO  time: compiled the-one-test in 0.12s[0m
2024.04.20 18:28:31 WARN  Could not load snapshot text for /Users/mateusoliveirasantos/Documents/estudos/unb/tec_prog/code/the-one/src/test/scala/TheOneTest.scala[0m
2024.04.20 18:28:31 WARN  Could not load snapshot text for /Users/mateusoliveirasantos/Documents/estudos/unb/tec_prog/code/the-one/src/test/scala/TheOneTest.scala[0m
2024.04.20 18:28:31 WARN  Could not load snapshot text for /Users/mateusoliveirasantos/Documents/estudos/unb/tec_prog/code/the-one/src/test/scala/TheOneTest.scala[0m
2024.04.20 18:28:37 WARN  Could not load snapshot text for /Users/mateusoliveirasantos/Documents/estudos/unb/tec_prog/code/the-one/src/test/scala/TheOneTest.scala[0m
2024.04.20 18:28:38 WARN  Could not load snapshot text for /Users/mateusoliveirasantos/Documents/estudos/unb/tec_prog/code/the-one/src/test/scala/TheOneTest.scala[0m
2024.04.20 18:28:38 WARN  Could not load snapshot text for /Users/mateusoliveirasantos/Documents/estudos/unb/tec_prog/code/the-one/src/test/scala/TheOneTest.scala[0m
2024.04.20 18:28:38 WARN  Could not load snapshot text for /Users/mateusoliveirasantos/Documents/estudos/unb/tec_prog/code/the-one/src/test/scala/TheOneTest.scala[0m
2024.04.20 18:28:38 WARN  Could not load snapshot text for /Users/mateusoliveirasantos/Documents/estudos/unb/tec_prog/code/the-one/src/test/scala/TheOneTest.scala[0m
2024.04.20 18:28:38 WARN  Could not load snapshot text for /Users/mateusoliveirasantos/Documents/estudos/unb/tec_prog/code/the-one/src/test/scala/TheOneTest.scala[0m
2024.04.20 18:28:38 WARN  Could not load snapshot text for /Users/mateusoliveirasantos/Documents/estudos/unb/tec_prog/code/the-one/src/test/scala/TheOneTest.scala[0m
2024.04.20 18:28:38 WARN  Could not load snapshot text for /Users/mateusoliveirasantos/Documents/estudos/unb/tec_prog/code/the-one/src/test/scala/TheOneTest.scala[0m
2024.04.20 18:28:38 WARN  Could not load snapshot text for /Users/mateusoliveirasantos/Documents/estudos/unb/tec_prog/code/the-one/src/test/scala/TheOneTest.scala[0m
2024.04.20 18:28:39 WARN  Could not load snapshot text for /Users/mateusoliveirasantos/Documents/estudos/unb/tec_prog/code/the-one/src/test/scala/TheOneTest.scala[0m
2024.04.20 18:28:42 INFO  compiling the-one-test (1 scala source)[0m
2024.04.20 18:28:42 INFO  time: compiled the-one-test in 0.12s[0m
2024.04.20 18:28:43 WARN  Could not load snapshot text for /Users/mateusoliveirasantos/Documents/estudos/unb/tec_prog/code/the-one/src/test/scala/TheOneTest.scala[0m
2024.04.20 18:28:44 WARN  Could not load snapshot text for /Users/mateusoliveirasantos/Documents/estudos/unb/tec_prog/code/the-one/src/test/scala/TheOneTest.scala[0m
2024.04.20 18:28:44 WARN  Could not load snapshot text for /Users/mateusoliveirasantos/Documents/estudos/unb/tec_prog/code/the-one/src/test/scala/TheOneTest.scala[0m
2024.04.20 18:28:44 WARN  Using indexes to guess the definition of TheOne[0m
2024.04.20 18:28:44 WARN  Could not load snapshot text for /Users/mateusoliveirasantos/Documents/estudos/unb/tec_prog/code/the-one/src/test/scala/TheOneTest.scala[0m
2024.04.20 18:28:44 WARN  Could not load snapshot text for /Users/mateusoliveirasantos/Documents/estudos/unb/tec_prog/code/the-one/src/test/scala/TheOneTest.scala[0m
2024.04.20 18:28:45 WARN  Could not load snapshot text for /Users/mateusoliveirasantos/Documents/estudos/unb/tec_prog/code/the-one/src/test/scala/TheOneTest.scala[0m
2024.04.20 18:28:44 WARN  Could not load snapshot text for /Users/mateusoliveirasantos/Documents/estudos/unb/tec_prog/code/the-one/src/test/scala/TheOneTest.scala[0m
2024.04.20 18:28:44 WARN  Could not load snapshot text for /Users/mateusoliveirasantos/Documents/estudos/unb/tec_prog/code/the-one/src/test/scala/TheOneTest.scala[0m
2024.04.20 18:28:44 WARN  Could not load snapshot text for /Users/mateusoliveirasantos/Documents/estudos/unb/tec_prog/code/the-one/src/test/scala/TheOneTest.scala[0m
2024.04.20 18:28:44 WARN  Could not load snapshot text for /Users/mateusoliveirasantos/Documents/estudos/unb/tec_prog/code/the-one/src/test/scala/TheOneTest.scala[0m
2024.04.20 18:28:45 INFO  compiling the-one-test (1 scala source)[0m
2024.04.20 18:28:45 INFO  time: compiled the-one-test in 95ms[0m
2024.04.20 18:28:45 WARN  Could not load snapshot text for /Users/mateusoliveirasantos/Documents/estudos/unb/tec_prog/code/the-one/src/test/scala/TheOneTest.scala[0m
2024.04.20 18:28:49 WARN  Could not load snapshot text for /Users/mateusoliveirasantos/Documents/estudos/unb/tec_prog/code/the-one/src/test/scala/TheOneTest.scala[0m
2024.04.20 18:28:49 WARN  Could not load snapshot text for /Users/mateusoliveirasantos/Documents/estudos/unb/tec_prog/code/the-one/src/test/scala/TheOneTest.scala[0m
2024.04.20 18:28:51 WARN  Could not load snapshot text for /Users/mateusoliveirasantos/Documents/estudos/unb/tec_prog/code/the-one/src/test/scala/TheOneTest.scala[0m
2024.04.20 18:28:52 WARN  Could not load snapshot text for /Users/mateusoliveirasantos/Documents/estudos/unb/tec_prog/code/the-one/src/test/scala/TheOneTest.scala[0m
2024.04.20 18:28:53 WARN  Could not load snapshot text for /Users/mateusoliveirasantos/Documents/estudos/unb/tec_prog/code/the-one/src/test/scala/TheOneTest.scala[0m
2024.04.20 18:28:54 INFO  compiling the-one-test (1 scala source)[0m
2024.04.20 18:28:54 WARN  Could not load snapshot text for /Users/mateusoliveirasantos/Documents/estudos/unb/tec_prog/code/the-one/src/test/scala/TheOneTest.scala[0m
2024.04.20 18:28:54 WARN  Could not load snapshot text for /Users/mateusoliveirasantos/Documents/estudos/unb/tec_prog/code/the-one/src/test/scala/TheOneTest.scala[0m
2024.04.20 18:28:54 WARN  Could not load snapshot text for /Users/mateusoliveirasantos/Documents/estudos/unb/tec_prog/code/the-one/src/test/scala/TheOneTest.scala[0m
2024.04.20 18:28:54 WARN  Could not load snapshot text for /Users/mateusoliveirasantos/Documents/estudos/unb/tec_prog/code/the-one/src/test/scala/TheOneTest.scala[0m
2024.04.20 18:28:54 INFO  time: compiled the-one-test in 0.12s[0m
2024.04.20 18:28:54 WARN  Could not load snapshot text for /Users/mateusoliveirasantos/Documents/estudos/unb/tec_prog/code/the-one/src/test/scala/TheOneTest.scala[0m
2024.04.20 18:28:57 WARN  Could not load snapshot text for /Users/mateusoliveirasantos/Documents/estudos/unb/tec_prog/code/the-one/src/test/scala/TheOneTest.scala[0m
2024.04.20 18:28:57 WARN  Could not load snapshot text for /Users/mateusoliveirasantos/Documents/estudos/unb/tec_prog/code/the-one/src/test/scala/TheOneTest.scala[0m
2024.04.20 18:28:58 WARN  Could not load snapshot text for /Users/mateusoliveirasantos/Documents/estudos/unb/tec_prog/code/the-one/src/test/scala/TheOneTest.scala[0m
2024.04.20 18:29:01 WARN  Could not load snapshot text for /Users/mateusoliveirasantos/Documents/estudos/unb/tec_prog/code/the-one/src/test/scala/TheOneTest.scala[0m
2024.04.20 18:29:03 WARN  Could not load snapshot text for /Users/mateusoliveirasantos/Documents/estudos/unb/tec_prog/code/the-one/src/test/scala/TheOneTest.scala[0m
2024.04.20 18:29:03 WARN  Could not load snapshot text for /Users/mateusoliveirasantos/Documents/estudos/unb/tec_prog/code/the-one/src/test/scala/TheOneTest.scala[0m
2024.04.20 18:29:03 WARN  Could not load snapshot text for /Users/mateusoliveirasantos/Documents/estudos/unb/tec_prog/code/the-one/src/test/scala/TheOneTest.scala[0m
2024.04.20 18:29:03 WARN  Could not load snapshot text for /Users/mateusoliveirasantos/Documents/estudos/unb/tec_prog/code/the-one/src/test/scala/TheOneTest.scala[0m
2024.04.20 18:29:03 WARN  Could not load snapshot text for /Users/mateusoliveirasantos/Documents/estudos/unb/tec_prog/code/the-one/src/test/scala/TheOneTest.scala[0m
2024.04.20 18:29:03 WARN  Could not load snapshot text for /Users/mateusoliveirasantos/Documents/estudos/unb/tec_prog/code/the-one/src/test/scala/TheOneTest.scala[0m
2024.04.20 18:29:04 WARN  Could not load snapshot text for /Users/mateusoliveirasantos/Documents/estudos/unb/tec_prog/code/the-one/src/test/scala/TheOneTest.scala[0m
2024.04.20 18:29:05 WARN  Could not load snapshot text for /Users/mateusoliveirasantos/Documents/estudos/unb/tec_prog/code/the-one/src/test/scala/TheOneTest.scala[0m
2024.04.20 18:29:05 WARN  Could not load snapshot text for /Users/mateusoliveirasantos/Documents/estudos/unb/tec_prog/code/the-one/src/test/scala/TheOneTest.scala[0m
2024.04.20 18:29:07 WARN  Could not load snapshot text for /Users/mateusoliveirasantos/Documents/estudos/unb/tec_prog/code/the-one/src/test/scala/TheOneTest.scala[0m
2024.04.20 18:29:07 WARN  Could not load snapshot text for /Users/mateusoliveirasantos/Documents/estudos/unb/tec_prog/code/the-one/src/test/scala/TheOneTest.scala[0m
2024.04.20 18:29:08 WARN  Could not load snapshot text for /Users/mateusoliveirasantos/Documents/estudos/unb/tec_prog/code/the-one/src/test/scala/TheOneTest.scala[0m
2024.04.20 18:29:09 WARN  Could not load snapshot text for /Users/mateusoliveirasantos/Documents/estudos/unb/tec_prog/code/the-one/src/test/scala/TheOneTest.scala[0m
2024.04.20 18:29:10 WARN  Could not load snapshot text for /Users/mateusoliveirasantos/Documents/estudos/unb/tec_prog/code/the-one/src/test/scala/TheOneTest.scala[0m
2024.04.20 18:29:10 ERROR Failed to tokenize input for semantic tokens for /Users/mateusoliveirasantos/Documents/estudos/unb/tec_prog/code/the-one/src/test/scala/TheOneTest.scala
scala.meta.tokenizers.TokenizeException: <input>:42: error: unclosed string literal
            Array("w1", "w2", ")
                              ^
	at scala.meta.internal.tokenizers.Reporter.syntaxError(Reporter.scala:23)
	at scala.meta.internal.tokenizers.Reporter.syntaxError$(Reporter.scala:23)
	at scala.meta.internal.tokenizers.Reporter$$anon$1.syntaxError(Reporter.scala:33)
	at scala.meta.internal.tokenizers.Reporter.syntaxError(Reporter.scala:25)
	at scala.meta.internal.tokenizers.Reporter.syntaxError$(Reporter.scala:25)
	at scala.meta.internal.tokenizers.Reporter$$anon$1.syntaxError(Reporter.scala:33)
	at scala.meta.internal.tokenizers.LegacyScanner.getStringLit(LegacyScanner.scala:560)
	at scala.meta.internal.tokenizers.LegacyScanner.fetchDoubleQuote$1(LegacyScanner.scala:379)
	at scala.meta.internal.tokenizers.LegacyScanner.fetchToken(LegacyScanner.scala:383)
	at scala.meta.internal.tokenizers.LegacyScanner.nextToken(LegacyScanner.scala:214)
	at scala.meta.internal.tokenizers.LegacyScanner.foreach(LegacyScanner.scala:982)
	at scala.meta.internal.tokenizers.ScalametaTokenizer.uncachedTokenize(ScalametaTokenizer.scala:23)
	at scala.meta.internal.tokenizers.ScalametaTokenizer.$anonfun$tokenize$1(ScalametaTokenizer.scala:16)
	at scala.collection.concurrent.TrieMap.getOrElseUpdate(TrieMap.scala:960)
	at scala.meta.internal.tokenizers.ScalametaTokenizer.tokenize(ScalametaTokenizer.scala:16)
	at scala.meta.internal.tokenizers.ScalametaTokenizer$$anon$2.apply(ScalametaTokenizer.scala:331)
	at scala.meta.tokenizers.Api$XtensionTokenizeDialectInput.tokenize(Api.scala:25)
	at scala.meta.tokenizers.Api$XtensionTokenizeInputLike.tokenize(Api.scala:14)
	at scala.meta.internal.metals.SemanticTokensProvider$.getTokens(SemanticTokensProvider.scala:30)
	at scala.meta.internal.metals.SemanticTokensProvider$.provide(SemanticTokensProvider.scala:89)
	at scala.meta.internal.metals.Compilers.$anonfun$semanticTokens$3(Compilers.scala:597)
	at scala.concurrent.impl.Promise$Transformation.run(Promise.scala:467)
	at java.util.concurrent.ThreadPoolExecutor.runWorker(ThreadPoolExecutor.java:1144)
	at java.util.concurrent.ThreadPoolExecutor$Worker.run(ThreadPoolExecutor.java:642)
	at java.lang.Thread.run(Thread.java:1583)
[0m
2024.04.20 18:29:11 WARN  Could not load snapshot text for /Users/mateusoliveirasantos/Documents/estudos/unb/tec_prog/code/the-one/src/test/scala/TheOneTest.scala[0m
2024.04.20 18:29:11 WARN  Could not load snapshot text for /Users/mateusoliveirasantos/Documents/estudos/unb/tec_prog/code/the-one/src/test/scala/TheOneTest.scala[0m
2024.04.20 18:29:12 WARN  Could not load snapshot text for /Users/mateusoliveirasantos/Documents/estudos/unb/tec_prog/code/the-one/src/test/scala/TheOneTest.scala[0m
2024.04.20 18:29:13 WARN  Could not load snapshot text for /Users/mateusoliveirasantos/Documents/estudos/unb/tec_prog/code/the-one/src/test/scala/TheOneTest.scala[0m
2024.04.20 18:29:14 WARN  Could not load snapshot text for /Users/mateusoliveirasantos/Documents/estudos/unb/tec_prog/code/the-one/src/test/scala/TheOneTest.scala[0m
2024.04.20 18:29:15 ERROR Failed to tokenize input for semantic tokens for /Users/mateusoliveirasantos/Documents/estudos/unb/tec_prog/code/the-one/src/test/scala/TheOneTest.scala
scala.meta.tokenizers.TokenizeException: <input>:42: error: unclosed string literal
            Array("w1", "w2", "w3", "w1", ")
                                          ^
	at scala.meta.internal.tokenizers.Reporter.syntaxError(Reporter.scala:23)
	at scala.meta.internal.tokenizers.Reporter.syntaxError$(Reporter.scala:23)
	at scala.meta.internal.tokenizers.Reporter$$anon$1.syntaxError(Reporter.scala:33)
	at scala.meta.internal.tokenizers.Reporter.syntaxError(Reporter.scala:25)
	at scala.meta.internal.tokenizers.Reporter.syntaxError$(Reporter.scala:25)
	at scala.meta.internal.tokenizers.Reporter$$anon$1.syntaxError(Reporter.scala:33)
	at scala.meta.internal.tokenizers.LegacyScanner.getStringLit(LegacyScanner.scala:560)
	at scala.meta.internal.tokenizers.LegacyScanner.fetchDoubleQuote$1(LegacyScanner.scala:379)
	at scala.meta.internal.tokenizers.LegacyScanner.fetchToken(LegacyScanner.scala:383)
	at scala.meta.internal.tokenizers.LegacyScanner.nextToken(LegacyScanner.scala:214)
	at scala.meta.internal.tokenizers.LegacyScanner.foreach(LegacyScanner.scala:982)
	at scala.meta.internal.tokenizers.ScalametaTokenizer.uncachedTokenize(ScalametaTokenizer.scala:23)
	at scala.meta.internal.tokenizers.ScalametaTokenizer.$anonfun$tokenize$1(ScalametaTokenizer.scala:16)
	at scala.collection.concurrent.TrieMap.getOrElseUpdate(TrieMap.scala:960)
	at scala.meta.internal.tokenizers.ScalametaTokenizer.tokenize(ScalametaTokenizer.scala:16)
	at scala.meta.internal.tokenizers.ScalametaTokenizer$$anon$2.apply(ScalametaTokenizer.scala:331)
	at scala.meta.tokenizers.Api$XtensionTokenizeDialectInput.tokenize(Api.scala:25)
	at scala.meta.tokenizers.Api$XtensionTokenizeInputLike.tokenize(Api.scala:14)
	at scala.meta.internal.metals.SemanticTokensProvider$.getTokens(SemanticTokensProvider.scala:30)
	at scala.meta.internal.metals.SemanticTokensProvider$.provide(SemanticTokensProvider.scala:89)
	at scala.meta.internal.metals.Compilers.$anonfun$semanticTokens$3(Compilers.scala:597)
	at scala.concurrent.impl.Promise$Transformation.run(Promise.scala:467)
	at java.util.concurrent.ThreadPoolExecutor.runWorker(ThreadPoolExecutor.java:1144)
	at java.util.concurrent.ThreadPoolExecutor$Worker.run(ThreadPoolExecutor.java:642)
	at java.lang.Thread.run(Thread.java:1583)
[0m
2024.04.20 18:29:16 WARN  Could not load snapshot text for /Users/mateusoliveirasantos/Documents/estudos/unb/tec_prog/code/the-one/src/test/scala/TheOneTest.scala[0m
2024.04.20 18:29:16 WARN  Could not load snapshot text for /Users/mateusoliveirasantos/Documents/estudos/unb/tec_prog/code/the-one/src/test/scala/TheOneTest.scala[0m
2024.04.20 18:29:19 WARN  Could not load snapshot text for /Users/mateusoliveirasantos/Documents/estudos/unb/tec_prog/code/the-one/src/test/scala/TheOneTest.scala[0m
2024.04.20 18:29:20 WARN  Could not load snapshot text for /Users/mateusoliveirasantos/Documents/estudos/unb/tec_prog/code/the-one/src/test/scala/TheOneTest.scala[0m
2024.04.20 18:29:21 WARN  Could not load snapshot text for /Users/mateusoliveirasantos/Documents/estudos/unb/tec_prog/code/the-one/src/test/scala/TheOneTest.scala[0m
2024.04.20 18:29:22 ERROR Failed to tokenize input for semantic tokens for /Users/mateusoliveirasantos/Documents/estudos/unb/tec_prog/code/the-one/src/test/scala/TheOneTest.scala
scala.meta.tokenizers.TokenizeException: <input>:42: error: unclosed string literal
            Array("w1", "w2", "w3", "w1", "w3", ")
                                                ^
	at scala.meta.internal.tokenizers.Reporter.syntaxError(Reporter.scala:23)
	at scala.meta.internal.tokenizers.Reporter.syntaxError$(Reporter.scala:23)
	at scala.meta.internal.tokenizers.Reporter$$anon$1.syntaxError(Reporter.scala:33)
	at scala.meta.internal.tokenizers.Reporter.syntaxError(Reporter.scala:25)
	at scala.meta.internal.tokenizers.Reporter.syntaxError$(Reporter.scala:25)
	at scala.meta.internal.tokenizers.Reporter$$anon$1.syntaxError(Reporter.scala:33)
	at scala.meta.internal.tokenizers.LegacyScanner.getStringLit(LegacyScanner.scala:560)
	at scala.meta.internal.tokenizers.LegacyScanner.fetchDoubleQuote$1(LegacyScanner.scala:379)
	at scala.meta.internal.tokenizers.LegacyScanner.fetchToken(LegacyScanner.scala:383)
	at scala.meta.internal.tokenizers.LegacyScanner.nextToken(LegacyScanner.scala:214)
	at scala.meta.internal.tokenizers.LegacyScanner.foreach(LegacyScanner.scala:982)
	at scala.meta.internal.tokenizers.ScalametaTokenizer.uncachedTokenize(ScalametaTokenizer.scala:23)
	at scala.meta.internal.tokenizers.ScalametaTokenizer.$anonfun$tokenize$1(ScalametaTokenizer.scala:16)
	at scala.collection.concurrent.TrieMap.getOrElseUpdate(TrieMap.scala:960)
	at scala.meta.internal.tokenizers.ScalametaTokenizer.tokenize(ScalametaTokenizer.scala:16)
	at scala.meta.internal.tokenizers.ScalametaTokenizer$$anon$2.apply(ScalametaTokenizer.scala:331)
	at scala.meta.tokenizers.Api$XtensionTokenizeDialectInput.tokenize(Api.scala:25)
	at scala.meta.tokenizers.Api$XtensionTokenizeInputLike.tokenize(Api.scala:14)
	at scala.meta.internal.metals.SemanticTokensProvider$.getTokens(SemanticTokensProvider.scala:30)
	at scala.meta.internal.metals.SemanticTokensProvider$.provide(SemanticTokensProvider.scala:89)
	at scala.meta.internal.metals.Compilers.$anonfun$semanticTokens$3(Compilers.scala:597)
	at scala.concurrent.impl.Promise$Transformation.run(Promise.scala:467)
	at java.util.concurrent.ThreadPoolExecutor.runWorker(ThreadPoolExecutor.java:1144)
	at java.util.concurrent.ThreadPoolExecutor$Worker.run(ThreadPoolExecutor.java:642)
	at java.lang.Thread.run(Thread.java:1583)
[0m
2024.04.20 18:29:22 WARN  Could not load snapshot text for /Users/mateusoliveirasantos/Documents/estudos/unb/tec_prog/code/the-one/src/test/scala/TheOneTest.scala[0m
2024.04.20 18:29:23 WARN  Could not load snapshot text for /Users/mateusoliveirasantos/Documents/estudos/unb/tec_prog/code/the-one/src/test/scala/TheOneTest.scala[0m
2024.04.20 18:29:24 WARN  Could not load snapshot text for /Users/mateusoliveirasantos/Documents/estudos/unb/tec_prog/code/the-one/src/test/scala/TheOneTest.scala[0m
2024.04.20 18:29:26 ERROR Failed to tokenize input for semantic tokens for /Users/mateusoliveirasantos/Documents/estudos/unb/tec_prog/code/the-one/src/test/scala/TheOneTest.scala
scala.meta.tokenizers.TokenizeException: <input>:42: error: unclosed string literal
            Array("w1", "w2", "w3", "w1", "w3", "w3", ")
                                                      ^
	at scala.meta.internal.tokenizers.Reporter.syntaxError(Reporter.scala:23)
	at scala.meta.internal.tokenizers.Reporter.syntaxError$(Reporter.scala:23)
	at scala.meta.internal.tokenizers.Reporter$$anon$1.syntaxError(Reporter.scala:33)
	at scala.meta.internal.tokenizers.Reporter.syntaxError(Reporter.scala:25)
	at scala.meta.internal.tokenizers.Reporter.syntaxError$(Reporter.scala:25)
	at scala.meta.internal.tokenizers.Reporter$$anon$1.syntaxError(Reporter.scala:33)
	at scala.meta.internal.tokenizers.LegacyScanner.getStringLit(LegacyScanner.scala:560)
	at scala.meta.internal.tokenizers.LegacyScanner.fetchDoubleQuote$1(LegacyScanner.scala:379)
	at scala.meta.internal.tokenizers.LegacyScanner.fetchToken(LegacyScanner.scala:383)
	at scala.meta.internal.tokenizers.LegacyScanner.nextToken(LegacyScanner.scala:214)
	at scala.meta.internal.tokenizers.LegacyScanner.foreach(LegacyScanner.scala:982)
	at scala.meta.internal.tokenizers.ScalametaTokenizer.uncachedTokenize(ScalametaTokenizer.scala:23)
	at scala.meta.internal.tokenizers.ScalametaTokenizer.$anonfun$tokenize$1(ScalametaTokenizer.scala:16)
	at scala.collection.concurrent.TrieMap.getOrElseUpdate(TrieMap.scala:960)
	at scala.meta.internal.tokenizers.ScalametaTokenizer.tokenize(ScalametaTokenizer.scala:16)
	at scala.meta.internal.tokenizers.ScalametaTokenizer$$anon$2.apply(ScalametaTokenizer.scala:331)
	at scala.meta.tokenizers.Api$XtensionTokenizeDialectInput.tokenize(Api.scala:25)
	at scala.meta.tokenizers.Api$XtensionTokenizeInputLike.tokenize(Api.scala:14)
	at scala.meta.internal.metals.SemanticTokensProvider$.getTokens(SemanticTokensProvider.scala:30)
	at scala.meta.internal.metals.SemanticTokensProvider$.provide(SemanticTokensProvider.scala:89)
	at scala.meta.internal.metals.Compilers.$anonfun$semanticTokens$3(Compilers.scala:597)
	at scala.concurrent.impl.Promise$Transformation.run(Promise.scala:467)
	at java.util.concurrent.ThreadPoolExecutor.runWorker(ThreadPoolExecutor.java:1144)
	at java.util.concurrent.ThreadPoolExecutor$Worker.run(ThreadPoolExecutor.java:642)
	at java.lang.Thread.run(Thread.java:1583)
[0m
2024.04.20 18:29:26 WARN  Could not load snapshot text for /Users/mateusoliveirasantos/Documents/estudos/unb/tec_prog/code/the-one/src/test/scala/TheOneTest.scala[0m
2024.04.20 18:29:27 WARN  Could not load snapshot text for /Users/mateusoliveirasantos/Documents/estudos/unb/tec_prog/code/the-one/src/test/scala/TheOneTest.scala[0m
2024.04.20 18:29:27 WARN  Could not load snapshot text for /Users/mateusoliveirasantos/Documents/estudos/unb/tec_prog/code/the-one/src/test/scala/TheOneTest.scala[0m
2024.04.20 18:29:27 WARN  Could not load snapshot text for /Users/mateusoliveirasantos/Documents/estudos/unb/tec_prog/code/the-one/src/test/scala/TheOneTest.scala[0m
2024.04.20 18:29:27 WARN  Could not load snapshot text for /Users/mateusoliveirasantos/Documents/estudos/unb/tec_prog/code/the-one/src/test/scala/TheOneTest.scala[0m
2024.04.20 18:29:27 WARN  Could not load snapshot text for /Users/mateusoliveirasantos/Documents/estudos/unb/tec_prog/code/the-one/src/test/scala/TheOneTest.scala[0m
2024.04.20 18:29:27 WARN  Could not load snapshot text for /Users/mateusoliveirasantos/Documents/estudos/unb/tec_prog/code/the-one/src/test/scala/TheOneTest.scala[0m
2024.04.20 18:29:27 WARN  Could not load snapshot text for /Users/mateusoliveirasantos/Documents/estudos/unb/tec_prog/code/the-one/src/test/scala/TheOneTest.scala[0m
2024.04.20 18:29:27 INFO  compiling the-one-test (1 scala source)[0m
2024.04.20 18:29:27 WARN  Could not load snapshot text for /Users/mateusoliveirasantos/Documents/estudos/unb/tec_prog/code/the-one/src/test/scala/TheOneTest.scala[0m
2024.04.20 18:29:27 WARN  Could not load snapshot text for /Users/mateusoliveirasantos/Documents/estudos/unb/tec_prog/code/the-one/src/test/scala/TheOneTest.scala[0m
2024.04.20 18:29:27 INFO  time: compiled the-one-test in 0.16s[0m
2024.04.20 18:29:28 WARN  Could not load snapshot text for /Users/mateusoliveirasantos/Documents/estudos/unb/tec_prog/code/the-one/src/test/scala/TheOneTest.scala[0m
2024.04.20 18:29:31 WARN  Could not load snapshot text for /Users/mateusoliveirasantos/Documents/estudos/unb/tec_prog/code/the-one/src/test/scala/TheOneTest.scala[0m
2024.04.20 18:29:35 WARN  Could not load snapshot text for /Users/mateusoliveirasantos/Documents/estudos/unb/tec_prog/code/the-one/src/test/scala/TheOneTest.scala[0m
2024.04.20 18:29:37 WARN  Could not load snapshot text for /Users/mateusoliveirasantos/Documents/estudos/unb/tec_prog/code/the-one/src/test/scala/TheOneTest.scala[0m
2024.04.20 18:29:37 INFO  compiling the-one-test (1 scala source)[0m
2024.04.20 18:29:37 INFO  time: compiled the-one-test in 96ms[0m
2024.04.20 18:29:38 WARN  Could not load snapshot text for /Users/mateusoliveirasantos/Documents/estudos/unb/tec_prog/code/the-one/src/test/scala/TheOneTest.scala[0m
2024.04.20 18:30:08 WARN  Could not load snapshot text for /Users/mateusoliveirasantos/Documents/estudos/unb/tec_prog/code/the-one/src/test/scala/TheOneTest.scala[0m
2024.04.20 18:30:12 WARN  Could not load snapshot text for /Users/mateusoliveirasantos/Documents/estudos/unb/tec_prog/code/the-one/src/test/scala/TheOneTest.scala[0m
2024.04.20 18:30:14 WARN  Could not load snapshot text for /Users/mateusoliveirasantos/Documents/estudos/unb/tec_prog/code/the-one/src/test/scala/TheOneTest.scala[0m
2024.04.20 18:30:15 WARN  Could not load snapshot text for /Users/mateusoliveirasantos/Documents/estudos/unb/tec_prog/code/the-one/src/test/scala/TheOneTest.scala[0m
2024.04.20 18:30:17 WARN  Could not load snapshot text for /Users/mateusoliveirasantos/Documents/estudos/unb/tec_prog/code/the-one/src/test/scala/TheOneTest.scala[0m
2024.04.20 18:30:26 WARN  Could not load snapshot text for /Users/mateusoliveirasantos/Documents/estudos/unb/tec_prog/code/the-one/src/test/scala/TheOneTest.scala[0m
2024.04.20 18:30:37 WARN  Could not load snapshot text for /Users/mateusoliveirasantos/Documents/estudos/unb/tec_prog/code/the-one/src/test/scala/TheOneTest.scala[0m
2024.04.20 18:30:39 WARN  Could not load snapshot text for /Users/mateusoliveirasantos/Documents/estudos/unb/tec_prog/code/the-one/src/test/scala/TheOneTest.scala[0m
2024.04.20 18:30:39 WARN  Could not load snapshot text for /Users/mateusoliveirasantos/Documents/estudos/unb/tec_prog/code/the-one/src/test/scala/TheOneTest.scala[0m
2024.04.20 18:30:43 WARN  Could not load snapshot text for /Users/mateusoliveirasantos/Documents/estudos/unb/tec_prog/code/the-one/src/test/scala/TheOneTest.scala[0m
2024.04.20 18:30:43 ERROR Failed to tokenize input for semantic tokens for /Users/mateusoliveirasantos/Documents/estudos/unb/tec_prog/code/the-one/src/test/scala/TheOneTest.scala
scala.meta.tokenizers.TokenizeException: <input>:43: error: unclosed string literal
        ) == Map("w1" -> 2, "w2" -> 1, ")
                                       ^
	at scala.meta.internal.tokenizers.Reporter.syntaxError(Reporter.scala:23)
	at scala.meta.internal.tokenizers.Reporter.syntaxError$(Reporter.scala:23)
	at scala.meta.internal.tokenizers.Reporter$$anon$1.syntaxError(Reporter.scala:33)
	at scala.meta.internal.tokenizers.Reporter.syntaxError(Reporter.scala:25)
	at scala.meta.internal.tokenizers.Reporter.syntaxError$(Reporter.scala:25)
	at scala.meta.internal.tokenizers.Reporter$$anon$1.syntaxError(Reporter.scala:33)
	at scala.meta.internal.tokenizers.LegacyScanner.getStringLit(LegacyScanner.scala:560)
	at scala.meta.internal.tokenizers.LegacyScanner.fetchDoubleQuote$1(LegacyScanner.scala:379)
	at scala.meta.internal.tokenizers.LegacyScanner.fetchToken(LegacyScanner.scala:383)
	at scala.meta.internal.tokenizers.LegacyScanner.nextToken(LegacyScanner.scala:214)
	at scala.meta.internal.tokenizers.LegacyScanner.foreach(LegacyScanner.scala:982)
	at scala.meta.internal.tokenizers.ScalametaTokenizer.uncachedTokenize(ScalametaTokenizer.scala:23)
	at scala.meta.internal.tokenizers.ScalametaTokenizer.$anonfun$tokenize$1(ScalametaTokenizer.scala:16)
	at scala.collection.concurrent.TrieMap.getOrElseUpdate(TrieMap.scala:960)
	at scala.meta.internal.tokenizers.ScalametaTokenizer.tokenize(ScalametaTokenizer.scala:16)
	at scala.meta.internal.tokenizers.ScalametaTokenizer$$anon$2.apply(ScalametaTokenizer.scala:331)
	at scala.meta.tokenizers.Api$XtensionTokenizeDialectInput.tokenize(Api.scala:25)
	at scala.meta.tokenizers.Api$XtensionTokenizeInputLike.tokenize(Api.scala:14)
	at scala.meta.internal.metals.SemanticTokensProvider$.getTokens(SemanticTokensProvider.scala:30)
	at scala.meta.internal.metals.SemanticTokensProvider$.provide(SemanticTokensProvider.scala:89)
	at scala.meta.internal.metals.Compilers.$anonfun$semanticTokens$3(Compilers.scala:597)
	at scala.concurrent.impl.Promise$Transformation.run(Promise.scala:467)
	at java.util.concurrent.ThreadPoolExecutor.runWorker(ThreadPoolExecutor.java:1144)
	at java.util.concurrent.ThreadPoolExecutor$Worker.run(ThreadPoolExecutor.java:642)
	at java.lang.Thread.run(Thread.java:1583)
[0m
2024.04.20 18:30:44 WARN  Could not load snapshot text for /Users/mateusoliveirasantos/Documents/estudos/unb/tec_prog/code/the-one/src/test/scala/TheOneTest.scala[0m
2024.04.20 18:30:45 WARN  Could not load snapshot text for /Users/mateusoliveirasantos/Documents/estudos/unb/tec_prog/code/the-one/src/test/scala/TheOneTest.scala[0m
2024.04.20 18:30:46 WARN  Could not load snapshot text for /Users/mateusoliveirasantos/Documents/estudos/unb/tec_prog/code/the-one/src/test/scala/TheOneTest.scala[0m
2024.04.20 18:30:46 WARN  Could not load snapshot text for /Users/mateusoliveirasantos/Documents/estudos/unb/tec_prog/code/the-one/src/test/scala/TheOneTest.scala[0m
2024.04.20 18:30:46 WARN  Could not load snapshot text for /Users/mateusoliveirasantos/Documents/estudos/unb/tec_prog/code/the-one/src/test/scala/TheOneTest.scala[0m
2024.04.20 18:30:46 WARN  Could not load snapshot text for /Users/mateusoliveirasantos/Documents/estudos/unb/tec_prog/code/the-one/src/test/scala/TheOneTest.scala[0m
2024.04.20 18:30:46 WARN  Could not load snapshot text for /Users/mateusoliveirasantos/Documents/estudos/unb/tec_prog/code/the-one/src/test/scala/TheOneTest.scala[0m
2024.04.20 18:30:46 WARN  Could not load snapshot text for /Users/mateusoliveirasantos/Documents/estudos/unb/tec_prog/code/the-one/src/test/scala/TheOneTest.scala[0m
2024.04.20 18:30:46 WARN  Could not load snapshot text for /Users/mateusoliveirasantos/Documents/estudos/unb/tec_prog/code/the-one/src/test/scala/TheOneTest.scala[0m
2024.04.20 18:30:46 WARN  Could not load snapshot text for /Users/mateusoliveirasantos/Documents/estudos/unb/tec_prog/code/the-one/src/test/scala/TheOneTest.scala[0m
2024.04.20 18:30:47 INFO  compiling the-one-test (1 scala source)[0m
2024.04.20 18:30:47 INFO  time: compiled the-one-test in 0.5s[0m
2024.04.20 18:30:52 INFO  compiling the-one-test (1 scala source)[0m
2024.04.20 18:30:52 INFO  time: compiled the-one-test in 0.47s[0m
2024.04.20 18:31:57 INFO  compiling the-one (1 scala source)[0m
2024.04.20 18:31:57 INFO  time: compiled the-one in 0.12s[0m
Apr 20, 2024 6:31:57 PM scala.meta.internal.pc.CompilerAccess retryWithCleanCompiler
INFO: compiler crashed due to an error in the Scala compiler, retrying with new compiler instance.
2024.04.20 18:32:15 INFO  compiling the-one (1 scala source)[0m
2024.04.20 18:32:15 INFO  time: compiled the-one in 53ms[0m
2024.04.20 18:32:38 INFO  compiling the-one (1 scala source)[0m
2024.04.20 18:32:38 INFO  time: compiled the-one in 0.1s[0m
Apr 20, 2024 6:32:48 PM org.eclipse.lsp4j.jsonrpc.RemoteEndpoint handleCancellation
WARNING: Unmatched cancel notification for request id 7867
2024.04.20 18:32:54 INFO  compiling the-one (1 scala source)[0m
2024.04.20 18:32:54 INFO  time: compiled the-one in 0.12s[0m
Apr 20, 2024 6:32:54 PM scala.meta.internal.pc.CompilerAccess retryWithCleanCompiler
INFO: compiler crashed due to an error in the Scala compiler, retrying with new compiler instance.
something's wrong: no file:///Users/mateusoliveirasantos/Documents/estudos/unb/tec_prog/code/the-one/src/main/scala/Main.scala in scala.collection.mutable.Map[String,<error>]RangePosition(file:///Users/mateusoliveirasantos/Documents/estudos/unb/tec_prog/code/the-one/src/main/scala/Main.scala, 732, 732, 756)
2024.04.20 18:33:01 INFO  compiling the-one (1 scala source)[0m
2024.04.20 18:33:01 INFO  time: compiled the-one in 83ms[0m
2024.04.20 18:33:26 WARN  Using indexes to guess the definition of Int[0m
2024.04.20 18:33:40 INFO  compiling the-one (1 scala source)[0m
2024.04.20 18:33:40 INFO  time: compiled the-one in 0.14s[0m
something's wrong: no file:///Users/mateusoliveirasantos/Documents/estudos/unb/tec_prog/code/the-one/src/main/scala/Main.scala in scala.collection.immutable.Map[String,<error>]RangePosition(file:///Users/mateusoliveirasantos/Documents/estudos/unb/tec_prog/code/the-one/src/main/scala/Main.scala, 672, 672, 693)
something's wrong: no file:///Users/mateusoliveirasantos/Documents/estudos/unb/tec_prog/code/the-one/src/main/scala/Main.scala in scala.collection.immutable.Map[String,<error>]RangePosition(file:///Users/mateusoliveirasantos/Documents/estudos/unb/tec_prog/code/the-one/src/main/scala/Main.scala, 696, 696, 717)
Apr 20, 2024 6:38:02 PM org.eclipse.lsp4j.jsonrpc.RemoteEndpoint handleCancellation
WARNING: Unmatched cancel notification for request id 8505
Apr 20, 2024 6:38:03 PM org.eclipse.lsp4j.jsonrpc.RemoteEndpoint handleCancellation
WARNING: Unmatched cancel notification for request id 8506
2024.04.20 18:38:19 INFO  compiling the-one (1 scala source)[0m
2024.04.20 18:38:19 INFO  time: compiled the-one in 93ms[0m
something's wrong: no file:///Users/mateusoliveirasantos/Documents/estudos/unb/tec_prog/code/the-one/src/main/scala/Main.scala in scala.collection.mutable.Map[String,<error>]RangePosition(file:///Users/mateusoliveirasantos/Documents/estudos/unb/tec_prog/code/the-one/src/main/scala/Main.scala, 681, 681, 705)
2024.04.20 18:38:38 INFO  compiling the-one (1 scala source)[0m
2024.04.20 18:38:38 INFO  time: compiled the-one in 64ms[0m
2024.04.20 18:38:41 INFO  compiling the-one (1 scala source)[0m
2024.04.20 18:38:41 INFO  time: compiled the-one in 57ms[0m
2024.04.20 18:38:52 INFO  compiling the-one (1 scala source)[0m
2024.04.20 18:38:52 INFO  time: compiled the-one in 56ms[0m
2024.04.20 18:39:00 INFO  compiling the-one (1 scala source)[0m
2024.04.20 18:39:00 INFO  time: compiled the-one in 52ms[0m
Apr 20, 2024 6:39:11 PM org.eclipse.lsp4j.jsonrpc.RemoteEndpoint handleCancellation
WARNING: Unmatched cancel notification for request id 8839
2024.04.20 18:39:39 INFO  compiling the-one (1 scala source)[0m
2024.04.20 18:39:39 INFO  time: compiled the-one in 0.5s[0m
2024.04.20 18:40:21 INFO  compiling the-one (1 scala source)[0m
2024.04.20 18:40:21 INFO  time: compiled the-one in 0.11s[0m
2024.04.20 18:40:33 INFO  compiling the-one (1 scala source)[0m
2024.04.20 18:40:34 WARN  Using indexes to guess the definition of s[0m
2024.04.20 18:40:33 INFO  time: compiled the-one in 0.56s[0m
2024.04.20 18:40:49 INFO  compiling the-one (1 scala source)[0m
2024.04.20 18:40:49 INFO  time: compiled the-one in 0.12s[0m
2024.04.20 18:41:04 INFO  compiling the-one (1 scala source)[0m
2024.04.20 18:41:04 INFO  time: compiled the-one in 0.49s[0m
2024.04.20 18:41:22 WARN  Could not load snapshot text for /Users/mateusoliveirasantos/Documents/estudos/unb/tec_prog/code/the-one/src/main/scala/Main.scala[0m
2024.04.20 18:41:22 WARN  Could not load snapshot text for /Users/mateusoliveirasantos/Documents/estudos/unb/tec_prog/code/the-one/src/main/scala/Main.scala[0m
2024.04.20 18:41:22 WARN  Could not load snapshot text for /Users/mateusoliveirasantos/Documents/estudos/unb/tec_prog/code/the-one/src/main/scala/Main.scala[0m
2024.04.20 18:41:22 WARN  Could not load snapshot text for /Users/mateusoliveirasantos/Documents/estudos/unb/tec_prog/code/the-one/src/main/scala/Main.scala[0m
2024.04.20 18:41:22 INFO  compiling the-one (1 scala source)[0m
2024.04.20 18:41:22 INFO  time: compiled the-one in 0.45s[0m
2024.04.20 18:42:04 WARN  Using indexes to guess the definition of s[0m
2024.04.20 18:42:04 INFO  compiling the-one (1 scala source)[0m
2024.04.20 18:42:04 INFO  time: compiled the-one in 96ms[0m
2024.04.20 18:43:16 INFO  compiling the-one (1 scala source)[0m
2024.04.20 18:43:16 INFO  time: compiled the-one in 81ms[0m
2024.04.20 18:43:19 INFO  compiling the-one (1 scala source)[0m
2024.04.20 18:43:19 INFO  time: compiled the-one in 64ms[0m
2024.04.20 18:43:19 INFO  compiling the-one (1 scala source)[0m
2024.04.20 18:43:19 INFO  time: compiled the-one in 44ms[0m
2024.04.20 18:43:25 INFO  compiling the-one (1 scala source)[0m
2024.04.20 18:43:25 INFO  time: compiled the-one in 90ms[0m
2024.04.20 18:43:40 INFO  compiling the-one (1 scala source)[0m
2024.04.20 18:43:40 INFO  time: compiled the-one in 85ms[0m
2024.04.20 18:43:57 WARN  Using indexes to guess the definition of empty[0m
2024.04.20 18:43:58 INFO  compiling the-one (1 scala source)[0m
2024.04.20 18:43:58 INFO  time: compiled the-one in 0.39s[0m
2024.04.20 18:44:22 INFO  compiling the-one (1 scala source)[0m
2024.04.20 18:44:22 INFO  time: compiled the-one in 0.1s[0m
2024.04.20 18:44:22 WARN  Using indexes to guess the definition of addToMap[0m
2024.04.20 18:44:29 INFO  compiling the-one (1 scala source)[0m
2024.04.20 18:44:29 INFO  time: compiled the-one in 81ms[0m
2024.04.20 18:44:34 WARN  Using indexes to guess the definition of empty[0m
2024.04.20 18:44:35 INFO  compiling the-one (1 scala source)[0m
2024.04.20 18:44:35 WARN  Using indexes to guess the definition of String[0m
2024.04.20 18:44:35 INFO  time: compiled the-one in 52ms[0m
2024.04.20 18:44:37 INFO  compiling the-one (1 scala source)[0m
2024.04.20 18:44:37 INFO  time: compiled the-one in 88ms[0m
2024.04.20 18:44:44 INFO  compiling the-one (1 scala source)[0m
2024.04.20 18:44:44 INFO  time: compiled the-one in 85ms[0m
2024.04.20 18:44:45 WARN  Using indexes to guess the definition of s[0m
2024.04.20 18:44:48 INFO  compiling the-one (1 scala source)[0m
2024.04.20 18:44:48 INFO  time: compiled the-one in 85ms[0m
2024.04.20 18:44:49 WARN  Using indexes to guess the definition of Int[0m
2024.04.20 18:44:53 INFO  compiling the-one (1 scala source)[0m
2024.04.20 18:44:53 INFO  time: compiled the-one in 79ms[0m
2024.04.20 18:45:47 WARN  Using indexes to guess the definition of empty[0m
2024.04.20 18:45:47 WARN  Using indexes to guess the definition of empty[0m
2024.04.20 18:45:47 INFO  compiling the-one (1 scala source)[0m
2024.04.20 18:45:47 WARN  1 deprecation (since 2.11.0); re-run with -deprecation for details[0m
2024.04.20 18:45:47 INFO  time: compiled the-one in 0.48s[0m
2024.04.20 18:45:51 INFO  compiling the-one (1 scala source)[0m
2024.04.20 18:45:51 WARN  1 deprecation (since 2.11.0); re-run with -deprecation for details[0m
2024.04.20 18:45:51 INFO  time: compiled the-one in 0.35s[0m
2024.04.20 18:48:22 INFO  compiling the-one (1 scala source)[0m
2024.04.20 18:48:22 WARN  1 deprecation (since 2.11.0); re-run with -deprecation for details[0m
2024.04.20 18:48:22 INFO  time: compiled the-one in 0.51s[0m
2024.04.20 18:49:52 INFO  compiling the-one (1 scala source)[0m
2024.04.20 18:49:52 WARN  1 deprecation (since 2.11.0); re-run with -deprecation for details[0m
2024.04.20 18:49:52 INFO  time: compiled the-one in 0.46s[0m
2024.04.20 18:50:21 ERROR Failed to tokenize input for semantic tokens for /Users/mateusoliveirasantos/Documents/estudos/unb/tec_prog/code/the-one/src/main/scala/Main.scala
scala.meta.tokenizers.TokenizeException: <input>:36: error: unclosed string literal
    println(")
            ^
	at scala.meta.internal.tokenizers.Reporter.syntaxError(Reporter.scala:23)
	at scala.meta.internal.tokenizers.Reporter.syntaxError$(Reporter.scala:23)
	at scala.meta.internal.tokenizers.Reporter$$anon$1.syntaxError(Reporter.scala:33)
	at scala.meta.internal.tokenizers.Reporter.syntaxError(Reporter.scala:25)
	at scala.meta.internal.tokenizers.Reporter.syntaxError$(Reporter.scala:25)
	at scala.meta.internal.tokenizers.Reporter$$anon$1.syntaxError(Reporter.scala:33)
	at scala.meta.internal.tokenizers.LegacyScanner.getStringLit(LegacyScanner.scala:560)
	at scala.meta.internal.tokenizers.LegacyScanner.fetchDoubleQuote$1(LegacyScanner.scala:379)
	at scala.meta.internal.tokenizers.LegacyScanner.fetchToken(LegacyScanner.scala:383)
	at scala.meta.internal.tokenizers.LegacyScanner.nextToken(LegacyScanner.scala:214)
	at scala.meta.internal.tokenizers.LegacyScanner.foreach(LegacyScanner.scala:982)
	at scala.meta.internal.tokenizers.ScalametaTokenizer.uncachedTokenize(ScalametaTokenizer.scala:23)
	at scala.meta.internal.tokenizers.ScalametaTokenizer.$anonfun$tokenize$1(ScalametaTokenizer.scala:16)
	at scala.collection.concurrent.TrieMap.getOrElseUpdate(TrieMap.scala:960)
	at scala.meta.internal.tokenizers.ScalametaTokenizer.tokenize(ScalametaTokenizer.scala:16)
	at scala.meta.internal.tokenizers.ScalametaTokenizer$$anon$2.apply(ScalametaTokenizer.scala:331)
	at scala.meta.tokenizers.Api$XtensionTokenizeDialectInput.tokenize(Api.scala:25)
	at scala.meta.tokenizers.Api$XtensionTokenizeInputLike.tokenize(Api.scala:14)
	at scala.meta.internal.metals.SemanticTokensProvider$.getTokens(SemanticTokensProvider.scala:30)
	at scala.meta.internal.metals.SemanticTokensProvider$.provide(SemanticTokensProvider.scala:89)
	at scala.meta.internal.metals.Compilers.$anonfun$semanticTokens$3(Compilers.scala:597)
	at scala.concurrent.impl.Promise$Transformation.run(Promise.scala:467)
	at java.util.concurrent.ThreadPoolExecutor.runWorker(ThreadPoolExecutor.java:1144)
	at java.util.concurrent.ThreadPoolExecutor$Worker.run(ThreadPoolExecutor.java:642)
	at java.lang.Thread.run(Thread.java:1583)
[0m
2024.04.20 18:50:23 INFO  compiling the-one (1 scala source)[0m
2024.04.20 18:50:23 WARN  1 deprecation (since 2.11.0); re-run with -deprecation for details[0m
2024.04.20 18:50:23 INFO  time: compiled the-one in 0.42s[0m
2024.04.20 18:51:06 INFO  compiling the-one (1 scala source)[0m
2024.04.20 18:51:06 WARN  1 deprecation (since 2.11.0); re-run with -deprecation for details[0m
2024.04.20 18:51:06 INFO  time: compiled the-one in 0.47s[0m
2024.04.20 18:51:55 INFO  compiling the-one (1 scala source)[0m
2024.04.20 18:51:55 WARN  Could not load snapshot text for /Users/mateusoliveirasantos/Documents/estudos/unb/tec_prog/code/the-one/src/main/scala/Main.scala[0m
2024.04.20 18:51:55 WARN  Could not load snapshot text for /Users/mateusoliveirasantos/Documents/estudos/unb/tec_prog/code/the-one/src/main/scala/Main.scala[0m
2024.04.20 18:51:55 WARN  Could not load snapshot text for /Users/mateusoliveirasantos/Documents/estudos/unb/tec_prog/code/the-one/src/main/scala/Main.scala[0m
2024.04.20 18:51:55 WARN  Could not load snapshot text for /Users/mateusoliveirasantos/Documents/estudos/unb/tec_prog/code/the-one/src/main/scala/Main.scala[0m
2024.04.20 18:51:55 WARN  1 deprecation (since 2.11.0); re-run with -deprecation for details[0m
2024.04.20 18:51:55 INFO  time: compiled the-one in 0.67s[0m
Apr 20, 2024 6:52:09 PM org.eclipse.lsp4j.jsonrpc.RemoteEndpoint handleCancellation
WARNING: Unmatched cancel notification for request id 10567
2024.04.20 18:52:09 INFO  compiling the-one (1 scala source)[0m
2024.04.20 18:52:09 WARN  1 deprecation (since 2.11.0); re-run with -deprecation for details[0m
2024.04.20 18:52:09 INFO  time: compiled the-one in 0.41s[0m
2024.04.20 18:52:19 INFO  compiling the-one (1 scala source)[0m
2024.04.20 18:52:19 INFO  time: compiled the-one in 70ms[0m
2024.04.20 18:52:19 WARN  Could not load snapshot text for /Users/mateusoliveirasantos/Documents/estudos/unb/tec_prog/code/the-one/src/main/scala/Main.scala[0m
2024.04.20 18:52:19 WARN  Could not load snapshot text for /Users/mateusoliveirasantos/Documents/estudos/unb/tec_prog/code/the-one/src/main/scala/Main.scala[0m
2024.04.20 18:52:19 WARN  Could not load snapshot text for /Users/mateusoliveirasantos/Documents/estudos/unb/tec_prog/code/the-one/src/main/scala/Main.scala[0m
2024.04.20 18:52:20 WARN  Could not load snapshot text for /Users/mateusoliveirasantos/Documents/estudos/unb/tec_prog/code/the-one/src/main/scala/Main.scala[0m
2024.04.20 18:52:21 WARN  Could not load snapshot text for /Users/mateusoliveirasantos/Documents/estudos/unb/tec_prog/code/the-one/src/main/scala/Main.scala[0m
2024.04.20 18:52:23 WARN  Could not load snapshot text for /Users/mateusoliveirasantos/Documents/estudos/unb/tec_prog/code/the-one/src/main/scala/Main.scala[0m
2024.04.20 18:52:24 WARN  Could not load snapshot text for /Users/mateusoliveirasantos/Documents/estudos/unb/tec_prog/code/the-one/src/main/scala/Main.scala[0m
2024.04.20 18:52:26 WARN  Could not load snapshot text for /Users/mateusoliveirasantos/Documents/estudos/unb/tec_prog/code/the-one/src/main/scala/Main.scala[0m
2024.04.20 18:52:27 WARN  Could not load snapshot text for /Users/mateusoliveirasantos/Documents/estudos/unb/tec_prog/code/the-one/src/main/scala/Main.scala[0m
2024.04.20 18:52:28 WARN  Could not load snapshot text for /Users/mateusoliveirasantos/Documents/estudos/unb/tec_prog/code/the-one/src/main/scala/Main.scala[0m
2024.04.20 18:52:28 WARN  Could not load snapshot text for /Users/mateusoliveirasantos/Documents/estudos/unb/tec_prog/code/the-one/src/main/scala/Main.scala[0m
2024.04.20 18:52:28 WARN  Could not load snapshot text for /Users/mateusoliveirasantos/Documents/estudos/unb/tec_prog/code/the-one/src/main/scala/Main.scala[0m
2024.04.20 18:52:28 WARN  Could not load snapshot text for /Users/mateusoliveirasantos/Documents/estudos/unb/tec_prog/code/the-one/src/main/scala/Main.scala[0m
2024.04.20 18:52:28 WARN  Could not load snapshot text for /Users/mateusoliveirasantos/Documents/estudos/unb/tec_prog/code/the-one/src/main/scala/Main.scala[0m
2024.04.20 18:52:28 INFO  compiling the-one (1 scala source)[0m
2024.04.20 18:52:28 WARN  1 deprecation (since 2.11.0); re-run with -deprecation for details[0m
2024.04.20 18:52:28 INFO  time: compiled the-one in 0.47s[0m
2024.04.20 18:52:31 INFO  compiling the-one (1 scala source)[0m
2024.04.20 18:52:31 WARN  1 deprecation (since 2.11.0); re-run with -deprecation for details[0m
2024.04.20 18:52:31 INFO  time: compiled the-one in 0.6s[0m
2024.04.20 18:58:34 WARN  Could not load snapshot text for /Users/mateusoliveirasantos/Documents/estudos/unb/tec_prog/code/the-one/src/main/scala/Main.scala[0m
2024.04.20 18:58:34 INFO  compiling the-one (1 scala source)[0m
2024.04.20 18:58:34 WARN  Could not load snapshot text for /Users/mateusoliveirasantos/Documents/estudos/unb/tec_prog/code/the-one/src/main/scala/Main.scala[0m
2024.04.20 18:58:34 WARN  Could not load snapshot text for /Users/mateusoliveirasantos/Documents/estudos/unb/tec_prog/code/the-one/src/main/scala/Main.scala[0m
2024.04.20 18:58:34 INFO  time: compiled the-one in 0.14s[0m
2024.04.20 18:58:35 WARN  Could not load snapshot text for /Users/mateusoliveirasantos/Documents/estudos/unb/tec_prog/code/the-one/src/main/scala/Main.scala[0m
2024.04.20 18:59:11 WARN  Could not load snapshot text for /Users/mateusoliveirasantos/Documents/estudos/unb/tec_prog/code/the-one/src/main/scala/Main.scala[0m
2024.04.20 18:59:18 WARN  Could not load snapshot text for /Users/mateusoliveirasantos/Documents/estudos/unb/tec_prog/code/the-one/src/main/scala/Main.scala[0m
2024.04.20 18:59:20 WARN  Could not load snapshot text for /Users/mateusoliveirasantos/Documents/estudos/unb/tec_prog/code/the-one/src/main/scala/Main.scala[0m
2024.04.20 18:59:20 INFO  compiling the-one (1 scala source)[0m
2024.04.20 18:59:20 WARN  Could not load snapshot text for /Users/mateusoliveirasantos/Documents/estudos/unb/tec_prog/code/the-one/src/main/scala/Main.scala[0m
2024.04.20 18:59:20 WARN  Could not load snapshot text for /Users/mateusoliveirasantos/Documents/estudos/unb/tec_prog/code/the-one/src/main/scala/Main.scala[0m
2024.04.20 18:59:20 WARN  1 deprecation (since 2.11.0); re-run with -deprecation for details[0m
2024.04.20 18:59:20 INFO  time: compiled the-one in 0.47s[0m
2024.04.20 19:02:00 WARN  Using indexes to guess the definition of String[0m
2024.04.20 19:02:01 INFO  compiling the-one (1 scala source)[0m
2024.04.20 19:02:01 WARN  1 deprecation (since 2.11.0); re-run with -deprecation for details[0m
2024.04.20 19:02:01 INFO  time: compiled the-one in 0.52s[0m
2024.04.22 11:27:59 WARN  Using indexes to guess the definition of addToMap[0m
2024.04.22 11:28:01 WARN  Using indexes to guess the definition of addToMap[0m
2024.04.22 11:28:02 WARN  Using indexes to guess the definition of addToMap[0m
2024.04.22 11:28:18 ERROR Failed to tokenize input for semantic tokens for /Users/mateusoliveirasantos/Documents/estudos/unb/tec_prog/code/the-one/src/main/scala/Main.scala
scala.meta.tokenizers.TokenizeException: <input>:48: error: unclosed string literal
  println(TheOne.addToMap("a", "a" -> 1, "))
                                         ^
	at scala.meta.internal.tokenizers.Reporter.syntaxError(Reporter.scala:23)
	at scala.meta.internal.tokenizers.Reporter.syntaxError$(Reporter.scala:23)
	at scala.meta.internal.tokenizers.Reporter$$anon$1.syntaxError(Reporter.scala:33)
	at scala.meta.internal.tokenizers.Reporter.syntaxError(Reporter.scala:25)
	at scala.meta.internal.tokenizers.Reporter.syntaxError$(Reporter.scala:25)
	at scala.meta.internal.tokenizers.Reporter$$anon$1.syntaxError(Reporter.scala:33)
	at scala.meta.internal.tokenizers.LegacyScanner.getStringLit(LegacyScanner.scala:560)
	at scala.meta.internal.tokenizers.LegacyScanner.fetchDoubleQuote$1(LegacyScanner.scala:379)
	at scala.meta.internal.tokenizers.LegacyScanner.fetchToken(LegacyScanner.scala:383)
	at scala.meta.internal.tokenizers.LegacyScanner.nextToken(LegacyScanner.scala:214)
	at scala.meta.internal.tokenizers.LegacyScanner.foreach(LegacyScanner.scala:982)
	at scala.meta.internal.tokenizers.ScalametaTokenizer.uncachedTokenize(ScalametaTokenizer.scala:23)
	at scala.meta.internal.tokenizers.ScalametaTokenizer.$anonfun$tokenize$1(ScalametaTokenizer.scala:16)
	at scala.collection.concurrent.TrieMap.getOrElseUpdate(TrieMap.scala:960)
	at scala.meta.internal.tokenizers.ScalametaTokenizer.tokenize(ScalametaTokenizer.scala:16)
	at scala.meta.internal.tokenizers.ScalametaTokenizer$$anon$2.apply(ScalametaTokenizer.scala:331)
	at scala.meta.tokenizers.Api$XtensionTokenizeDialectInput.tokenize(Api.scala:25)
	at scala.meta.tokenizers.Api$XtensionTokenizeInputLike.tokenize(Api.scala:14)
	at scala.meta.internal.metals.SemanticTokensProvider$.getTokens(SemanticTokensProvider.scala:30)
	at scala.meta.internal.metals.SemanticTokensProvider$.provide(SemanticTokensProvider.scala:89)
	at scala.meta.internal.metals.Compilers.$anonfun$semanticTokens$3(Compilers.scala:597)
	at scala.concurrent.impl.Promise$Transformation.run(Promise.scala:467)
	at java.util.concurrent.ThreadPoolExecutor.runWorker(ThreadPoolExecutor.java:1144)
	at java.util.concurrent.ThreadPoolExecutor$Worker.run(ThreadPoolExecutor.java:642)
	at java.lang.Thread.run(Thread.java:1583)
[0m
2024.04.22 11:28:25 INFO  compiling the-one (1 scala source)[0m
2024.04.22 11:28:25 INFO  time: compiled the-one in 0.11s[0m
2024.04.22 11:28:37 INFO  compiling the-one (1 scala source)[0m
2024.04.22 11:28:37 INFO  time: compiled the-one in 87ms[0m
2024.04.22 11:29:07 INFO  compiling the-one (1 scala source)[0m
2024.04.22 11:29:07 WARN  1 deprecation (since 2.11.0); re-run with -deprecation for details[0m
2024.04.22 11:29:07 INFO  time: compiled the-one in 0.47s[0m
2024.04.22 11:29:20 INFO  compiling the-one (1 scala source)[0m
2024.04.22 11:29:20 WARN  1 deprecation (since 2.11.0); re-run with -deprecation for details[0m
2024.04.22 11:29:20 INFO  time: compiled the-one in 0.43s[0m
Apr 22, 2024 11:29:30 AM org.eclipse.lsp4j.jsonrpc.RemoteEndpoint handleCancellation
WARNING: Unmatched cancel notification for request id 11408
2024.04.22 11:30:33 INFO  compiling the-one (1 scala source)[0m
2024.04.22 11:30:33 WARN  1 deprecation (since 2.11.0); re-run with -deprecation for details[0m
2024.04.22 11:30:33 INFO  time: compiled the-one in 0.39s[0m
Apr 22, 2024 11:31:59 AM org.eclipse.lsp4j.jsonrpc.RemoteEndpoint handleCancellation
WARNING: Unmatched cancel notification for request id 11505
Apr 22, 2024 11:33:14 AM org.eclipse.lsp4j.jsonrpc.RemoteEndpoint handleCancellation
WARNING: Unmatched cancel notification for request id 11534
2024.04.22 11:33:40 INFO  compiling the-one (1 scala source)[0m
2024.04.22 11:33:40 INFO  time: compiled the-one in 96ms[0m
2024.04.22 11:33:52 INFO  compiling the-one (1 scala source)[0m
2024.04.22 11:33:52 INFO  time: compiled the-one in 76ms[0m
2024.04.22 11:34:31 INFO  compiling the-one (1 scala source)[0m
2024.04.22 11:34:31 INFO  time: compiled the-one in 79ms[0m
2024.04.22 11:34:38 INFO  compiling the-one (1 scala source)[0m
2024.04.22 11:34:38 WARN  1 deprecation (since 2.11.0); re-run with -deprecation for details[0m
2024.04.22 11:34:38 INFO  time: compiled the-one in 0.38s[0m
2024.04.22 11:35:07 WARN  Using indexes to guess the definition of frequencies[0m
2024.04.22 11:36:32 INFO  compiling the-one (1 scala source)[0m
2024.04.22 11:36:32 WARN  1 deprecation (since 2.11.0); re-run with -deprecation for details[0m
2024.04.22 11:36:32 INFO  time: compiled the-one in 0.46s[0m
Apr 22, 2024 11:36:34 AM org.eclipse.lsp4j.jsonrpc.RemoteEndpoint handleCancellation
WARNING: Unmatched cancel notification for request id 11822
2024.04.22 11:37:11 INFO  compiling the-one (1 scala source)[0m
2024.04.22 11:37:11 INFO  time: compiled the-one in 0.17s[0m
2024.04.22 11:37:31 INFO  compiling the-one (1 scala source)[0m
2024.04.22 11:37:31 INFO  time: compiled the-one in 0.54s[0m
2024.04.22 11:39:32 INFO  compiling the-one-test (1 scala source)[0m
2024.04.22 11:39:32 WARN  Could not load snapshot text for /Users/mateusoliveirasantos/Documents/estudos/unb/tec_prog/code/the-one/src/test/scala/TheOneTest.scala[0m
2024.04.22 11:39:32 WARN  Could not load snapshot text for /Users/mateusoliveirasantos/Documents/estudos/unb/tec_prog/code/the-one/src/test/scala/TheOneTest.scala[0m
2024.04.22 11:39:32 INFO  time: compiled the-one-test in 0.54s[0m
2024.04.22 11:39:42 INFO  compiling the-one-test (1 scala source)[0m
2024.04.22 11:39:42 INFO  time: compiled the-one-test in 0.11s[0m
2024.04.22 11:40:33 INFO  compiling the-one-test (1 scala source)[0m
2024.04.22 11:40:33 INFO  time: compiled the-one-test in 0.13s[0m
2024.04.22 11:40:37 INFO  compiling the-one-test (1 scala source)[0m
2024.04.22 11:40:37 WARN  Using indexes to guess the definition of TheOne[0m
2024.04.22 11:40:37 INFO  time: compiled the-one-test in 0.1s[0m
2024.04.22 11:40:38 WARN  Using indexes to guess the definition of TheOne[0m
2024.04.22 11:40:38 INFO  compiling the-one-test (1 scala source)[0m
2024.04.22 11:40:38 INFO  time: compiled the-one-test in 0.1s[0m
Apr 22, 2024 11:40:58 AM org.eclipse.lsp4j.jsonrpc.RemoteEndpoint handleCancellation
WARNING: Unmatched cancel notification for request id 12329
something's wrong: no file:///Users/mateusoliveirasantos/Documents/estudos/unb/tec_prog/code/the-one/src/main/scala/Main.scala in scala.collection.immutable.Map[<error>,<error>]RangePosition(file:///Users/mateusoliveirasantos/Documents/estudos/unb/tec_prog/code/the-one/src/main/scala/Main.scala, 923, 923, 945)
something's wrong: no file:///Users/mateusoliveirasantos/Documents/estudos/unb/tec_prog/code/the-one/src/main/scala/Main.scala in scala.collection.immutable.Map[String,<error>]RangePosition(file:///Users/mateusoliveirasantos/Documents/estudos/unb/tec_prog/code/the-one/src/main/scala/Main.scala, 923, 923, 944)
Apr 22, 2024 11:41:37 AM org.eclipse.lsp4j.jsonrpc.RemoteEndpoint handleCancellation
WARNING: Unmatched cancel notification for request id 12449
Apr 22, 2024 11:44:24 AM org.eclipse.lsp4j.jsonrpc.RemoteEndpoint handleCancellation
WARNING: Unmatched cancel notification for request id 12837
something's wrong: no file:///Users/mateusoliveirasantos/Documents/estudos/unb/tec_prog/code/the-one/src/main/scala/Main.scala in (String, Int)RangePosition(file:///Users/mateusoliveirasantos/Documents/estudos/unb/tec_prog/code/the-one/src/main/scala/Main.scala, 931, 931, 943)
2024.04.22 11:45:32 INFO  compiling the-one (1 scala source)[0m
2024.04.22 11:45:32 INFO  time: compiled the-one in 95ms[0m
2024.04.22 11:46:56 INFO  compiling the-one (1 scala source)[0m
2024.04.22 11:46:56 INFO  time: compiled the-one in 61ms[0m
2024.04.22 11:49:43 INFO  compiling the-one (1 scala source)[0m
2024.04.22 11:49:43 INFO  time: compiled the-one in 0.11s[0m
Apr 22, 2024 11:49:46 AM org.eclipse.lsp4j.jsonrpc.RemoteEndpoint handleCancellation
WARNING: Unmatched cancel notification for request id 13366
2024.04.22 11:49:46 INFO  compiling the-one (1 scala source)[0m
2024.04.22 11:49:46 INFO  time: compiled the-one in 80ms[0m
2024.04.22 11:49:50 INFO  compiling the-one (1 scala source)[0m
2024.04.22 11:49:50 INFO  time: compiled the-one in 60ms[0m
2024.04.22 11:49:54 INFO  compiling the-one (1 scala source)[0m
2024.04.22 11:49:54 INFO  time: compiled the-one in 41ms[0m
2024.04.22 11:50:00 INFO  compiling the-one (1 scala source)[0m
2024.04.22 11:50:00 INFO  time: compiled the-one in 60ms[0m
2024.04.22 11:50:02 INFO  compiling the-one (1 scala source)[0m
2024.04.22 11:50:02 INFO  time: compiled the-one in 75ms[0m
Apr 22, 2024 11:50:02 AM scala.meta.internal.pc.CompilerAccess retryWithCleanCompiler
INFO: compiler crashed due to an error in the Scala compiler, retrying with new compiler instance.
2024.04.22 11:50:09 INFO  compiling the-one (1 scala source)[0m
2024.04.22 11:50:09 INFO  time: compiled the-one in 69ms[0m
Apr 22, 2024 11:52:09 AM scala.meta.internal.pc.CompilerAccess handleError
SEVERE: A severe compiler error occurred, full details of the error can be found in the error report /Users/mateusoliveirasantos/Documents/estudos/unb/tec_prog/code/the-one/.metals/.reports/metals-full/2024-04-22/r_compiler-error_(the-one)_11-52-09-358.md
Apr 22, 2024 11:52:09 AM scala.meta.internal.pc.CompilerAccess handleError
SEVERE: A severe compiler error occurred, full details of the error can be found in the error report /Users/mateusoliveirasantos/Documents/estudos/unb/tec_prog/code/the-one/.metals/.reports/metals-full/2024-04-22/r_compiler-error_(the-one)_11-52-09-519.md
Apr 22, 2024 11:52:30 AM scala.meta.internal.pc.CompilerAccess handleError
SEVERE: A severe compiler error occurred, full details of the error can be found in the error report /Users/mateusoliveirasantos/Documents/estudos/unb/tec_prog/code/the-one/.metals/.reports/metals-full/2024-04-22/r_compiler-error_(the-one)_11-52-30-805.md
Apr 22, 2024 11:52:31 AM scala.meta.internal.pc.CompilerAccess handleError
SEVERE: A severe compiler error occurred, full details of the error can be found in the error report /Users/mateusoliveirasantos/Documents/estudos/unb/tec_prog/code/the-one/.metals/.reports/metals-full/2024-04-22/r_compiler-error_(the-one)_11-52-31-497.md
Apr 22, 2024 11:53:10 AM org.eclipse.lsp4j.jsonrpc.RemoteEndpoint handleCancellation
WARNING: Unmatched cancel notification for request id 13720
Apr 22, 2024 11:53:11 AM org.eclipse.lsp4j.jsonrpc.RemoteEndpoint handleCancellation
WARNING: Unmatched cancel notification for request id 13729
2024.04.22 11:53:38 WARN  Using indexes to guess the definition of Int[0m
2024.04.22 11:54:18 INFO  compiling the-one (1 scala source)[0m
2024.04.22 11:54:18 WARN  Using indexes to guess the definition of sortInsert[0m
2024.04.22 11:54:18 INFO  time: compiled the-one in 96ms[0m
2024.04.22 11:58:24 INFO  compiling the-one (1 scala source)[0m
2024.04.22 11:58:24 INFO  time: compiled the-one in 0.14s[0m
2024.04.22 11:58:33 INFO  compiling the-one (1 scala source)[0m
2024.04.22 11:58:33 INFO  time: compiled the-one in 92ms[0m
2024.04.22 12:00:02 INFO  compiling the-one (1 scala source)[0m
2024.04.22 12:00:02 INFO  time: compiled the-one in 0.11s[0m
2024.04.22 12:00:16 INFO  compiling the-one (1 scala source)[0m
2024.04.22 12:00:16 INFO  time: compiled the-one in 99ms[0m
2024.04.22 12:02:12 INFO  compiling the-one (1 scala source)[0m
2024.04.22 12:02:12 INFO  time: compiled the-one in 0.15s[0m
2024.04.22 12:02:21 INFO  compiling the-one (1 scala source)[0m
2024.04.22 12:02:21 WARN  Using indexes to guess the definition of String[0m
2024.04.22 12:02:21 INFO  time: compiled the-one in 0.12s[0m
2024.04.22 12:02:32 INFO  compiling the-one (1 scala source)[0m
2024.04.22 12:02:32 INFO  time: compiled the-one in 87ms[0m
2024.04.22 12:02:36 INFO  compiling the-one (1 scala source)[0m
2024.04.22 12:02:36 INFO  time: compiled the-one in 81ms[0m
2024.04.22 12:02:43 INFO  compiling the-one (1 scala source)[0m
2024.04.22 12:02:43 INFO  time: compiled the-one in 69ms[0m
2024.04.22 12:03:05 INFO  compiling the-one (1 scala source)[0m
2024.04.22 12:03:05 INFO  time: compiled the-one in 77ms[0m
2024.04.22 12:03:19 INFO  compiling the-one (1 scala source)[0m
2024.04.22 12:03:19 INFO  time: compiled the-one in 0.11s[0m
2024.04.22 12:03:26 INFO  compiling the-one (1 scala source)[0m
2024.04.22 12:03:26 INFO  time: compiled the-one in 90ms[0m
2024.04.22 12:03:35 INFO  compiling the-one (1 scala source)[0m
2024.04.22 12:03:35 INFO  time: compiled the-one in 74ms[0m
2024.04.22 12:03:46 WARN  Using indexes to guess the definition of Int[0m
2024.04.22 12:03:46 INFO  compiling the-one (1 scala source)[0m
2024.04.22 12:03:46 WARN  Using indexes to guess the definition of Int[0m
2024.04.22 12:03:46 INFO  time: compiled the-one in 48ms[0m
2024.04.22 12:03:49 INFO  compiling the-one (1 scala source)[0m
2024.04.22 12:03:49 INFO  time: compiled the-one in 59ms[0m
2024.04.22 12:03:51 INFO  compiling the-one (1 scala source)[0m
2024.04.22 12:03:51 INFO  time: compiled the-one in 96ms[0m
2024.04.22 12:04:05 WARN  Using indexes to guess the definition of Int[0m
2024.04.22 12:04:06 INFO  compiling the-one (1 scala source)[0m
2024.04.22 12:04:06 INFO  time: compiled the-one in 59ms[0m
2024.04.22 12:04:39 INFO  compiling the-one (1 scala source)[0m
2024.04.22 12:04:39 WARN  Using indexes to guess the definition of Int[0m
2024.04.22 12:04:39 INFO  time: compiled the-one in 0.15s[0m
2024.04.22 12:04:39 WARN  Using indexes to guess the definition of String[0m
2024.04.22 12:06:07 INFO  compiling the-one (1 scala source)[0m
2024.04.22 12:06:07 INFO  time: compiled the-one in 70ms[0m
2024.04.22 12:06:07 INFO  compiling the-one (1 scala source)[0m
2024.04.22 12:06:07 INFO  time: compiled the-one in 32ms[0m
2024.04.22 12:06:09 INFO  compiling the-one (1 scala source)[0m
2024.04.22 12:06:09 INFO  time: compiled the-one in 60ms[0m
2024.04.22 12:06:12 INFO  compiling the-one (1 scala source)[0m
2024.04.22 12:06:12 INFO  time: compiled the-one in 63ms[0m
Apr 22, 2024 12:06:37 PM org.eclipse.lsp4j.jsonrpc.RemoteEndpoint handleCancellation
WARNING: Unmatched cancel notification for request id 15004
something's wrong: no file:///Users/mateusoliveirasantos/Documents/estudos/unb/tec_prog/code/the-one/src/main/scala/Main.scala in (String, <error>)RangePosition(file:///Users/mateusoliveirasantos/Documents/estudos/unb/tec_prog/code/the-one/src/main/scala/Main.scala, 991, 991, 1009)
2024.04.22 12:06:38 INFO  compiling the-one (1 scala source)[0m
2024.04.22 12:06:38 INFO  time: compiled the-one in 0.11s[0m
2024.04.22 12:06:47 INFO  compiling the-one (1 scala source)[0m
2024.04.22 12:06:47 INFO  time: compiled the-one in 89ms[0m
2024.04.22 12:06:54 INFO  compiling the-one (1 scala source)[0m
2024.04.22 12:06:54 INFO  time: compiled the-one in 87ms[0m
2024.04.22 12:07:24 INFO  compiling the-one (1 scala source)[0m
2024.04.22 12:07:24 INFO  time: compiled the-one in 0.6s[0m
2024.04.22 12:07:27 INFO  compiling the-one-test (1 scala source)[0m
2024.04.22 12:07:27 INFO  time: compiled the-one-test in 0.14s[0m
2024.04.22 12:07:33 INFO  compiling the-one-test (1 scala source)[0m
2024.04.22 12:07:33 INFO  time: compiled the-one-test in 0.45s[0m
2024.04.22 12:07:48 INFO  compiling the-one-test (1 scala source)[0m
2024.04.22 12:07:48 INFO  time: compiled the-one-test in 0.51s[0m
2024.04.22 12:07:59 INFO  compiling the-one-test (1 scala source)[0m
2024.04.22 12:07:59 INFO  time: compiled the-one-test in 0.43s[0m
2024.04.22 12:08:36 INFO  compiling the-one (1 scala source)[0m
2024.04.22 12:08:36 INFO  time: compiled the-one in 0.5s[0m
2024.04.22 12:09:33 INFO  compiling the-one (1 scala source)[0m
2024.04.22 12:09:33 WARN  Could not load snapshot text for /Users/mateusoliveirasantos/Documents/estudos/unb/tec_prog/code/the-one/src/main/scala/Main.scala[0m
2024.04.22 12:09:33 WARN  Could not load snapshot text for /Users/mateusoliveirasantos/Documents/estudos/unb/tec_prog/code/the-one/src/main/scala/Main.scala[0m
2024.04.22 12:09:33 WARN  Using indexes to guess the definition of Int[0m
2024.04.22 12:09:33 INFO  time: compiled the-one in 0.12s[0m
2024.04.22 12:09:33 WARN  Could not load snapshot text for /Users/mateusoliveirasantos/Documents/estudos/unb/tec_prog/code/the-one/src/main/scala/Main.scala[0m
2024.04.22 12:09:34 WARN  Could not load snapshot text for /Users/mateusoliveirasantos/Documents/estudos/unb/tec_prog/code/the-one/src/main/scala/Main.scala[0m
2024.04.22 12:09:34 WARN  Could not load snapshot text for /Users/mateusoliveirasantos/Documents/estudos/unb/tec_prog/code/the-one/src/main/scala/Main.scala[0m
2024.04.22 12:09:40 WARN  Could not load snapshot text for /Users/mateusoliveirasantos/Documents/estudos/unb/tec_prog/code/the-one/src/main/scala/Main.scala[0m
2024.04.22 12:09:41 WARN  Could not load snapshot text for /Users/mateusoliveirasantos/Documents/estudos/unb/tec_prog/code/the-one/src/main/scala/Main.scala[0m
2024.04.22 12:09:44 WARN  Could not load snapshot text for /Users/mateusoliveirasantos/Documents/estudos/unb/tec_prog/code/the-one/src/main/scala/Main.scala[0m
2024.04.22 12:09:44 WARN  Could not load snapshot text for /Users/mateusoliveirasantos/Documents/estudos/unb/tec_prog/code/the-one/src/main/scala/Main.scala[0m
2024.04.22 12:09:44 WARN  Could not load snapshot text for /Users/mateusoliveirasantos/Documents/estudos/unb/tec_prog/code/the-one/src/main/scala/Main.scala[0m
2024.04.22 12:09:44 WARN  Could not load snapshot text for /Users/mateusoliveirasantos/Documents/estudos/unb/tec_prog/code/the-one/src/main/scala/Main.scala[0m
2024.04.22 12:09:44 WARN  Could not load snapshot text for /Users/mateusoliveirasantos/Documents/estudos/unb/tec_prog/code/the-one/src/main/scala/Main.scala[0m
2024.04.22 12:09:44 WARN  Could not load snapshot text for /Users/mateusoliveirasantos/Documents/estudos/unb/tec_prog/code/the-one/src/main/scala/Main.scala[0m
2024.04.22 12:09:44 WARN  Could not load snapshot text for /Users/mateusoliveirasantos/Documents/estudos/unb/tec_prog/code/the-one/src/main/scala/Main.scala[0m
2024.04.22 12:09:44 WARN  Could not load snapshot text for /Users/mateusoliveirasantos/Documents/estudos/unb/tec_prog/code/the-one/src/main/scala/Main.scala[0m
2024.04.22 12:09:48 WARN  Could not load snapshot text for /Users/mateusoliveirasantos/Documents/estudos/unb/tec_prog/code/the-one/src/main/scala/Main.scala[0m
2024.04.22 12:09:49 WARN  Could not load snapshot text for /Users/mateusoliveirasantos/Documents/estudos/unb/tec_prog/code/the-one/src/main/scala/Main.scala[0m
2024.04.22 12:09:50 WARN  Could not load snapshot text for /Users/mateusoliveirasantos/Documents/estudos/unb/tec_prog/code/the-one/src/main/scala/Main.scala[0m
2024.04.22 12:09:53 WARN  Could not load snapshot text for /Users/mateusoliveirasantos/Documents/estudos/unb/tec_prog/code/the-one/src/main/scala/Main.scala[0m
2024.04.22 12:09:54 WARN  Could not load snapshot text for /Users/mateusoliveirasantos/Documents/estudos/unb/tec_prog/code/the-one/src/main/scala/Main.scala[0m
2024.04.22 12:09:56 WARN  Could not load snapshot text for /Users/mateusoliveirasantos/Documents/estudos/unb/tec_prog/code/the-one/src/main/scala/Main.scala[0m
2024.04.22 12:09:57 WARN  Could not load snapshot text for /Users/mateusoliveirasantos/Documents/estudos/unb/tec_prog/code/the-one/src/main/scala/Main.scala[0m
2024.04.22 12:09:58 WARN  Could not load snapshot text for /Users/mateusoliveirasantos/Documents/estudos/unb/tec_prog/code/the-one/src/main/scala/Main.scala[0m
2024.04.22 12:09:58 WARN  Could not load snapshot text for /Users/mateusoliveirasantos/Documents/estudos/unb/tec_prog/code/the-one/src/main/scala/Main.scala[0m
2024.04.22 12:09:58 WARN  Could not load snapshot text for /Users/mateusoliveirasantos/Documents/estudos/unb/tec_prog/code/the-one/src/main/scala/Main.scala[0m
2024.04.22 12:09:58 WARN  Could not load snapshot text for /Users/mateusoliveirasantos/Documents/estudos/unb/tec_prog/code/the-one/src/main/scala/Main.scala[0m
2024.04.22 12:09:58 WARN  Could not load snapshot text for /Users/mateusoliveirasantos/Documents/estudos/unb/tec_prog/code/the-one/src/main/scala/Main.scala[0m
2024.04.22 12:09:58 INFO  compiling the-one (1 scala source)[0m
2024.04.22 12:09:58 INFO  time: compiled the-one in 89ms[0m
2024.04.22 12:09:59 WARN  Could not load snapshot text for /Users/mateusoliveirasantos/Documents/estudos/unb/tec_prog/code/the-one/src/main/scala/Main.scala[0m
2024.04.22 12:10:00 WARN  Could not load snapshot text for /Users/mateusoliveirasantos/Documents/estudos/unb/tec_prog/code/the-one/src/main/scala/Main.scala[0m
2024.04.22 12:10:00 WARN  Could not load snapshot text for /Users/mateusoliveirasantos/Documents/estudos/unb/tec_prog/code/the-one/src/main/scala/Main.scala[0m
2024.04.22 12:10:00 WARN  Could not load snapshot text for /Users/mateusoliveirasantos/Documents/estudos/unb/tec_prog/code/the-one/src/main/scala/Main.scala[0m
2024.04.22 12:10:00 INFO  compiling the-one (1 scala source)[0m
2024.04.22 12:10:00 INFO  time: compiled the-one in 63ms[0m
2024.04.22 12:10:00 WARN  Could not load snapshot text for /Users/mateusoliveirasantos/Documents/estudos/unb/tec_prog/code/the-one/src/main/scala/Main.scala[0m
2024.04.22 12:10:02 WARN  Could not load snapshot text for /Users/mateusoliveirasantos/Documents/estudos/unb/tec_prog/code/the-one/src/main/scala/Main.scala[0m
2024.04.22 12:10:02 WARN  Could not load snapshot text for /Users/mateusoliveirasantos/Documents/estudos/unb/tec_prog/code/the-one/src/main/scala/Main.scala[0m
2024.04.22 12:10:02 WARN  Could not load snapshot text for /Users/mateusoliveirasantos/Documents/estudos/unb/tec_prog/code/the-one/src/main/scala/Main.scala[0m
2024.04.22 12:10:02 WARN  Could not load snapshot text for /Users/mateusoliveirasantos/Documents/estudos/unb/tec_prog/code/the-one/src/main/scala/Main.scala[0m
2024.04.22 12:10:03 INFO  compiling the-one (1 scala source)[0m
2024.04.22 12:10:03 INFO  time: compiled the-one in 57ms[0m
2024.04.22 12:10:03 WARN  Could not load snapshot text for /Users/mateusoliveirasantos/Documents/estudos/unb/tec_prog/code/the-one/src/main/scala/Main.scala[0m
2024.04.22 12:10:04 WARN  Could not load snapshot text for /Users/mateusoliveirasantos/Documents/estudos/unb/tec_prog/code/the-one/src/main/scala/Main.scala[0m
2024.04.22 12:10:04 WARN  Could not load snapshot text for /Users/mateusoliveirasantos/Documents/estudos/unb/tec_prog/code/the-one/src/main/scala/Main.scala[0m
2024.04.22 12:10:04 WARN  Could not load snapshot text for /Users/mateusoliveirasantos/Documents/estudos/unb/tec_prog/code/the-one/src/main/scala/Main.scala[0m
2024.04.22 12:10:07 WARN  Could not load snapshot text for /Users/mateusoliveirasantos/Documents/estudos/unb/tec_prog/code/the-one/src/main/scala/Main.scala[0m
2024.04.22 12:10:09 WARN  Could not load snapshot text for /Users/mateusoliveirasantos/Documents/estudos/unb/tec_prog/code/the-one/src/main/scala/Main.scala[0m
2024.04.22 12:10:10 WARN  Could not load snapshot text for /Users/mateusoliveirasantos/Documents/estudos/unb/tec_prog/code/the-one/src/main/scala/Main.scala[0m
2024.04.22 12:10:11 INFO  compiling the-one (1 scala source)[0m
2024.04.22 12:10:11 INFO  time: compiled the-one in 93ms[0m
2024.04.22 12:10:11 WARN  Could not load snapshot text for /Users/mateusoliveirasantos/Documents/estudos/unb/tec_prog/code/the-one/src/main/scala/Main.scala[0m
2024.04.22 12:10:13 WARN  Could not load snapshot text for /Users/mateusoliveirasantos/Documents/estudos/unb/tec_prog/code/the-one/src/main/scala/Main.scala[0m
2024.04.22 12:10:18 WARN  Could not load snapshot text for /Users/mateusoliveirasantos/Documents/estudos/unb/tec_prog/code/the-one/src/main/scala/Main.scala[0m
2024.04.22 12:10:20 WARN  Could not load snapshot text for /Users/mateusoliveirasantos/Documents/estudos/unb/tec_prog/code/the-one/src/main/scala/Main.scala[0m
2024.04.22 12:10:20 WARN  Could not load snapshot text for /Users/mateusoliveirasantos/Documents/estudos/unb/tec_prog/code/the-one/src/main/scala/Main.scala[0m
2024.04.22 12:10:20 WARN  Could not load snapshot text for /Users/mateusoliveirasantos/Documents/estudos/unb/tec_prog/code/the-one/src/main/scala/Main.scala[0m
2024.04.22 12:10:20 WARN  Could not load snapshot text for /Users/mateusoliveirasantos/Documents/estudos/unb/tec_prog/code/the-one/src/main/scala/Main.scala[0m
2024.04.22 12:10:20 WARN  Using indexes to guess the definition of topFreqs[0m
2024.04.22 12:10:20 WARN  Could not load snapshot text for /Users/mateusoliveirasantos/Documents/estudos/unb/tec_prog/code/the-one/src/main/scala/Main.scala[0m
2024.04.22 12:10:20 WARN  Could not load snapshot text for /Users/mateusoliveirasantos/Documents/estudos/unb/tec_prog/code/the-one/src/main/scala/Main.scala[0m
2024.04.22 12:10:20 WARN  Could not load snapshot text for /Users/mateusoliveirasantos/Documents/estudos/unb/tec_prog/code/the-one/src/main/scala/Main.scala[0m
2024.04.22 12:10:20 WARN  Could not load snapshot text for /Users/mateusoliveirasantos/Documents/estudos/unb/tec_prog/code/the-one/src/main/scala/Main.scala[0m
2024.04.22 12:10:21 WARN  Could not load snapshot text for /Users/mateusoliveirasantos/Documents/estudos/unb/tec_prog/code/the-one/src/main/scala/Main.scala[0m
2024.04.22 12:10:22 WARN  Could not load snapshot text for /Users/mateusoliveirasantos/Documents/estudos/unb/tec_prog/code/the-one/src/main/scala/Main.scala[0m
2024.04.22 12:10:23 WARN  Could not load snapshot text for /Users/mateusoliveirasantos/Documents/estudos/unb/tec_prog/code/the-one/src/main/scala/Main.scala[0m
2024.04.22 12:10:25 WARN  Could not load snapshot text for /Users/mateusoliveirasantos/Documents/estudos/unb/tec_prog/code/the-one/src/main/scala/Main.scala[0m
2024.04.22 12:10:27 WARN  Could not load snapshot text for /Users/mateusoliveirasantos/Documents/estudos/unb/tec_prog/code/the-one/src/main/scala/Main.scala[0m
2024.04.22 12:10:27 WARN  Could not load snapshot text for /Users/mateusoliveirasantos/Documents/estudos/unb/tec_prog/code/the-one/src/main/scala/Main.scala[0m
2024.04.22 12:10:27 WARN  Could not load snapshot text for /Users/mateusoliveirasantos/Documents/estudos/unb/tec_prog/code/the-one/src/main/scala/Main.scala[0m
2024.04.22 12:10:27 WARN  Could not load snapshot text for /Users/mateusoliveirasantos/Documents/estudos/unb/tec_prog/code/the-one/src/main/scala/Main.scala[0m
2024.04.22 12:10:27 WARN  Could not load snapshot text for /Users/mateusoliveirasantos/Documents/estudos/unb/tec_prog/code/the-one/src/main/scala/Main.scala[0m
2024.04.22 12:10:27 WARN  Could not load snapshot text for /Users/mateusoliveirasantos/Documents/estudos/unb/tec_prog/code/the-one/src/main/scala/Main.scala[0m
2024.04.22 12:10:27 WARN  Could not load snapshot text for /Users/mateusoliveirasantos/Documents/estudos/unb/tec_prog/code/the-one/src/main/scala/Main.scala[0m
2024.04.22 12:10:27 WARN  Could not load snapshot text for /Users/mateusoliveirasantos/Documents/estudos/unb/tec_prog/code/the-one/src/main/scala/Main.scala[0m
2024.04.22 12:10:27 WARN  Could not load snapshot text for /Users/mateusoliveirasantos/Documents/estudos/unb/tec_prog/code/the-one/src/main/scala/Main.scala[0m
2024.04.22 12:10:27 WARN  Could not load snapshot text for /Users/mateusoliveirasantos/Documents/estudos/unb/tec_prog/code/the-one/src/main/scala/Main.scala[0m
2024.04.22 12:10:27 WARN  Using indexes to guess the definition of List[0m
2024.04.22 12:10:28 WARN  Could not load snapshot text for /Users/mateusoliveirasantos/Documents/estudos/unb/tec_prog/code/the-one/src/main/scala/Main.scala[0m
2024.04.22 12:10:28 WARN  Could not load snapshot text for /Users/mateusoliveirasantos/Documents/estudos/unb/tec_prog/code/the-one/src/main/scala/Main.scala[0m
2024.04.22 12:10:28 WARN  Could not load snapshot text for /Users/mateusoliveirasantos/Documents/estudos/unb/tec_prog/code/the-one/src/main/scala/Main.scala[0m
2024.04.22 12:10:29 INFO  compiling the-one (1 scala source)[0m
2024.04.22 12:10:29 INFO  time: compiled the-one in 0.48s[0m
2024.04.22 12:10:55 INFO  compiling the-one-test (1 scala source)[0m
2024.04.22 12:10:55 INFO  time: compiled the-one-test in 0.44s[0m
2024.04.22 12:11:01 INFO  compiling the-one-test (1 scala source)[0m
2024.04.22 12:11:01 WARN  Could not load snapshot text for /Users/mateusoliveirasantos/Documents/estudos/unb/tec_prog/code/the-one/src/test/scala/TheOneTest.scala[0m
2024.04.22 12:11:01 WARN  Could not load snapshot text for /Users/mateusoliveirasantos/Documents/estudos/unb/tec_prog/code/the-one/src/test/scala/TheOneTest.scala[0m
2024.04.22 12:11:01 WARN  Could not load snapshot text for /Users/mateusoliveirasantos/Documents/estudos/unb/tec_prog/code/the-one/src/test/scala/TheOneTest.scala[0m
2024.04.22 12:11:01 INFO  time: compiled the-one-test in 0.45s[0m
something's wrong: no file:///Users/mateusoliveirasantos/Documents/estudos/unb/tec_prog/code/the-one/src/main/scala/Main.scala in (String, <error>)RangePosition(file:///Users/mateusoliveirasantos/Documents/estudos/unb/tec_prog/code/the-one/src/main/scala/Main.scala, 1166, 1166, 1184)
2024.04.22 12:12:13 INFO  compiling the-one (1 scala source)[0m
2024.04.22 12:12:13 WARN  Using indexes to guess the definition of Int[0m
2024.04.22 12:12:13 INFO  time: compiled the-one in 92ms[0m
2024.04.22 12:12:20 INFO  compiling the-one (1 scala source)[0m
2024.04.22 12:12:20 INFO  time: compiled the-one in 41ms[0m
2024.04.22 12:12:33 INFO  compiling the-one (1 scala source)[0m
2024.04.22 12:12:33 INFO  time: compiled the-one in 74ms[0m
2024.04.22 12:12:58 INFO  compiling the-one (1 scala source)[0m
2024.04.22 12:12:58 INFO  time: compiled the-one in 0.1s[0m
Apr 22, 2024 12:14:08 PM org.eclipse.lsp4j.jsonrpc.RemoteEndpoint handleCancellation
WARNING: Unmatched cancel notification for request id 16409
Apr 22, 2024 12:14:08 PM org.eclipse.lsp4j.jsonrpc.RemoteEndpoint handleCancellation
WARNING: Unmatched cancel notification for request id 16417
2024.04.22 12:14:28 ERROR Failed to tokenize input for semantic tokens for /Users/mateusoliveirasantos/Documents/estudos/unb/tec_prog/code/the-one/src/main/scala/Main.scala
scala.meta.tokenizers.TokenizeException: <input>:44: error: unclosed string literal
    ordFreqWords.slice(0, num).foldRight("")((wordFreq: (String, Int), acc: String) => wordFreq._1 + " - " + wordFreq._2.toString() + ")
                                                                                                                                      ^
	at scala.meta.internal.tokenizers.Reporter.syntaxError(Reporter.scala:23)
	at scala.meta.internal.tokenizers.Reporter.syntaxError$(Reporter.scala:23)
	at scala.meta.internal.tokenizers.Reporter$$anon$1.syntaxError(Reporter.scala:33)
	at scala.meta.internal.tokenizers.Reporter.syntaxError(Reporter.scala:25)
	at scala.meta.internal.tokenizers.Reporter.syntaxError$(Reporter.scala:25)
	at scala.meta.internal.tokenizers.Reporter$$anon$1.syntaxError(Reporter.scala:33)
	at scala.meta.internal.tokenizers.LegacyScanner.getStringLit(LegacyScanner.scala:560)
	at scala.meta.internal.tokenizers.LegacyScanner.fetchDoubleQuote$1(LegacyScanner.scala:379)
	at scala.meta.internal.tokenizers.LegacyScanner.fetchToken(LegacyScanner.scala:383)
	at scala.meta.internal.tokenizers.LegacyScanner.nextToken(LegacyScanner.scala:214)
	at scala.meta.internal.tokenizers.LegacyScanner.foreach(LegacyScanner.scala:982)
	at scala.meta.internal.tokenizers.ScalametaTokenizer.uncachedTokenize(ScalametaTokenizer.scala:23)
	at scala.meta.internal.tokenizers.ScalametaTokenizer.$anonfun$tokenize$1(ScalametaTokenizer.scala:16)
	at scala.collection.concurrent.TrieMap.getOrElseUpdate(TrieMap.scala:960)
	at scala.meta.internal.tokenizers.ScalametaTokenizer.tokenize(ScalametaTokenizer.scala:16)
	at scala.meta.internal.tokenizers.ScalametaTokenizer$$anon$2.apply(ScalametaTokenizer.scala:331)
	at scala.meta.tokenizers.Api$XtensionTokenizeDialectInput.tokenize(Api.scala:25)
	at scala.meta.tokenizers.Api$XtensionTokenizeInputLike.tokenize(Api.scala:14)
	at scala.meta.internal.metals.SemanticTokensProvider$.getTokens(SemanticTokensProvider.scala:30)
	at scala.meta.internal.metals.SemanticTokensProvider$.provide(SemanticTokensProvider.scala:89)
	at scala.meta.internal.metals.Compilers.$anonfun$semanticTokens$3(Compilers.scala:597)
	at scala.concurrent.impl.Promise$Transformation.run(Promise.scala:467)
	at java.util.concurrent.ThreadPoolExecutor.runWorker(ThreadPoolExecutor.java:1144)
	at java.util.concurrent.ThreadPoolExecutor$Worker.run(ThreadPoolExecutor.java:642)
	at java.lang.Thread.run(Thread.java:1583)
[0m
2024.04.22 12:14:32 INFO  compiling the-one (1 scala source)[0m
2024.04.22 12:14:32 INFO  time: compiled the-one in 0.59s[0m
2024.04.22 12:14:34 INFO  compiling the-one (1 scala source)[0m
2024.04.22 12:14:34 INFO  time: compiled the-one in 0.39s[0m
Apr 22, 2024 12:15:06 PM org.eclipse.lsp4j.jsonrpc.RemoteEndpoint handleCancellation
WARNING: Unmatched cancel notification for request id 16651
2024.04.22 12:15:07 INFO  compiling the-one-test (1 scala source)[0m
2024.04.22 12:15:07 INFO  time: compiled the-one-test in 0.47s[0m
2024.04.22 12:15:12 ERROR Failed to tokenize input for semantic tokens for /Users/mateusoliveirasantos/Documents/estudos/unb/tec_prog/code/the-one/src/test/scala/TheOneTest.scala
scala.meta.tokenizers.TokenizeException: <input>:61: error: unclosed string literal
        ) == "
             ^
	at scala.meta.internal.tokenizers.Reporter.syntaxError(Reporter.scala:23)
	at scala.meta.internal.tokenizers.Reporter.syntaxError$(Reporter.scala:23)
	at scala.meta.internal.tokenizers.Reporter$$anon$1.syntaxError(Reporter.scala:33)
	at scala.meta.internal.tokenizers.Reporter.syntaxError(Reporter.scala:25)
	at scala.meta.internal.tokenizers.Reporter.syntaxError$(Reporter.scala:25)
	at scala.meta.internal.tokenizers.Reporter$$anon$1.syntaxError(Reporter.scala:33)
	at scala.meta.internal.tokenizers.LegacyScanner.getStringLit(LegacyScanner.scala:560)
	at scala.meta.internal.tokenizers.LegacyScanner.fetchDoubleQuote$1(LegacyScanner.scala:379)
	at scala.meta.internal.tokenizers.LegacyScanner.fetchToken(LegacyScanner.scala:383)
	at scala.meta.internal.tokenizers.LegacyScanner.nextToken(LegacyScanner.scala:214)
	at scala.meta.internal.tokenizers.LegacyScanner.foreach(LegacyScanner.scala:982)
	at scala.meta.internal.tokenizers.ScalametaTokenizer.uncachedTokenize(ScalametaTokenizer.scala:23)
	at scala.meta.internal.tokenizers.ScalametaTokenizer.$anonfun$tokenize$1(ScalametaTokenizer.scala:16)
	at scala.collection.concurrent.TrieMap.getOrElseUpdate(TrieMap.scala:960)
	at scala.meta.internal.tokenizers.ScalametaTokenizer.tokenize(ScalametaTokenizer.scala:16)
	at scala.meta.internal.tokenizers.ScalametaTokenizer$$anon$2.apply(ScalametaTokenizer.scala:331)
	at scala.meta.tokenizers.Api$XtensionTokenizeDialectInput.tokenize(Api.scala:25)
	at scala.meta.tokenizers.Api$XtensionTokenizeInputLike.tokenize(Api.scala:14)
	at scala.meta.internal.metals.SemanticTokensProvider$.getTokens(SemanticTokensProvider.scala:30)
	at scala.meta.internal.metals.SemanticTokensProvider$.provide(SemanticTokensProvider.scala:89)
	at scala.meta.internal.metals.Compilers.$anonfun$semanticTokens$3(Compilers.scala:597)
	at scala.concurrent.impl.Promise$Transformation.run(Promise.scala:467)
	at java.util.concurrent.ThreadPoolExecutor.runWorker(ThreadPoolExecutor.java:1144)
	at java.util.concurrent.ThreadPoolExecutor$Worker.run(ThreadPoolExecutor.java:642)
	at java.lang.Thread.run(Thread.java:1583)
[0m
2024.04.22 12:15:18 ERROR Failed to tokenize input for semantic tokens for /Users/mateusoliveirasantos/Documents/estudos/unb/tec_prog/code/the-one/src/test/scala/TheOneTest.scala
scala.meta.tokenizers.TokenizeException: <input>:61: error: unclosed string literal
        ) == "w3 - 4\"
             ^
	at scala.meta.internal.tokenizers.Reporter.syntaxError(Reporter.scala:23)
	at scala.meta.internal.tokenizers.Reporter.syntaxError$(Reporter.scala:23)
	at scala.meta.internal.tokenizers.Reporter$$anon$1.syntaxError(Reporter.scala:33)
	at scala.meta.internal.tokenizers.Reporter.syntaxError(Reporter.scala:25)
	at scala.meta.internal.tokenizers.Reporter.syntaxError$(Reporter.scala:25)
	at scala.meta.internal.tokenizers.Reporter$$anon$1.syntaxError(Reporter.scala:33)
	at scala.meta.internal.tokenizers.LegacyScanner.getStringLit(LegacyScanner.scala:560)
	at scala.meta.internal.tokenizers.LegacyScanner.fetchDoubleQuote$1(LegacyScanner.scala:379)
	at scala.meta.internal.tokenizers.LegacyScanner.fetchToken(LegacyScanner.scala:383)
	at scala.meta.internal.tokenizers.LegacyScanner.nextToken(LegacyScanner.scala:214)
	at scala.meta.internal.tokenizers.LegacyScanner.foreach(LegacyScanner.scala:982)
	at scala.meta.internal.tokenizers.ScalametaTokenizer.uncachedTokenize(ScalametaTokenizer.scala:23)
	at scala.meta.internal.tokenizers.ScalametaTokenizer.$anonfun$tokenize$1(ScalametaTokenizer.scala:16)
	at scala.collection.concurrent.TrieMap.getOrElseUpdate(TrieMap.scala:960)
	at scala.meta.internal.tokenizers.ScalametaTokenizer.tokenize(ScalametaTokenizer.scala:16)
	at scala.meta.internal.tokenizers.ScalametaTokenizer$$anon$2.apply(ScalametaTokenizer.scala:331)
	at scala.meta.tokenizers.Api$XtensionTokenizeDialectInput.tokenize(Api.scala:25)
	at scala.meta.tokenizers.Api$XtensionTokenizeInputLike.tokenize(Api.scala:14)
	at scala.meta.internal.metals.SemanticTokensProvider$.getTokens(SemanticTokensProvider.scala:30)
	at scala.meta.internal.metals.SemanticTokensProvider$.provide(SemanticTokensProvider.scala:89)
	at scala.meta.internal.metals.Compilers.$anonfun$semanticTokens$3(Compilers.scala:597)
	at scala.concurrent.impl.Promise$Transformation.run(Promise.scala:467)
	at java.util.concurrent.ThreadPoolExecutor.runWorker(ThreadPoolExecutor.java:1144)
	at java.util.concurrent.ThreadPoolExecutor$Worker.run(ThreadPoolExecutor.java:642)
	at java.lang.Thread.run(Thread.java:1583)
[0m
2024.04.22 12:15:23 INFO  compiling the-one-test (1 scala source)[0m
2024.04.22 12:15:23 INFO  time: compiled the-one-test in 0.45s[0m
2024.04.22 12:16:29 INFO  compiling the-one-test (1 scala source)[0m
2024.04.22 12:16:29 INFO  time: compiled the-one-test in 0.44s[0m
2024.04.22 12:16:38 ERROR Failed to tokenize input for semantic tokens for /Users/mateusoliveirasantos/Documents/estudos/unb/tec_prog/code/the-one/src/test/scala/TheOneTest.scala
scala.meta.tokenizers.TokenizeException: <input>:61: error: unclosed string literal
        ) == "w3 - 4\nw1 - 2\"
             ^
	at scala.meta.internal.tokenizers.Reporter.syntaxError(Reporter.scala:23)
	at scala.meta.internal.tokenizers.Reporter.syntaxError$(Reporter.scala:23)
	at scala.meta.internal.tokenizers.Reporter$$anon$1.syntaxError(Reporter.scala:33)
	at scala.meta.internal.tokenizers.Reporter.syntaxError(Reporter.scala:25)
	at scala.meta.internal.tokenizers.Reporter.syntaxError$(Reporter.scala:25)
	at scala.meta.internal.tokenizers.Reporter$$anon$1.syntaxError(Reporter.scala:33)
	at scala.meta.internal.tokenizers.LegacyScanner.getStringLit(LegacyScanner.scala:560)
	at scala.meta.internal.tokenizers.LegacyScanner.fetchDoubleQuote$1(LegacyScanner.scala:379)
	at scala.meta.internal.tokenizers.LegacyScanner.fetchToken(LegacyScanner.scala:383)
	at scala.meta.internal.tokenizers.LegacyScanner.nextToken(LegacyScanner.scala:214)
	at scala.meta.internal.tokenizers.LegacyScanner.foreach(LegacyScanner.scala:982)
	at scala.meta.internal.tokenizers.ScalametaTokenizer.uncachedTokenize(ScalametaTokenizer.scala:23)
	at scala.meta.internal.tokenizers.ScalametaTokenizer.$anonfun$tokenize$1(ScalametaTokenizer.scala:16)
	at scala.collection.concurrent.TrieMap.getOrElseUpdate(TrieMap.scala:960)
	at scala.meta.internal.tokenizers.ScalametaTokenizer.tokenize(ScalametaTokenizer.scala:16)
	at scala.meta.internal.tokenizers.ScalametaTokenizer$$anon$2.apply(ScalametaTokenizer.scala:331)
	at scala.meta.tokenizers.Api$XtensionTokenizeDialectInput.tokenize(Api.scala:25)
	at scala.meta.tokenizers.Api$XtensionTokenizeInputLike.tokenize(Api.scala:14)
	at scala.meta.internal.metals.SemanticTokensProvider$.getTokens(SemanticTokensProvider.scala:30)
	at scala.meta.internal.metals.SemanticTokensProvider$.provide(SemanticTokensProvider.scala:89)
	at scala.meta.internal.metals.Compilers.$anonfun$semanticTokens$3(Compilers.scala:597)
	at scala.concurrent.impl.Promise$Transformation.run(Promise.scala:467)
	at java.util.concurrent.ThreadPoolExecutor.runWorker(ThreadPoolExecutor.java:1144)
	at java.util.concurrent.ThreadPoolExecutor$Worker.run(ThreadPoolExecutor.java:642)
	at java.lang.Thread.run(Thread.java:1583)
[0m
2024.04.22 12:16:39 INFO  compiling the-one-test (1 scala source)[0m
2024.04.22 12:16:39 INFO  time: compiled the-one-test in 0.45s[0m
Apr 22, 2024 12:16:55 PM org.eclipse.lsp4j.jsonrpc.RemoteEndpoint handleCancellation
WARNING: Unmatched cancel notification for request id 16811
2024.04.22 12:16:56 INFO  compiling the-one-test (1 scala source)[0m
2024.04.22 12:16:56 INFO  Deduplicating compilation of the-one-test from bsp client 'Metals 1.3.0' (since 42h 36m 11.912s)[0m
2024.04.22 12:16:56 INFO  compiling the-one-test (1 scala source)[0m
Apr 22, 2024 12:16:56 PM scala.meta.internal.pc.CompilerAccess retryWithCleanCompiler
INFO: compiler crashed due to an error in the Scala compiler, retrying with new compiler instance.
2024.04.22 12:16:56 INFO  time: compiled the-one-test in 0.37s[0m
2024.04.22 12:17:01 INFO  compiling the-one (1 scala source)[0m
2024.04.22 12:17:01 INFO  time: compiled the-one in 0.47s[0m
2024.04.22 12:17:25 INFO  compiling the-one (1 scala source)[0m
2024.04.22 12:17:25 INFO  time: compiled the-one in 0.49s[0m
2024.04.22 12:17:27 INFO  compiling the-one-test (1 scala source)[0m
2024.04.22 12:17:27 INFO  time: compiled the-one-test in 0.12s[0m
2024.04.22 12:17:31 INFO  compiling the-one-test (1 scala source)[0m
2024.04.22 12:17:31 INFO  time: compiled the-one-test in 0.38s[0m
Apr 22, 2024 12:18:37 PM org.eclipse.lsp4j.jsonrpc.RemoteEndpoint handleCancellation
WARNING: Unmatched cancel notification for request id 16950
2024.04.22 12:19:02 INFO  Deduplicating compilation of the-one from bsp client 'Metals 1.3.0' (since 42h 38m 18.07s)[0m
2024.04.22 12:19:02 INFO  compiling the-one (1 scala source)[0m
2024.04.22 12:19:02 INFO  compiling the-one (1 scala source)[0m
2024.04.22 12:19:02 INFO  time: compiled the-one in 94ms[0m
2024.04.22 12:19:02 INFO  compiling the-one (1 scala source)[0m
2024.04.22 12:19:02 INFO  time: compiled the-one in 0.14s[0m
2024.04.22 12:19:06 INFO  compiling the-one (1 scala source)[0m
2024.04.22 12:19:06 INFO  time: compiled the-one in 82ms[0m
2024.04.22 12:19:06 INFO  compiling the-one (1 scala source)[0m
2024.04.22 12:19:06 INFO  time: compiled the-one in 73ms[0m
Apr 22, 2024 12:19:07 PM scala.meta.internal.pc.CompilerAccess retryWithCleanCompiler
INFO: compiler crashed due to an error in the Scala compiler, retrying with new compiler instance.
2024.04.22 12:19:10 INFO  compiling the-one (1 scala source)[0m
2024.04.22 12:19:10 INFO  time: compiled the-one in 0.44s[0m
2024.04.22 12:19:13 INFO  compiling the-one-test (1 scala source)[0m
2024.04.22 12:19:13 INFO  time: compiled the-one-test in 99ms[0m
2024.04.22 12:19:18 WARN  Using indexes to guess the definition of filterChars[0m
2024.04.22 12:19:22 INFO  compiling the-one-test (1 scala source)[0m
2024.04.22 12:19:22 INFO  time: compiled the-one-test in 0.42s[0m
2024.04.22 12:20:09 INFO  compiling the-one (1 scala source)[0m
2024.04.22 12:20:09 INFO  time: compiled the-one in 79ms[0m
2024.04.22 12:20:26 INFO  compiling the-one (1 scala source)[0m
2024.04.22 12:20:26 INFO  time: compiled the-one in 0.43s[0m
2024.04.22 12:21:33 INFO  compiling the-one (1 scala source)[0m
2024.04.22 12:21:33 INFO  time: compiled the-one in 0.56s[0m
2024.04.22 12:22:22 INFO  compiling the-one (1 scala source)[0m
2024.04.22 12:22:22 INFO  time: compiled the-one in 0.51s[0m
2024.04.22 12:22:41 INFO  compiling the-one (1 scala source)[0m
2024.04.22 12:22:41 INFO  time: compiled the-one in 0.15s[0m
2024.04.22 12:23:05 INFO  compiling the-one (1 scala source)[0m
2024.04.22 12:23:05 INFO  time: compiled the-one in 91ms[0m
2024.04.22 12:23:15 INFO  compiling the-one (1 scala source)[0m
2024.04.22 12:23:16 WARN  Using indexes to guess the definition of Any[0m
2024.04.22 12:23:15 INFO  time: compiled the-one in 0.64s[0m
2024.04.22 12:23:28 WARN  Could not load snapshot text for /Users/mateusoliveirasantos/Documents/estudos/unb/tec_prog/code/the-one/src/main/scala/Main.scala[0m
2024.04.22 12:23:28 WARN  Could not load snapshot text for /Users/mateusoliveirasantos/Documents/estudos/unb/tec_prog/code/the-one/src/main/scala/Main.scala[0m
2024.04.22 12:23:28 INFO  compiling the-one (1 scala source)[0m
2024.04.22 12:23:28 INFO  time: compiled the-one in 0.51s[0m
2024.04.22 12:23:56 INFO  compiling the-one (1 scala source)[0m
2024.04.22 12:23:56 INFO  time: compiled the-one in 0.54s[0m
Apr 22, 2024 12:25:10 PM org.eclipse.lsp4j.jsonrpc.RemoteEndpoint handleCancellation
WARNING: Unmatched cancel notification for request id 18136
2024.04.22 12:25:15 WARN  Using indexes to guess the definition of bind[0m
2024.04.22 12:25:16 WARN  Using indexes to guess the definition of filterChars[0m
Apr 22, 2024 12:25:19 PM org.eclipse.lsp4j.jsonrpc.RemoteEndpoint handleCancellation
WARNING: Unmatched cancel notification for request id 18191
2024.04.22 12:25:23 INFO  compiling the-one (1 scala source)[0m
2024.04.22 12:25:23 INFO  time: compiled the-one in 0.14s[0m
2024.04.22 12:25:55 INFO  compiling the-one (1 scala source)[0m
2024.04.22 12:25:55 INFO  time: compiled the-one in 0.13s[0m
2024.04.22 12:26:00 INFO  compiling the-one (1 scala source)[0m
2024.04.22 12:26:00 INFO  time: compiled the-one in 90ms[0m
2024.04.22 12:27:16 INFO  compiling the-one (1 scala source)[0m
2024.04.22 12:27:16 INFO  time: compiled the-one in 0.12s[0m
2024.04.22 12:27:25 WARN  Using indexes to guess the definition of filterChars[0m
2024.04.22 12:27:25 INFO  compiling the-one (1 scala source)[0m
2024.04.22 12:27:25 WARN  Using indexes to guess the definition of readFile[0m
2024.04.22 12:27:25 INFO  time: compiled the-one in 92ms[0m
2024.04.22 12:27:29 WARN  Using indexes to guess the definition of normalize[0m
2024.04.22 12:27:29 INFO  compiling the-one (1 scala source)[0m
2024.04.22 12:27:29 INFO  time: compiled the-one in 0.11s[0m
2024.04.22 12:27:32 INFO  compiling the-one (1 scala source)[0m
2024.04.22 12:27:32 INFO  time: compiled the-one in 84ms[0m
2024.04.22 12:27:37 WARN  Using indexes to guess the definition of String[0m
2024.04.22 12:27:42 INFO  compiling the-one (1 scala source)[0m
2024.04.22 12:27:42 INFO  time: compiled the-one in 0.12s[0m
2024.04.22 12:34:28 WARN  Using indexes to guess the definition of TheOne[0m
2024.04.22 12:34:28 WARN  Using indexes to guess the definition of TheOne[0m
2024.04.22 12:34:28 INFO  compiling the-one (1 scala source)[0m
2024.04.22 12:34:28 INFO  time: compiled the-one in 0.14s[0m
2024.04.22 12:34:41 INFO  compiling the-one (1 scala source)[0m
2024.04.22 12:34:41 INFO  time: compiled the-one in 87ms[0m
2024.04.22 12:34:52 INFO  compiling the-one (1 scala source)[0m
2024.04.22 12:34:52 INFO  time: compiled the-one in 98ms[0m
Apr 22, 2024 12:35:14 PM org.eclipse.lsp4j.jsonrpc.RemoteEndpoint handleCancellation
WARNING: Unmatched cancel notification for request id 18765
2024.04.22 12:35:39 WARN  Using indexes to guess the definition of path[0m
2024.04.22 12:35:55 INFO  compiling the-one (1 scala source)[0m
2024.04.22 12:35:55 INFO  time: compiled the-one in 0.13s[0m
2024.04.22 12:36:14 INFO  compiling the-one (1 scala source)[0m
2024.04.22 12:36:14 INFO  time: compiled the-one in 92ms[0m
2024.04.22 12:36:17 INFO  Shutting down server[0m
2024.04.22 12:36:17 INFO  shutting down Metals[0m
2024.04.22 12:36:17 INFO  Shut down connection with build server.[0m
2024.04.22 12:36:17 INFO  Shut down connection with build server.[0m
2024.04.22 12:36:17 INFO  Exiting server[0m
2024.04.22 12:36:21 INFO  Started: Metals version 1.3.0 in folders '/Users/mateusoliveirasantos/Documents/estudos/unb/tec_prog/code/the-one' for client Visual Studio Code 1.88.1.[0m
SLF4J: Class path contains multiple SLF4J providers.
SLF4J: Found provider [scribe.slf4j.ScribeServiceProvider@169da321]
SLF4J: Found provider [ch.qos.logback.classic.spi.LogbackServiceProvider@75c2e3ab]
SLF4J: See https://www.slf4j.org/codes.html#multiple_bindings for an explanation.
SLF4J: Actual provider is of type [scribe.slf4j.ScribeServiceProvider@169da321]
2024.04.22 12:36:21 WARN  Flyway upgrade recommended: H2 2.2.224 is newer than this version of Flyway and support has not been tested. The latest supported version of H2 is 2.2.220.[0m
2024.04.22 12:36:22 INFO  Attempting to connect to the build server...[0m
2024.04.22 12:36:22 INFO  tracing is disabled for protocol BSP, to enable tracing of incoming and outgoing JSON messages create an empty file at /Users/mateusoliveirasantos/Documents/estudos/unb/tec_prog/code/the-one/.metals/bsp.trace.json or /Users/mateusoliveirasantos/Library/Caches/org.scalameta.metals/bsp.trace.json[0m
2024.04.22 12:36:23 INFO  Attempting to connect to the build server...[0m
2024.04.22 12:36:23 INFO  tracing is disabled for protocol BSP, to enable tracing of incoming and outgoing JSON messages create an empty file at /Users/mateusoliveirasantos/Documents/estudos/unb/tec_prog/code/the-one/project/.metals/bsp.trace.json or /Users/mateusoliveirasantos/Library/Caches/org.scalameta.metals/bsp.trace.json[0m
2024.04.22 12:36:23 INFO  time: Connected to build server in 0.76s[0m
2024.04.22 12:36:23 INFO  Connected to Build server: Bloop v1.5.17[0m
2024.04.22 12:36:30 INFO  no build target found for /Users/mateusoliveirasantos/Documents/estudos/unb/tec_prog/code/the-one/src/main/scala/Main.scala. Using presentation compiler with project's scala-library version: 3.3.3[0m
2024.04.22 12:36:32 INFO  time: indexed workspace in 2.51s[0m
2024.04.22 12:36:38 INFO  compiling the-one (1 scala source)[0m
2024.04.22 12:36:38 INFO  time: compiled the-one in 0.23s[0m
2024.04.22 12:36:38 INFO  compiling the-one (1 scala source)[0m
2024.04.22 12:36:38 INFO  time: compiled the-one in 0.11s[0m
Apr 22, 2024 12:37:03 PM org.eclipse.lsp4j.jsonrpc.RemoteEndpoint handleCancellation
WARNING: Unmatched cancel notification for request id 28
2024.04.22 12:37:13 INFO  compiling the-one (1 scala source)[0m
2024.04.22 12:37:13 INFO  time: compiled the-one in 0.11s[0m
2024.04.22 12:37:13 INFO  compiling the-one (1 scala source)[0m
2024.04.22 12:37:13 INFO  time: compiled the-one in 71ms[0m
2024.04.22 12:37:41 INFO  compiling the-one (1 scala source)[0m
2024.04.22 12:37:41 INFO  time: compiled the-one in 0.14s[0m
2024.04.22 12:37:44 INFO  compiling the-one (1 scala source)[0m
2024.04.22 12:37:44 INFO  time: compiled the-one in 82ms[0m
2024.04.22 12:38:14 WARN  Using indexes to guess the definition of TheOne[0m
2024.04.22 12:38:15 INFO  compiling the-one (1 scala source)[0m
2024.04.22 12:38:15 INFO  time: compiled the-one in 0.12s[0m
2024.04.22 12:38:17 INFO  compiling the-one (1 scala source)[0m
2024.04.22 12:38:17 INFO  time: compiled the-one in 78ms[0m
2024.04.22 12:38:26 INFO  compiling the-one (1 scala source)[0m
2024.04.22 12:38:26 INFO  time: compiled the-one in 81ms[0m
2024.04.22 12:38:34 INFO  compiling the-one (1 scala source)[0m
2024.04.22 12:38:34 INFO  time: compiled the-one in 51ms[0m
2024.04.22 12:38:37 INFO  compiling the-one (1 scala source)[0m
2024.04.22 12:38:37 INFO  time: compiled the-one in 67ms[0m
2024.04.22 12:39:05 WARN  Using indexes to guess the definition of TheOne[0m
2024.04.22 12:39:06 INFO  compiling the-one (1 scala source)[0m
2024.04.22 12:39:06 INFO  time: compiled the-one in 0.77s[0m
2024.04.22 12:39:12 WARN  Could not load snapshot text for /Users/mateusoliveirasantos/Documents/estudos/unb/tec_prog/code/the-one/src/main/scala/Main.scala[0m
2024.04.22 12:39:12 INFO  compiling the-one (1 scala source)[0m
2024.04.22 12:39:12 WARN  Could not load snapshot text for /Users/mateusoliveirasantos/Documents/estudos/unb/tec_prog/code/the-one/src/main/scala/Main.scala[0m
2024.04.22 12:39:12 INFO  time: compiled the-one in 80ms[0m
2024.04.22 12:39:13 WARN  Could not load snapshot text for /Users/mateusoliveirasantos/Documents/estudos/unb/tec_prog/code/the-one/src/main/scala/Main.scala[0m
2024.04.22 12:39:13 WARN  Could not load snapshot text for /Users/mateusoliveirasantos/Documents/estudos/unb/tec_prog/code/the-one/src/main/scala/Main.scala[0m
2024.04.22 12:39:23 WARN  Could not load snapshot text for /Users/mateusoliveirasantos/Documents/estudos/unb/tec_prog/code/the-one/src/main/scala/Main.scala[0m
2024.04.22 12:39:23 WARN  Could not load snapshot text for /Users/mateusoliveirasantos/Documents/estudos/unb/tec_prog/code/the-one/src/main/scala/Main.scala[0m
2024.04.22 12:39:23 WARN  Using indexes to guess the definition of TheOne[0m
2024.04.22 12:39:23 WARN  Could not load snapshot text for /Users/mateusoliveirasantos/Documents/estudos/unb/tec_prog/code/the-one/src/main/scala/Main.scala[0m
2024.04.22 12:39:23 WARN  Could not load snapshot text for /Users/mateusoliveirasantos/Documents/estudos/unb/tec_prog/code/the-one/src/main/scala/Main.scala[0m
2024.04.22 12:40:02 WARN  Using indexes to guess the definition of TheOne[0m
2024.04.22 12:40:02 INFO  compiling the-one (1 scala source)[0m
2024.04.22 12:40:02 INFO  time: compiled the-one in 99ms[0m
2024.04.22 12:40:08 INFO  compiling the-one (1 scala source)[0m
2024.04.22 12:40:08 INFO  time: compiled the-one in 0.51s[0m
2024.04.22 12:40:11 INFO  compiling the-one (1 scala source)[0m
2024.04.22 12:40:11 INFO  time: compiled the-one in 0.44s[0m
2024.04.22 12:40:19 WARN  Using indexes to guess the definition of WordCounter[0m
2024.04.22 12:40:19 INFO  compiling the-one (1 scala source)[0m
2024.04.22 12:40:19 INFO  time: compiled the-one in 74ms[0m
2024.04.22 12:40:19 WARN  Could not load snapshot text for /Users/mateusoliveirasantos/Documents/estudos/unb/tec_prog/code/the-one/src/main/scala/Main.scala[0m
2024.04.22 12:40:22 WARN  Could not load snapshot text for /Users/mateusoliveirasantos/Documents/estudos/unb/tec_prog/code/the-one/src/main/scala/Main.scala[0m
2024.04.22 12:40:22 WARN  Could not load snapshot text for /Users/mateusoliveirasantos/Documents/estudos/unb/tec_prog/code/the-one/src/main/scala/Main.scala[0m
2024.04.22 12:40:22 WARN  Could not load snapshot text for /Users/mateusoliveirasantos/Documents/estudos/unb/tec_prog/code/the-one/src/main/scala/Main.scala[0m
2024.04.22 12:40:22 WARN  Could not load snapshot text for /Users/mateusoliveirasantos/Documents/estudos/unb/tec_prog/code/the-one/src/main/scala/Main.scala[0m
2024.04.22 12:40:22 WARN  Could not load snapshot text for /Users/mateusoliveirasantos/Documents/estudos/unb/tec_prog/code/the-one/src/main/scala/Main.scala[0m
2024.04.22 12:40:22 INFO  compiling the-one (1 scala source)[0m
2024.04.22 12:40:22 WARN  Could not load snapshot text for /Users/mateusoliveirasantos/Documents/estudos/unb/tec_prog/code/the-one/src/main/scala/Main.scala[0m
2024.04.22 12:40:22 WARN  Could not load snapshot text for /Users/mateusoliveirasantos/Documents/estudos/unb/tec_prog/code/the-one/src/main/scala/Main.scala[0m
2024.04.22 12:40:22 WARN  Could not load snapshot text for /Users/mateusoliveirasantos/Documents/estudos/unb/tec_prog/code/the-one/src/main/scala/Main.scala[0m
2024.04.22 12:40:22 WARN  Could not load snapshot text for /Users/mateusoliveirasantos/Documents/estudos/unb/tec_prog/code/the-one/src/main/scala/Main.scala[0m
2024.04.22 12:40:22 INFO  time: compiled the-one in 70ms[0m
2024.04.22 12:40:22 WARN  Could not load snapshot text for /Users/mateusoliveirasantos/Documents/estudos/unb/tec_prog/code/the-one/src/main/scala/Main.scala[0m
2024.04.22 12:40:22 WARN  Could not load snapshot text for /Users/mateusoliveirasantos/Documents/estudos/unb/tec_prog/code/the-one/src/main/scala/Main.scala[0m
2024.04.22 12:40:22 WARN  Could not load snapshot text for /Users/mateusoliveirasantos/Documents/estudos/unb/tec_prog/code/the-one/src/main/scala/Main.scala[0m
2024.04.22 12:40:23 WARN  Could not load snapshot text for /Users/mateusoliveirasantos/Documents/estudos/unb/tec_prog/code/the-one/src/main/scala/Main.scala[0m
2024.04.22 12:40:25 WARN  Could not load snapshot text for /Users/mateusoliveirasantos/Documents/estudos/unb/tec_prog/code/the-one/src/main/scala/Main.scala[0m
2024.04.22 12:40:25 WARN  Could not load snapshot text for /Users/mateusoliveirasantos/Documents/estudos/unb/tec_prog/code/the-one/src/main/scala/Main.scala[0m
2024.04.22 12:40:27 WARN  Could not load snapshot text for /Users/mateusoliveirasantos/Documents/estudos/unb/tec_prog/code/the-one/src/main/scala/Main.scala[0m
2024.04.22 12:40:28 WARN  Could not load snapshot text for /Users/mateusoliveirasantos/Documents/estudos/unb/tec_prog/code/the-one/src/main/scala/Main.scala[0m
2024.04.22 12:40:29 WARN  Could not load snapshot text for /Users/mateusoliveirasantos/Documents/estudos/unb/tec_prog/code/the-one/src/main/scala/Main.scala[0m
2024.04.22 12:40:29 WARN  Could not load snapshot text for /Users/mateusoliveirasantos/Documents/estudos/unb/tec_prog/code/the-one/src/main/scala/Main.scala[0m
2024.04.22 12:40:30 WARN  Could not load snapshot text for /Users/mateusoliveirasantos/Documents/estudos/unb/tec_prog/code/the-one/src/main/scala/Main.scala[0m
2024.04.22 12:40:34 WARN  Using indexes to guess the definition of Either[0m
2024.04.22 12:40:36 INFO  compiling the-one (1 scala source)[0m
2024.04.22 12:40:36 INFO  time: compiled the-one in 0.14s[0m
2024.04.22 12:40:36 WARN  Using indexes to guess the definition of String[0m
2024.04.22 12:40:39 INFO  compiling the-one (1 scala source)[0m
2024.04.22 12:40:39 INFO  time: compiled the-one in 68ms[0m
2024.04.22 12:40:41 WARN  Using indexes to guess the definition of Map[0m
2024.04.22 12:40:44 WARN  Using indexes to guess the definition of Either[0m
2024.04.22 12:40:44 INFO  compiling the-one (1 scala source)[0m
2024.04.22 12:40:44 INFO  time: compiled the-one in 73ms[0m
2024.04.22 12:41:06 INFO  compiling the-one (1 scala source)[0m
2024.04.22 12:41:06 INFO  time: compiled the-one in 72ms[0m
Apr 22, 2024 12:41:14 PM org.eclipse.lsp4j.jsonrpc.RemoteEndpoint handleCancellation
WARNING: Unmatched cancel notification for request id 873
2024.04.22 12:41:14 INFO  compiling the-one (1 scala source)[0m
2024.04.22 12:41:14 INFO  time: compiled the-one in 81ms[0m
Apr 22, 2024 12:43:24 PM org.eclipse.lsp4j.jsonrpc.RemoteEndpoint handleCancellation
WARNING: Unmatched cancel notification for request id 923
Apr 22, 2024 12:43:24 PM org.eclipse.lsp4j.jsonrpc.RemoteEndpoint handleCancellation
WARNING: Unmatched cancel notification for request id 924
2024.04.22 12:43:28 INFO  compiling the-one (1 scala source)[0m
2024.04.22 12:43:28 INFO  time: compiled the-one in 0.12s[0m
2024.04.22 12:43:36 INFO  compiling the-one (1 scala source)[0m
2024.04.22 12:43:36 INFO  time: compiled the-one in 80ms[0m
